[35m[Appium][39m Welcome to Appium v1.22.1
[35m[Appium][39m Non-default server args:
[35m[Appium][39m   port: 50540
[35m[Appium][39m   loglevel: info
[35m[Appium][39m   tmpDir: C:\Users\00139711\AppData\Local\Temp\\Katalon\Appium\Temp1671525755080
[35m[Appium][39m   chromedriverPort: 50541
[35m[Appium][39m Deprecated server args:
[35m[Appium][39m   [31m--chromedriver-port[39m => --default-capabilities
[35m[Appium][39m Default capabilities, which will be added to each request unless overridden by desired capabilities:
[35m[Appium][39m   chromedriverPort: 50541
[35m[Appium][39m Appium REST http interface listener started on 0.0.0.0:50540
[35m[HTTP][39m [37m-->[39m [37mGET[39m [37m/wd/hub/status[39m
[35m[HTTP][39m [90m{}[39m
[35m[HTTP][39m [37m<-- GET /wd/hub/status [39m[32m200[39m [90m7 ms - 68[39m
[35m[HTTP][39m [90m[39m
[35m[HTTP][39m [37m-->[39m [37mPOST[39m [37m/wd/hub/session[39m
[35m[HTTP][39m [90m{"desiredCapabilities":{"appPackage":"com.android.settings","noReset":true,"AppWaitActivity":"*","deviceId":"N7U869LV456D5S8L","deviceName":"OPPO CPH1823 (Android 10)","platform":"ANDROID","appActivity":".Settings","newCommandTimeout":1800,"platformVersion":"10","automationName":"uiautomator2","autoGrantPermissions":true,"androidScreenshotPath":"/Screenshot","platformName":"Android","udid":"N7U869LV456D5S8L","systemPort":8255},"capabilities":{"firstMatch":[{"AppWaitActivity":"*","appium:androidScreenshotPath":"/Screenshot","appium:appActivity":".Settings","appium:appPackage":"com.android.settings","appium:autoGrantPermissions":true,"appium:automationName":"uiautomator2","deviceId":"N7U869LV456D5S8L","appium:deviceName":"OPPO CPH1823 (Android 10)","appium:newCommandTimeout":1800,"appium:noReset":true,"platform":"ANDROID","platformName":"android","appium:platformVersion":"10","appium:systemPort":8255,"appium:udid":"N7U869LV456D5S8L"}]}}[39m
[35m[BaseDriver][39m The following capabilities are not standard capabilities and should have an extension prefix:
[35m[BaseDriver][39m   AppWaitActivity
[35m[BaseDriver][39m   deviceId
[35m[BaseDriver][39m   platform
[35m[BaseDriver][39m   chromedriverPort
[35m[Appium][39m Appium v1.22.1 creating new AndroidUiautomator2Driver (v1.70.1) session
[35m[BaseDriver][39m The following capabilities were provided, but are not recognized by Appium:
[35m[BaseDriver][39m   AppWaitActivity
[35m[BaseDriver][39m   deviceId
[35m[BaseDriver][39m   platform
[35m[BaseDriver][39m Session created with session id: 7cba1e91-0025-44f3-853a-b787951543bd
[35m[UiAutomator2][39m Starting 'com.android.settings' directly on the device
[35m[ADB][39m Found 1 'build-tools' folders under 'C:\Users\00139711\.katalon\tools\android_sdk' (newest first):
[35m[ADB][39m     C:/Users/00139711/.katalon/tools/android_sdk/build-tools/29.0.3
[35m[ADB][39m Using 'adb.exe' from 'C:\Users\00139711\.katalon\tools\android_sdk\platform-tools\adb.exe'
[35m[AndroidDriver][39m Retrieving device list
[35m[AndroidDriver][39m Using device: N7U869LV456D5S8L
[35m[ADB][39m Using 'adb.exe' from 'C:\Users\00139711\.katalon\tools\android_sdk\platform-tools\adb.exe'
[35m[ADB][39m Getting device platform version
[35m[UiAutomator2][39m Relaxing hidden api policy
[35m[AndroidDriver][39m No app sent in, not parsing package/activity
[35m[ADB][39m Using 'apksigner.jar' from 'C:\Users\00139711\.katalon\tools\android_sdk\build-tools\29.0.3\lib\apksigner.jar'
[35m[ADB][39m 'C:\Users\00139711\AppData\Roaming\npm\node_modules\appium\node_modules\appium-uiautomator2-server\apks\appium-uiautomator2-server-v4.27.0.apk' is signed with the default certificate
[35m[ADB][39m 'C:\Users\00139711\AppData\Roaming\npm\node_modules\appium\node_modules\appium-uiautomator2-server\apks\appium-uiautomator2-server-debug-androidTest.apk' is signed with the default certificate
[35m[UiAutomator2][39m Server packages are not going to be (re)installed
[35m[ADB][39m Adding packages ["io.appium.settings","io.appium.uiautomator2.server","io.appium.uiautomator2.server.test"] to Doze whitelist
[35m[UiAutomator2][39m Starting UIAutomator2 server 4.27.0
[35m[UiAutomator2][39m Using UIAutomator2 server from 'C:\Users\00139711\AppData\Roaming\npm\node_modules\appium\node_modules\appium-uiautomator2-server\apks\appium-uiautomator2-server-v4.27.0.apk' and test from 'C:\Users\00139711\AppData\Roaming\npm\node_modules\appium\node_modules\appium-uiautomator2-server\apks\appium-uiautomator2-server-debug-androidTest.apk'
[35m[UiAutomator2][39m Waiting up to 30000ms for UiAutomator2 to be online...
[35m[WD Proxy][39m socket hang up
[35m[WD Proxy][39m socket hang up
[35m[WD Proxy][39m socket hang up
[35m[WD Proxy][39m Determined the downstream protocol as 'W3C'
[35m[AndroidDriver][39m Screen already unlocked, doing nothing
[35m[UiAutomator2][39m Starting 'com.android.settings/.Settings and waiting for 'com.android.settings/.Settings'
[35m[Appium][39m New AndroidUiautomator2Driver session created successfully, session 7cba1e91-0025-44f3-853a-b787951543bd added to master session list
[35m[HTTP][39m [37m<-- POST /wd/hub/session [39m[32m200[39m [90m9834 ms - 1376[39m
[35m[HTTP][39m [90m[39m
[35m[HTTP][39m [37m-->[39m [37mGET[39m [37m/wd/hub/session/7cba1e91-0025-44f3-853a-b787951543bd[39m
[35m[HTTP][39m [90m{}[39m
[35m[HTTP][39m [37m<-- GET /wd/hub/session/7cba1e91-0025-44f3-853a-b787951543bd [39m[32m200[39m [90m16 ms - 1330[39m
[35m[HTTP][39m [90m[39m
[35m[HTTP][39m [37m-->[39m [37mGET[39m [37m/wd/hub/session/7cba1e91-0025-44f3-853a-b787951543bd[39m
[35m[HTTP][39m [90m{}[39m
[35m[HTTP][39m [37m<-- GET /wd/hub/session/7cba1e91-0025-44f3-853a-b787951543bd [39m[32m200[39m [90m13 ms - 1330[39m
[35m[HTTP][39m [90m[39m
[35m[HTTP][39m [37m-->[39m [37mGET[39m [37m/wd/hub/status[39m
[35m[HTTP][39m [90m{}[39m
[35m[HTTP][39m [37m<-- GET /wd/hub/status [39m[32m200[39m [90m1 ms - 68[39m
[35m[HTTP][39m [90m[39m
[35m[HTTP][39m [37m-->[39m [37mPOST[39m [37m/wd/hub/session/7cba1e91-0025-44f3-853a-b787951543bd/timeouts[39m
[35m[HTTP][39m [90m{"implicit":10000}[39m
[35m[HTTP][39m [37m<-- POST /wd/hub/session/7cba1e91-0025-44f3-853a-b787951543bd/timeouts [39m[32m200[39m [90m2 ms - 14[39m
[35m[HTTP][39m [90m[39m
[35m[HTTP][39m [37m-->[39m [37mGET[39m [37m/wd/hub/session/7cba1e91-0025-44f3-853a-b787951543bd/screenshot[39m
[35m[HTTP][39m [90m{}[39m
[35m[HTTP][39m [37m<-- GET /wd/hub/session/7cba1e91-0025-44f3-853a-b787951543bd/screenshot [39m[32m200[39m [90m745 ms - 201676[39m
[35m[HTTP][39m [90m[39m
[35m[HTTP][39m [37m-->[39m [37mGET[39m [37m/wd/hub/session/7cba1e91-0025-44f3-853a-b787951543bd/window/rect[39m
[35m[HTTP][39m [90m{}[39m
[35m[HTTP][39m [37m<-- GET /wd/hub/session/7cba1e91-0025-44f3-853a-b787951543bd/window/rect [39m[32m200[39m [90m31 ms - 50[39m
[35m[HTTP][39m [90m[39m
[35m[HTTP][39m [37m-->[39m [37mGET[39m [37m/wd/hub/session/7cba1e91-0025-44f3-853a-b787951543bd/appium/device/system_bars[39m
[35m[HTTP][39m [90m{}[39m
[35m[HTTP][39m [37m<-- GET /wd/hub/session/7cba1e91-0025-44f3-853a-b787951543bd/appium/device/system_bars [39m[32m200[39m [90m150 ms - 148[39m
[35m[HTTP][39m [90m[39m
[35m[HTTP][39m [37m-->[39m [37mPOST[39m [37m/wd/hub/session/7cba1e91-0025-44f3-853a-b787951543bd/appium/device/activate_app[39m
[35m[HTTP][39m [90m{"bundleId":"com.maybank2u.life.dev"}[39m
[35m[HTTP][39m [37m<-- POST /wd/hub/session/7cba1e91-0025-44f3-853a-b787951543bd/appium/device/activate_app [39m[32m200[39m [90m554 ms - 14[39m
[35m[HTTP][39m [90m[39m
[35m[HTTP][39m [37m-->[39m [37mPOST[39m [37m/wd/hub/session/7cba1e91-0025-44f3-853a-b787951543bd/timeouts[39m
[35m[HTTP][39m [90m{"implicit":50}[39m
[35m[HTTP][39m [37m<-- POST /wd/hub/session/7cba1e91-0025-44f3-853a-b787951543bd/timeouts [39m[32m200[39m [90m2 ms - 14[39m
[35m[HTTP][39m [90m[39m
[35m[HTTP][39m [37m-->[39m [37mGET[39m [37m/wd/hub/session/7cba1e91-0025-44f3-853a-b787951543bd/window/rect[39m
[35m[HTTP][39m [90m{}[39m
[35m[HTTP][39m [37m<-- GET /wd/hub/session/7cba1e91-0025-44f3-853a-b787951543bd/window/rect [39m[32m200[39m [90m23 ms - 50[39m
[35m[HTTP][39m [90m[39m
[35m[HTTP][39m [37m-->[39m [37mPOST[39m [37m/wd/hub/session/7cba1e91-0025-44f3-853a-b787951543bd/elements[39m
[35m[HTTP][39m [90m{"using":"xpath","value":"//*[@class = 'android.widget.TextView' and (@text = 'Welcome to MAE by Maybank2u.\nAn app for whatever you want, whenever you want it.' or . = 'Welcome to MAE by Maybank2u.\nAn app for whatever you want, whenever you want it.')]"}[39m
[35m[HTTP][39m [37m<-- POST /wd/hub/session/7cba1e91-0025-44f3-853a-b787951543bd/elements [39m[32m200[39m [90m1289 ms - 12[39m
[35m[HTTP][39m [90m[39m
[35m[HTTP][39m [37m-->[39m [37mPOST[39m [37m/wd/hub/session/7cba1e91-0025-44f3-853a-b787951543bd/elements[39m
[35m[HTTP][39m [90m{"using":"xpath","value":"//*[@class = 'android.widget.TextView' and (@text = 'Welcome to MAE by Maybank2u.\nAn app for whatever you want, whenever you want it.' or . = 'Welcome to MAE by Maybank2u.\nAn app for whatever you want, whenever you want it.')]"}[39m
[35m[HTTP][39m [37m<-- POST /wd/hub/session/7cba1e91-0025-44f3-853a-b787951543bd/elements [39m[32m200[39m [90m4092 ms - 12[39m
[35m[HTTP][39m [90m[39m
[35m[HTTP][39m [37m-->[39m [37mPOST[39m [37m/wd/hub/session/7cba1e91-0025-44f3-853a-b787951543bd/timeouts[39m
[35m[HTTP][39m [90m{"implicit":10000}[39m
[35m[HTTP][39m [37m<-- POST /wd/hub/session/7cba1e91-0025-44f3-853a-b787951543bd/timeouts [39m[32m200[39m [90m1 ms - 14[39m
[35m[HTTP][39m [90m[39m
[35m[HTTP][39m [37m-->[39m [37mPOST[39m [37m/wd/hub/session/7cba1e91-0025-44f3-853a-b787951543bd/timeouts[39m
[35m[HTTP][39m [90m{"implicit":50}[39m
[35m[HTTP][39m [37m<-- POST /wd/hub/session/7cba1e91-0025-44f3-853a-b787951543bd/timeouts [39m[32m200[39m [90m1 ms - 14[39m
[35m[HTTP][39m [90m[39m
[35m[HTTP][39m [37m-->[39m [37mGET[39m [37m/wd/hub/session/7cba1e91-0025-44f3-853a-b787951543bd/window/rect[39m
[35m[HTTP][39m [90m{}[39m
[35m[HTTP][39m [37m<-- GET /wd/hub/session/7cba1e91-0025-44f3-853a-b787951543bd/window/rect [39m[32m200[39m [90m20 ms - 50[39m
[35m[HTTP][39m [90m[39m
[35m[HTTP][39m [37m-->[39m [37mPOST[39m [37m/wd/hub/session/7cba1e91-0025-44f3-853a-b787951543bd/elements[39m
[35m[HTTP][39m [90m{"using":"xpath","value":"//*[@class = 'android.widget.TextView' and (@text = 'Maybank2u' or . = 'Maybank2u')]"}[39m
[35m[HTTP][39m [37m<-- POST /wd/hub/session/7cba1e91-0025-44f3-853a-b787951543bd/elements [39m[32m200[39m [90m531 ms - 139[39m
[35m[HTTP][39m [90m[39m
[35m[HTTP][39m [37m-->[39m [37mGET[39m [37m/wd/hub/session/7cba1e91-0025-44f3-853a-b787951543bd/element/00000000-0000-0ba1-ffff-ffff00000036/location[39m
[35m[HTTP][39m [90m{}[39m
[35m[W3C (7cba1e91)][39m Driver proxy active, passing request on via HTTP proxy
[35m[WD Proxy][39m Replacing sessionId 9163b601-7a23-42a3-a081-a71bf07e3297 with 7cba1e91-0025-44f3-853a-b787951543bd
[35m[HTTP][39m [37m<-- GET /wd/hub/session/7cba1e91-0025-44f3-853a-b787951543bd/element/00000000-0000-0ba1-ffff-ffff00000036/location [39m[32m200[39m [90m28 ms - 79[39m
[35m[HTTP][39m [90m[39m
[35m[HTTP][39m [37m-->[39m [37mPOST[39m [37m/wd/hub/session/7cba1e91-0025-44f3-853a-b787951543bd/timeouts[39m
[35m[HTTP][39m [90m{"implicit":10000}[39m
[35m[HTTP][39m [37m<-- POST /wd/hub/session/7cba1e91-0025-44f3-853a-b787951543bd/timeouts [39m[32m200[39m [90m1 ms - 14[39m
[35m[HTTP][39m [90m[39m
[35m[HTTP][39m [37m-->[39m [37mPOST[39m [37m/wd/hub/session/7cba1e91-0025-44f3-853a-b787951543bd/element/00000000-0000-0ba1-ffff-ffff00000036/click[39m
[35m[HTTP][39m [90m{"id":"00000000-0000-0ba1-ffff-ffff00000036"}[39m
[35m[HTTP][39m [37m<-- POST /wd/hub/session/7cba1e91-0025-44f3-853a-b787951543bd/element/00000000-0000-0ba1-ffff-ffff00000036/click [39m[32m200[39m [90m58 ms - 14[39m
[35m[HTTP][39m [90m[39m
[35m[HTTP][39m [37m-->[39m [37mPOST[39m [37m/wd/hub/session/7cba1e91-0025-44f3-853a-b787951543bd/timeouts[39m
[35m[HTTP][39m [90m{"implicit":50}[39m
[35m[HTTP][39m [37m<-- POST /wd/hub/session/7cba1e91-0025-44f3-853a-b787951543bd/timeouts [39m[32m200[39m [90m1 ms - 14[39m
[35m[HTTP][39m [90m[39m
[35m[HTTP][39m [37m-->[39m [37mGET[39m [37m/wd/hub/session/7cba1e91-0025-44f3-853a-b787951543bd/window/rect[39m
[35m[HTTP][39m [90m{}[39m
[35m[HTTP][39m [37m<-- GET /wd/hub/session/7cba1e91-0025-44f3-853a-b787951543bd/window/rect [39m[32m200[39m [90m30 ms - 50[39m
[35m[HTTP][39m [90m[39m
[35m[HTTP][39m [37m-->[39m [37mPOST[39m [37m/wd/hub/session/7cba1e91-0025-44f3-853a-b787951543bd/elements[39m
[35m[HTTP][39m [90m{"using":"xpath","value":"//*[@class = 'android.widget.TextView' and (@text = '6-digit PIN' or . = '6-digit PIN')]"}[39m
[35m[HTTP][39m [37m<-- POST /wd/hub/session/7cba1e91-0025-44f3-853a-b787951543bd/elements [39m[32m200[39m [90m1144 ms - 139[39m
[35m[HTTP][39m [90m[39m
[35m[HTTP][39m [37m-->[39m [37mGET[39m [37m/wd/hub/session/7cba1e91-0025-44f3-853a-b787951543bd/element/00000000-0000-0ba2-ffff-ffff0000023e/location[39m
[35m[HTTP][39m [90m{}[39m
[35m[W3C (7cba1e91)][39m Driver proxy active, passing request on via HTTP proxy
[35m[WD Proxy][39m Replacing sessionId 9163b601-7a23-42a3-a081-a71bf07e3297 with 7cba1e91-0025-44f3-853a-b787951543bd
[35m[HTTP][39m [37m<-- GET /wd/hub/session/7cba1e91-0025-44f3-853a-b787951543bd/element/00000000-0000-0ba2-ffff-ffff0000023e/location [39m[32m200[39m [90m29 ms - 78[39m
[35m[HTTP][39m [90m[39m
[35m[HTTP][39m [37m-->[39m [37mPOST[39m [37m/wd/hub/session/7cba1e91-0025-44f3-853a-b787951543bd/timeouts[39m
[35m[HTTP][39m [90m{"implicit":10000}[39m
[35m[HTTP][39m [37m<-- POST /wd/hub/session/7cba1e91-0025-44f3-853a-b787951543bd/timeouts [39m[32m200[39m [90m2 ms - 14[39m
[35m[HTTP][39m [90m[39m
[35m[HTTP][39m [37m-->[39m [37mPOST[39m [37m/wd/hub/session/7cba1e91-0025-44f3-853a-b787951543bd/timeouts[39m
[35m[HTTP][39m [90m{"implicit":50}[39m
[35m[HTTP][39m [37m<-- POST /wd/hub/session/7cba1e91-0025-44f3-853a-b787951543bd/timeouts [39m[32m200[39m [90m1 ms - 14[39m
[35m[HTTP][39m [90m[39m
[35m[HTTP][39m [37m-->[39m [37mGET[39m [37m/wd/hub/session/7cba1e91-0025-44f3-853a-b787951543bd/window/rect[39m
[35m[HTTP][39m [90m{}[39m
[35m[HTTP][39m [37m<-- GET /wd/hub/session/7cba1e91-0025-44f3-853a-b787951543bd/window/rect [39m[32m200[39m [90m23 ms - 50[39m
[35m[HTTP][39m [90m[39m
[35m[HTTP][39m [37m-->[39m [37mPOST[39m [37m/wd/hub/session/7cba1e91-0025-44f3-853a-b787951543bd/elements[39m
[35m[HTTP][39m [90m{"using":"xpath","value":"//*[@class = 'android.widget.TextView' and (@text = '1' or . = '1')]"}[39m
[35m[HTTP][39m [37m<-- POST /wd/hub/session/7cba1e91-0025-44f3-853a-b787951543bd/elements [39m[32m200[39m [90m192 ms - 139[39m
[35m[HTTP][39m [90m[39m
[35m[HTTP][39m [37m-->[39m [37mGET[39m [37m/wd/hub/session/7cba1e91-0025-44f3-853a-b787951543bd/element/00000000-0000-0ba2-ffff-ffff0000024a/location[39m
[35m[HTTP][39m [90m{}[39m
[35m[W3C (7cba1e91)][39m Driver proxy active, passing request on via HTTP proxy
[35m[WD Proxy][39m Replacing sessionId 9163b601-7a23-42a3-a081-a71bf07e3297 with 7cba1e91-0025-44f3-853a-b787951543bd
[35m[HTTP][39m [37m<-- GET /wd/hub/session/7cba1e91-0025-44f3-853a-b787951543bd/element/00000000-0000-0ba2-ffff-ffff0000024a/location [39m[32m200[39m [90m25 ms - 79[39m
[35m[HTTP][39m [90m[39m
[35m[HTTP][39m [37m-->[39m [37mPOST[39m [37m/wd/hub/session/7cba1e91-0025-44f3-853a-b787951543bd/timeouts[39m
[35m[HTTP][39m [90m{"implicit":10000}[39m
[35m[HTTP][39m [37m<-- POST /wd/hub/session/7cba1e91-0025-44f3-853a-b787951543bd/timeouts [39m[32m200[39m [90m1 ms - 14[39m
[35m[HTTP][39m [90m[39m
[35m[HTTP][39m [37m-->[39m [37mPOST[39m [37m/wd/hub/session/7cba1e91-0025-44f3-853a-b787951543bd/element/00000000-0000-0ba2-ffff-ffff0000024a/click[39m
[35m[HTTP][39m [90m{"id":"00000000-0000-0ba2-ffff-ffff0000024a"}[39m
[35m[HTTP][39m [37m<-- POST /wd/hub/session/7cba1e91-0025-44f3-853a-b787951543bd/element/00000000-0000-0ba2-ffff-ffff0000024a/click [39m[32m200[39m [90m64 ms - 14[39m
[35m[HTTP][39m [90m[39m
[35m[HTTP][39m [37m-->[39m [37mPOST[39m [37m/wd/hub/session/7cba1e91-0025-44f3-853a-b787951543bd/timeouts[39m
[35m[HTTP][39m [90m{"implicit":50}[39m
[35m[HTTP][39m [37m<-- POST /wd/hub/session/7cba1e91-0025-44f3-853a-b787951543bd/timeouts [39m[32m200[39m [90m1 ms - 14[39m
[35m[HTTP][39m [90m[39m
[35m[HTTP][39m [37m-->[39m [37mGET[39m [37m/wd/hub/session/7cba1e91-0025-44f3-853a-b787951543bd/window/rect[39m
[35m[HTTP][39m [90m{}[39m
[35m[HTTP][39m [37m<-- GET /wd/hub/session/7cba1e91-0025-44f3-853a-b787951543bd/window/rect [39m[32m200[39m [90m29 ms - 50[39m
[35m[HTTP][39m [90m[39m
[35m[HTTP][39m [37m-->[39m [37mPOST[39m [37m/wd/hub/session/7cba1e91-0025-44f3-853a-b787951543bd/elements[39m
[35m[HTTP][39m [90m{"using":"xpath","value":"//*[@class = 'android.widget.TextView' and (@text = '1' or . = '1')]"}[39m
[35m[HTTP][39m [37m<-- POST /wd/hub/session/7cba1e91-0025-44f3-853a-b787951543bd/elements [39m[32m200[39m [90m1772 ms - 139[39m
[35m[HTTP][39m [90m[39m
[35m[HTTP][39m [37m-->[39m [37mGET[39m [37m/wd/hub/session/7cba1e91-0025-44f3-853a-b787951543bd/element/00000000-0000-0ba2-ffff-ffff0000024a/location[39m
[35m[HTTP][39m [90m{}[39m
[35m[W3C (7cba1e91)][39m Driver proxy active, passing request on via HTTP proxy
[35m[WD Proxy][39m Replacing sessionId 9163b601-7a23-42a3-a081-a71bf07e3297 with 7cba1e91-0025-44f3-853a-b787951543bd
[35m[HTTP][39m [37m<-- GET /wd/hub/session/7cba1e91-0025-44f3-853a-b787951543bd/element/00000000-0000-0ba2-ffff-ffff0000024a/location [39m[32m200[39m [90m31 ms - 79[39m
[35m[HTTP][39m [90m[39m
[35m[HTTP][39m [37m-->[39m [37mPOST[39m [37m/wd/hub/session/7cba1e91-0025-44f3-853a-b787951543bd/timeouts[39m
[35m[HTTP][39m [90m{"implicit":10000}[39m
[35m[HTTP][39m [37m<-- POST /wd/hub/session/7cba1e91-0025-44f3-853a-b787951543bd/timeouts [39m[32m200[39m [90m1 ms - 14[39m
[35m[HTTP][39m [90m[39m
[35m[HTTP][39m [37m-->[39m [37mPOST[39m [37m/wd/hub/session/7cba1e91-0025-44f3-853a-b787951543bd/element/00000000-0000-0ba2-ffff-ffff0000024a/click[39m
[35m[HTTP][39m [90m{"id":"00000000-0000-0ba2-ffff-ffff0000024a"}[39m
[35m[HTTP][39m [37m<-- POST /wd/hub/session/7cba1e91-0025-44f3-853a-b787951543bd/element/00000000-0000-0ba2-ffff-ffff0000024a/click [39m[32m200[39m [90m65 ms - 14[39m
[35m[HTTP][39m [90m[39m
[35m[HTTP][39m [37m-->[39m [37mPOST[39m [37m/wd/hub/session/7cba1e91-0025-44f3-853a-b787951543bd/timeouts[39m
[35m[HTTP][39m [90m{"implicit":50}[39m
[35m[HTTP][39m [37m<-- POST /wd/hub/session/7cba1e91-0025-44f3-853a-b787951543bd/timeouts [39m[32m200[39m [90m2 ms - 14[39m
[35m[HTTP][39m [90m[39m
[35m[HTTP][39m [37m-->[39m [37mGET[39m [37m/wd/hub/session/7cba1e91-0025-44f3-853a-b787951543bd/window/rect[39m
[35m[HTTP][39m [90m{}[39m
[35m[HTTP][39m [37m<-- GET /wd/hub/session/7cba1e91-0025-44f3-853a-b787951543bd/window/rect [39m[32m200[39m [90m20 ms - 50[39m
[35m[HTTP][39m [90m[39m
[35m[HTTP][39m [37m-->[39m [37mPOST[39m [37m/wd/hub/session/7cba1e91-0025-44f3-853a-b787951543bd/elements[39m
[35m[HTTP][39m [90m{"using":"xpath","value":"//*[@class = 'android.widget.TextView' and (@text = '1' or . = '1')]"}[39m
[35m[HTTP][39m [37m<-- POST /wd/hub/session/7cba1e91-0025-44f3-853a-b787951543bd/elements [39m[32m200[39m [90m1736 ms - 139[39m
[35m[HTTP][39m [90m[39m
[35m[HTTP][39m [37m-->[39m [37mGET[39m [37m/wd/hub/session/7cba1e91-0025-44f3-853a-b787951543bd/element/00000000-0000-0ba2-ffff-ffff0000024a/location[39m
[35m[HTTP][39m [90m{}[39m
[35m[W3C (7cba1e91)][39m Driver proxy active, passing request on via HTTP proxy
[35m[WD Proxy][39m Replacing sessionId 9163b601-7a23-42a3-a081-a71bf07e3297 with 7cba1e91-0025-44f3-853a-b787951543bd
[35m[HTTP][39m [37m<-- GET /wd/hub/session/7cba1e91-0025-44f3-853a-b787951543bd/element/00000000-0000-0ba2-ffff-ffff0000024a/location [39m[32m200[39m [90m28 ms - 79[39m
[35m[HTTP][39m [90m[39m
[35m[HTTP][39m [37m-->[39m [37mPOST[39m [37m/wd/hub/session/7cba1e91-0025-44f3-853a-b787951543bd/timeouts[39m
[35m[HTTP][39m [90m{"implicit":10000}[39m
[35m[HTTP][39m [37m<-- POST /wd/hub/session/7cba1e91-0025-44f3-853a-b787951543bd/timeouts [39m[32m200[39m [90m2 ms - 14[39m
[35m[HTTP][39m [90m[39m
[35m[HTTP][39m [37m-->[39m [37mPOST[39m [37m/wd/hub/session/7cba1e91-0025-44f3-853a-b787951543bd/element/00000000-0000-0ba2-ffff-ffff0000024a/click[39m
[35m[HTTP][39m [90m{"id":"00000000-0000-0ba2-ffff-ffff0000024a"}[39m
[35m[HTTP][39m [37m<-- POST /wd/hub/session/7cba1e91-0025-44f3-853a-b787951543bd/element/00000000-0000-0ba2-ffff-ffff0000024a/click [39m[32m200[39m [90m74 ms - 14[39m
[35m[HTTP][39m [90m[39m
[35m[HTTP][39m [37m-->[39m [37mPOST[39m [37m/wd/hub/session/7cba1e91-0025-44f3-853a-b787951543bd/timeouts[39m
[35m[HTTP][39m [90m{"implicit":50}[39m
[35m[HTTP][39m [37m<-- POST /wd/hub/session/7cba1e91-0025-44f3-853a-b787951543bd/timeouts [39m[32m200[39m [90m2 ms - 14[39m
[35m[HTTP][39m [90m[39m
[35m[HTTP][39m [37m-->[39m [37mGET[39m [37m/wd/hub/session/7cba1e91-0025-44f3-853a-b787951543bd/window/rect[39m
[35m[HTTP][39m [90m{}[39m
[35m[HTTP][39m [37m<-- GET /wd/hub/session/7cba1e91-0025-44f3-853a-b787951543bd/window/rect [39m[32m200[39m [90m25 ms - 50[39m
[35m[HTTP][39m [90m[39m
[35m[HTTP][39m [37m-->[39m [37mPOST[39m [37m/wd/hub/session/7cba1e91-0025-44f3-853a-b787951543bd/elements[39m
[35m[HTTP][39m [90m{"using":"xpath","value":"//*[@class = 'android.widget.TextView' and (@text = '1' or . = '1')]"}[39m
[35m[HTTP][39m [37m<-- POST /wd/hub/session/7cba1e91-0025-44f3-853a-b787951543bd/elements [39m[32m200[39m [90m1743 ms - 139[39m
[35m[HTTP][39m [90m[39m
[35m[HTTP][39m [37m-->[39m [37mGET[39m [37m/wd/hub/session/7cba1e91-0025-44f3-853a-b787951543bd/element/00000000-0000-0ba2-ffff-ffff0000024a/location[39m
[35m[HTTP][39m [90m{}[39m
[35m[W3C (7cba1e91)][39m Driver proxy active, passing request on via HTTP proxy
[35m[WD Proxy][39m Replacing sessionId 9163b601-7a23-42a3-a081-a71bf07e3297 with 7cba1e91-0025-44f3-853a-b787951543bd
[35m[HTTP][39m [37m<-- GET /wd/hub/session/7cba1e91-0025-44f3-853a-b787951543bd/element/00000000-0000-0ba2-ffff-ffff0000024a/location [39m[32m200[39m [90m29 ms - 79[39m
[35m[HTTP][39m [90m[39m
[35m[HTTP][39m [37m-->[39m [37mPOST[39m [37m/wd/hub/session/7cba1e91-0025-44f3-853a-b787951543bd/timeouts[39m
[35m[HTTP][39m [90m{"implicit":10000}[39m
[35m[HTTP][39m [37m<-- POST /wd/hub/session/7cba1e91-0025-44f3-853a-b787951543bd/timeouts [39m[32m200[39m [90m1 ms - 14[39m
[35m[HTTP][39m [90m[39m
[35m[HTTP][39m [37m-->[39m [37mPOST[39m [37m/wd/hub/session/7cba1e91-0025-44f3-853a-b787951543bd/element/00000000-0000-0ba2-ffff-ffff0000024a/click[39m
[35m[HTTP][39m [90m{"id":"00000000-0000-0ba2-ffff-ffff0000024a"}[39m
[35m[HTTP][39m [37m<-- POST /wd/hub/session/7cba1e91-0025-44f3-853a-b787951543bd/element/00000000-0000-0ba2-ffff-ffff0000024a/click [39m[32m200[39m [90m58 ms - 14[39m
[35m[HTTP][39m [90m[39m
[35m[HTTP][39m [37m-->[39m [37mPOST[39m [37m/wd/hub/session/7cba1e91-0025-44f3-853a-b787951543bd/timeouts[39m
[35m[HTTP][39m [90m{"implicit":50}[39m
[35m[HTTP][39m [37m<-- POST /wd/hub/session/7cba1e91-0025-44f3-853a-b787951543bd/timeouts [39m[32m200[39m [90m1 ms - 14[39m
[35m[HTTP][39m [90m[39m
[35m[HTTP][39m [37m-->[39m [37mGET[39m [37m/wd/hub/session/7cba1e91-0025-44f3-853a-b787951543bd/window/rect[39m
[35m[HTTP][39m [90m{}[39m
[35m[HTTP][39m [37m<-- GET /wd/hub/session/7cba1e91-0025-44f3-853a-b787951543bd/window/rect [39m[32m200[39m [90m20 ms - 50[39m
[35m[HTTP][39m [90m[39m
[35m[HTTP][39m [37m-->[39m [37mPOST[39m [37m/wd/hub/session/7cba1e91-0025-44f3-853a-b787951543bd/elements[39m
[35m[HTTP][39m [90m{"using":"xpath","value":"//*[@class = 'android.widget.TextView' and (@text = '1' or . = '1')]"}[39m
[35m[HTTP][39m [37m<-- POST /wd/hub/session/7cba1e91-0025-44f3-853a-b787951543bd/elements [39m[32m200[39m [90m1734 ms - 139[39m
[35m[HTTP][39m [90m[39m
[35m[HTTP][39m [37m-->[39m [37mGET[39m [37m/wd/hub/session/7cba1e91-0025-44f3-853a-b787951543bd/element/00000000-0000-0ba2-ffff-ffff0000024a/location[39m
[35m[HTTP][39m [90m{}[39m
[35m[W3C (7cba1e91)][39m Driver proxy active, passing request on via HTTP proxy
[35m[WD Proxy][39m Replacing sessionId 9163b601-7a23-42a3-a081-a71bf07e3297 with 7cba1e91-0025-44f3-853a-b787951543bd
[35m[HTTP][39m [37m<-- GET /wd/hub/session/7cba1e91-0025-44f3-853a-b787951543bd/element/00000000-0000-0ba2-ffff-ffff0000024a/location [39m[32m200[39m [90m27 ms - 79[39m
[35m[HTTP][39m [90m[39m
[35m[HTTP][39m [37m-->[39m [37mPOST[39m [37m/wd/hub/session/7cba1e91-0025-44f3-853a-b787951543bd/timeouts[39m
[35m[HTTP][39m [90m{"implicit":10000}[39m
[35m[HTTP][39m [37m<-- POST /wd/hub/session/7cba1e91-0025-44f3-853a-b787951543bd/timeouts [39m[32m200[39m [90m1 ms - 14[39m
[35m[HTTP][39m [90m[39m
[35m[HTTP][39m [37m-->[39m [37mPOST[39m [37m/wd/hub/session/7cba1e91-0025-44f3-853a-b787951543bd/element/00000000-0000-0ba2-ffff-ffff0000024a/click[39m
[35m[HTTP][39m [90m{"id":"00000000-0000-0ba2-ffff-ffff0000024a"}[39m
[35m[HTTP][39m [37m<-- POST /wd/hub/session/7cba1e91-0025-44f3-853a-b787951543bd/element/00000000-0000-0ba2-ffff-ffff0000024a/click [39m[32m200[39m [90m65 ms - 14[39m
[35m[HTTP][39m [90m[39m
[35m[HTTP][39m [37m-->[39m [37mPOST[39m [37m/wd/hub/session/7cba1e91-0025-44f3-853a-b787951543bd/timeouts[39m
[35m[HTTP][39m [90m{"implicit":50}[39m
[35m[HTTP][39m [37m<-- POST /wd/hub/session/7cba1e91-0025-44f3-853a-b787951543bd/timeouts [39m[32m200[39m [90m2 ms - 14[39m
[35m[HTTP][39m [90m[39m
[35m[HTTP][39m [37m-->[39m [37mGET[39m [37m/wd/hub/session/7cba1e91-0025-44f3-853a-b787951543bd/window/rect[39m
[35m[HTTP][39m [90m{}[39m
[35m[HTTP][39m [37m<-- GET /wd/hub/session/7cba1e91-0025-44f3-853a-b787951543bd/window/rect [39m[32m200[39m [90m24 ms - 50[39m
[35m[HTTP][39m [90m[39m
[35m[HTTP][39m [37m-->[39m [37mPOST[39m [37m/wd/hub/session/7cba1e91-0025-44f3-853a-b787951543bd/elements[39m
[35m[HTTP][39m [90m{"using":"xpath","value":"//*[@class = 'android.widget.TextView' and (@text = '1' or . = '1')]"}[39m
[35m[HTTP][39m [37m<-- POST /wd/hub/session/7cba1e91-0025-44f3-853a-b787951543bd/elements [39m[32m200[39m [90m1694 ms - 139[39m
[35m[HTTP][39m [90m[39m
[35m[HTTP][39m [37m-->[39m [37mGET[39m [37m/wd/hub/session/7cba1e91-0025-44f3-853a-b787951543bd/element/00000000-0000-0ba2-ffff-ffff0000024a/location[39m
[35m[HTTP][39m [90m{}[39m
[35m[W3C (7cba1e91)][39m Driver proxy active, passing request on via HTTP proxy
[35m[WD Proxy][39m Replacing sessionId 9163b601-7a23-42a3-a081-a71bf07e3297 with 7cba1e91-0025-44f3-853a-b787951543bd
[35m[HTTP][39m [37m<-- GET /wd/hub/session/7cba1e91-0025-44f3-853a-b787951543bd/element/00000000-0000-0ba2-ffff-ffff0000024a/location [39m[32m200[39m [90m25 ms - 79[39m
[35m[HTTP][39m [90m[39m
[35m[HTTP][39m [37m-->[39m [37mPOST[39m [37m/wd/hub/session/7cba1e91-0025-44f3-853a-b787951543bd/timeouts[39m
[35m[HTTP][39m [90m{"implicit":10000}[39m
[35m[HTTP][39m [37m<-- POST /wd/hub/session/7cba1e91-0025-44f3-853a-b787951543bd/timeouts [39m[32m200[39m [90m1 ms - 14[39m
[35m[HTTP][39m [90m[39m
[35m[HTTP][39m [37m-->[39m [37mPOST[39m [37m/wd/hub/session/7cba1e91-0025-44f3-853a-b787951543bd/element/00000000-0000-0ba2-ffff-ffff0000024a/click[39m
[35m[HTTP][39m [90m{"id":"00000000-0000-0ba2-ffff-ffff0000024a"}[39m
[35m[HTTP][39m [37m<-- POST /wd/hub/session/7cba1e91-0025-44f3-853a-b787951543bd/element/00000000-0000-0ba2-ffff-ffff0000024a/click [39m[32m200[39m [90m62 ms - 14[39m
[35m[HTTP][39m [90m[39m
[35m[HTTP][39m [37m-->[39m [37mPOST[39m [37m/wd/hub/session/7cba1e91-0025-44f3-853a-b787951543bd/timeouts[39m
[35m[HTTP][39m [90m{"implicit":50}[39m
[35m[HTTP][39m [37m<-- POST /wd/hub/session/7cba1e91-0025-44f3-853a-b787951543bd/timeouts [39m[32m200[39m [90m2 ms - 14[39m
[35m[HTTP][39m [90m[39m
[35m[HTTP][39m [37m-->[39m [37mGET[39m [37m/wd/hub/session/7cba1e91-0025-44f3-853a-b787951543bd/window/rect[39m
[35m[HTTP][39m [90m{}[39m
[35m[HTTP][39m [37m<-- GET /wd/hub/session/7cba1e91-0025-44f3-853a-b787951543bd/window/rect [39m[32m200[39m [90m21 ms - 50[39m
[35m[HTTP][39m [90m[39m
[35m[HTTP][39m [37m-->[39m [37mPOST[39m [37m/wd/hub/session/7cba1e91-0025-44f3-853a-b787951543bd/elements[39m
[35m[HTTP][39m [90m{"using":"xpath","value":"//*[@class = 'android.widget.TextView' and (@text = '0' or . = '0')]/../following-sibling::android.view.ViewGroup/android.widget.ImageView"}[39m
[35m[HTTP][39m [37m<-- POST /wd/hub/session/7cba1e91-0025-44f3-853a-b787951543bd/elements [39m[32m200[39m [90m1561 ms - 139[39m
[35m[HTTP][39m [90m[39m
[35m[HTTP][39m [37m-->[39m [37mGET[39m [37m/wd/hub/session/7cba1e91-0025-44f3-853a-b787951543bd/element/00000000-0000-0ba2-ffff-ffff00000260/location[39m
[35m[HTTP][39m [90m{}[39m
[35m[W3C (7cba1e91)][39m Driver proxy active, passing request on via HTTP proxy
[35m[WD Proxy][39m Replacing sessionId 9163b601-7a23-42a3-a081-a71bf07e3297 with 7cba1e91-0025-44f3-853a-b787951543bd
[35m[HTTP][39m [37m<-- GET /wd/hub/session/7cba1e91-0025-44f3-853a-b787951543bd/element/00000000-0000-0ba2-ffff-ffff00000260/location [39m[32m200[39m [90m76 ms - 79[39m
[35m[HTTP][39m [90m[39m
[35m[HTTP][39m [37m-->[39m [37mPOST[39m [37m/wd/hub/session/7cba1e91-0025-44f3-853a-b787951543bd/timeouts[39m
[35m[HTTP][39m [90m{"implicit":10000}[39m
[35m[HTTP][39m [37m<-- POST /wd/hub/session/7cba1e91-0025-44f3-853a-b787951543bd/timeouts [39m[32m200[39m [90m1 ms - 14[39m
[35m[HTTP][39m [90m[39m
[35m[HTTP][39m [37m-->[39m [37mPOST[39m [37m/wd/hub/session/7cba1e91-0025-44f3-853a-b787951543bd/element/00000000-0000-0ba2-ffff-ffff00000260/click[39m
[35m[HTTP][39m [90m{"id":"00000000-0000-0ba2-ffff-ffff00000260"}[39m
[35m[HTTP][39m [37m<-- POST /wd/hub/session/7cba1e91-0025-44f3-853a-b787951543bd/element/00000000-0000-0ba2-ffff-ffff00000260/click [39m[32m200[39m [90m146 ms - 14[39m
[35m[HTTP][39m [90m[39m
[35m[HTTP][39m [37m-->[39m [37mPOST[39m [37m/wd/hub/session/7cba1e91-0025-44f3-853a-b787951543bd/timeouts[39m
[35m[HTTP][39m [90m{"implicit":50}[39m
[35m[HTTP][39m [37m<-- POST /wd/hub/session/7cba1e91-0025-44f3-853a-b787951543bd/timeouts [39m[32m200[39m [90m1 ms - 14[39m
[35m[HTTP][39m [90m[39m
[35m[HTTP][39m [37m-->[39m [37mGET[39m [37m/wd/hub/session/7cba1e91-0025-44f3-853a-b787951543bd/window/rect[39m
[35m[HTTP][39m [90m{}[39m
[35m[HTTP][39m [37m<-- GET /wd/hub/session/7cba1e91-0025-44f3-853a-b787951543bd/window/rect [39m[32m200[39m [90m27 ms - 50[39m
[35m[HTTP][39m [90m[39m
[35m[HTTP][39m [37m-->[39m [37mPOST[39m [37m/wd/hub/session/7cba1e91-0025-44f3-853a-b787951543bd/elements[39m
[35m[HTTP][39m [90m{"using":"xpath","value":"(//*[@class = 'android.widget.ImageView'])[2]"}[39m
[35m[HTTP][39m [37m<-- POST /wd/hub/session/7cba1e91-0025-44f3-853a-b787951543bd/elements [39m[32m200[39m [90m336 ms - 139[39m
[35m[HTTP][39m [90m[39m
[35m[HTTP][39m [37m-->[39m [37mGET[39m [37m/wd/hub/session/7cba1e91-0025-44f3-853a-b787951543bd/element/00000000-0000-0ba1-ffff-ffff00000281/location[39m
[35m[HTTP][39m [90m{}[39m
[35m[W3C (7cba1e91)][39m Driver proxy active, passing request on via HTTP proxy
[35m[WD Proxy][39m Replacing sessionId 9163b601-7a23-42a3-a081-a71bf07e3297 with 7cba1e91-0025-44f3-853a-b787951543bd
[35m[HTTP][39m [37m<-- GET /wd/hub/session/7cba1e91-0025-44f3-853a-b787951543bd/element/00000000-0000-0ba1-ffff-ffff00000281/location [39m[32m200[39m [90m30 ms - 77[39m
[35m[HTTP][39m [90m[39m
[35m[HTTP][39m [37m-->[39m [37mPOST[39m [37m/wd/hub/session/7cba1e91-0025-44f3-853a-b787951543bd/timeouts[39m
[35m[HTTP][39m [90m{"implicit":10000}[39m
[35m[HTTP][39m [37m<-- POST /wd/hub/session/7cba1e91-0025-44f3-853a-b787951543bd/timeouts [39m[32m200[39m [90m1 ms - 14[39m
[35m[HTTP][39m [90m[39m
[35m[HTTP][39m [37m-->[39m [37mPOST[39m [37m/wd/hub/session/7cba1e91-0025-44f3-853a-b787951543bd/element/00000000-0000-0ba1-ffff-ffff00000281/click[39m
[35m[HTTP][39m [90m{"id":"00000000-0000-0ba1-ffff-ffff00000281"}[39m
[35m[HTTP][39m [37m<-- POST /wd/hub/session/7cba1e91-0025-44f3-853a-b787951543bd/element/00000000-0000-0ba1-ffff-ffff00000281/click [39m[32m200[39m [90m49 ms - 14[39m
[35m[HTTP][39m [90m[39m
[35m[BaseDriver][39m Shutting down because we waited 1800 seconds for a command
[35m[Appium][39m Closing session, cause was 'New Command Timeout of 1800 seconds expired. Try customizing the timeout using the 'newCommandTimeout' desired capability'
[35m[Appium][39m Removing session '7cba1e91-0025-44f3-853a-b787951543bd' from our master session list
[35m[UiAutomator2][39m Did not get confirmation UiAutomator2 deleteSession worked; Error was: UnknownError: An unknown server-side error occurred while processing the command. Original error: 'DELETE /' cannot be proxied to UiAutomator2 server because the instrumentation process is not running (probably crashed). Check the server log and/or the logcat output for more details
[35m[UiAutomator2][39m Restoring hidden api policy to the device default configuration
