[35m[Appium][39m Welcome to Appium v1.22.1
[35m[Appium][39m Non-default server args:
[35m[Appium][39m   port: 63061
[35m[Appium][39m   loglevel: info
[35m[Appium][39m   tmpDir: C:\Users\00139711\AppData\Local\Temp\\Katalon\Appium\Temp1671530298834
[35m[Appium][39m   chromedriverPort: 63062
[35m[Appium][39m Deprecated server args:
[35m[Appium][39m   [31m--chromedriver-port[39m => --default-capabilities
[35m[Appium][39m Default capabilities, which will be added to each request unless overridden by desired capabilities:
[35m[Appium][39m   chromedriverPort: 63062
[35m[Appium][39m Appium REST http interface listener started on 0.0.0.0:63061
[35m[HTTP][39m [37m-->[39m [37mGET[39m [37m/wd/hub/status[39m
[35m[HTTP][39m [90m{}[39m
[35m[HTTP][39m [37m<-- GET /wd/hub/status [39m[32m200[39m [90m5 ms - 68[39m
[35m[HTTP][39m [90m[39m
[35m[HTTP][39m [37m-->[39m [37mPOST[39m [37m/wd/hub/session[39m
[35m[HTTP][39m [90m{"desiredCapabilities":{"appPackage":"com.android.settings","noReset":true,"AppWaitActivity":"*","deviceId":"N7U869LV456D5S8L","deviceName":"OPPO CPH1823 (Android 10)","platform":"ANDROID","appActivity":".Settings","newCommandTimeout":1800,"platformVersion":"10","automationName":"uiautomator2","autoGrantPermissions":true,"androidScreenshotPath":"/Screenshot","platformName":"Android","udid":"N7U869LV456D5S8L","systemPort":8211},"capabilities":{"firstMatch":[{"AppWaitActivity":"*","appium:androidScreenshotPath":"/Screenshot","appium:appActivity":".Settings","appium:appPackage":"com.android.settings","appium:autoGrantPermissions":true,"appium:automationName":"uiautomator2","deviceId":"N7U869LV456D5S8L","appium:deviceName":"OPPO CPH1823 (Android 10)","appium:newCommandTimeout":1800,"appium:noReset":true,"platform":"ANDROID","platformName":"android","appium:platformVersion":"10","appium:systemPort":8211,"appium:udid":"N7U869LV456D5S8L"}]}}[39m
[35m[BaseDriver][39m The following capabilities are not standard capabilities and should have an extension prefix:
[35m[BaseDriver][39m   AppWaitActivity
[35m[BaseDriver][39m   deviceId
[35m[BaseDriver][39m   platform
[35m[BaseDriver][39m   chromedriverPort
[35m[Appium][39m Appium v1.22.1 creating new AndroidUiautomator2Driver (v1.70.1) session
[35m[BaseDriver][39m The following capabilities were provided, but are not recognized by Appium:
[35m[BaseDriver][39m   AppWaitActivity
[35m[BaseDriver][39m   deviceId
[35m[BaseDriver][39m   platform
[35m[BaseDriver][39m Session created with session id: eb778790-b7d7-4dad-b581-6fa726f6510a
[35m[UiAutomator2][39m Starting 'com.android.settings' directly on the device
[35m[ADB][39m Found 1 'build-tools' folders under 'C:\Users\00139711\.katalon\tools\android_sdk' (newest first):
[35m[ADB][39m     C:/Users/00139711/.katalon/tools/android_sdk/build-tools/29.0.3
[35m[ADB][39m Using 'adb.exe' from 'C:\Users\00139711\.katalon\tools\android_sdk\platform-tools\adb.exe'
[35m[AndroidDriver][39m Retrieving device list
[35m[AndroidDriver][39m Using device: N7U869LV456D5S8L
[35m[ADB][39m Using 'adb.exe' from 'C:\Users\00139711\.katalon\tools\android_sdk\platform-tools\adb.exe'
[35m[ADB][39m Getting device platform version
[35m[UiAutomator2][39m Relaxing hidden api policy
[35m[AndroidDriver][39m No app sent in, not parsing package/activity
[35m[ADB][39m Using 'apksigner.jar' from 'C:\Users\00139711\.katalon\tools\android_sdk\build-tools\29.0.3\lib\apksigner.jar'
[35m[ADB][39m 'C:\Users\00139711\AppData\Roaming\npm\node_modules\appium\node_modules\appium-uiautomator2-server\apks\appium-uiautomator2-server-v4.27.0.apk' is signed with the default certificate
[35m[ADB][39m 'C:\Users\00139711\AppData\Roaming\npm\node_modules\appium\node_modules\appium-uiautomator2-server\apks\appium-uiautomator2-server-debug-androidTest.apk' is signed with the default certificate
[35m[UiAutomator2][39m Server packages are not going to be (re)installed
[35m[ADB][39m Adding packages ["io.appium.settings","io.appium.uiautomator2.server","io.appium.uiautomator2.server.test"] to Doze whitelist
[35m[UiAutomator2][39m Starting UIAutomator2 server 4.27.0
[35m[UiAutomator2][39m Using UIAutomator2 server from 'C:\Users\00139711\AppData\Roaming\npm\node_modules\appium\node_modules\appium-uiautomator2-server\apks\appium-uiautomator2-server-v4.27.0.apk' and test from 'C:\Users\00139711\AppData\Roaming\npm\node_modules\appium\node_modules\appium-uiautomator2-server\apks\appium-uiautomator2-server-debug-androidTest.apk'
[35m[UiAutomator2][39m Waiting up to 30000ms for UiAutomator2 to be online...
[35m[WD Proxy][39m socket hang up
[35m[WD Proxy][39m socket hang up
[35m[WD Proxy][39m socket hang up
[35m[WD Proxy][39m Determined the downstream protocol as 'W3C'
[35m[AndroidDriver][39m Screen already unlocked, doing nothing
[35m[UiAutomator2][39m Starting 'com.android.settings/.Settings and waiting for 'com.android.settings/.Settings'
[35m[Appium][39m New AndroidUiautomator2Driver session created successfully, session eb778790-b7d7-4dad-b581-6fa726f6510a added to master session list
[35m[HTTP][39m [37m<-- POST /wd/hub/session [39m[32m200[39m [90m9730 ms - 1376[39m
[35m[HTTP][39m [90m[39m
[35m[HTTP][39m [37m-->[39m [37mGET[39m [37m/wd/hub/session/eb778790-b7d7-4dad-b581-6fa726f6510a[39m
[35m[HTTP][39m [90m{}[39m
[35m[HTTP][39m [37m<-- GET /wd/hub/session/eb778790-b7d7-4dad-b581-6fa726f6510a [39m[32m200[39m [90m15 ms - 1330[39m
[35m[HTTP][39m [90m[39m
[35m[HTTP][39m [37m-->[39m [37mGET[39m [37m/wd/hub/session/eb778790-b7d7-4dad-b581-6fa726f6510a[39m
[35m[HTTP][39m [90m{}[39m
[35m[HTTP][39m [37m<-- GET /wd/hub/session/eb778790-b7d7-4dad-b581-6fa726f6510a [39m[32m200[39m [90m19 ms - 1330[39m
[35m[HTTP][39m [90m[39m
[35m[HTTP][39m [37m-->[39m [37mGET[39m [37m/wd/hub/status[39m
[35m[HTTP][39m [90m{}[39m
[35m[HTTP][39m [37m<-- GET /wd/hub/status [39m[32m200[39m [90m1 ms - 68[39m
[35m[HTTP][39m [90m[39m
[35m[HTTP][39m [37m-->[39m [37mPOST[39m [37m/wd/hub/session/eb778790-b7d7-4dad-b581-6fa726f6510a/timeouts[39m
[35m[HTTP][39m [90m{"implicit":10000}[39m
[35m[HTTP][39m [37m<-- POST /wd/hub/session/eb778790-b7d7-4dad-b581-6fa726f6510a/timeouts [39m[32m200[39m [90m2 ms - 14[39m
[35m[HTTP][39m [90m[39m
[35m[HTTP][39m [37m-->[39m [37mGET[39m [37m/wd/hub/session/eb778790-b7d7-4dad-b581-6fa726f6510a/screenshot[39m
[35m[HTTP][39m [90m{}[39m
[35m[HTTP][39m [37m<-- GET /wd/hub/session/eb778790-b7d7-4dad-b581-6fa726f6510a/screenshot [39m[32m200[39m [90m696 ms - 202094[39m
[35m[HTTP][39m [90m[39m
[35m[HTTP][39m [37m-->[39m [37mGET[39m [37m/wd/hub/session/eb778790-b7d7-4dad-b581-6fa726f6510a/window/rect[39m
[35m[HTTP][39m [90m{}[39m
[35m[HTTP][39m [37m<-- GET /wd/hub/session/eb778790-b7d7-4dad-b581-6fa726f6510a/window/rect [39m[32m200[39m [90m29 ms - 50[39m
[35m[HTTP][39m [90m[39m
[35m[HTTP][39m [37m-->[39m [37mGET[39m [37m/wd/hub/session/eb778790-b7d7-4dad-b581-6fa726f6510a/appium/device/system_bars[39m
[35m[HTTP][39m [90m{}[39m
[35m[HTTP][39m [37m<-- GET /wd/hub/session/eb778790-b7d7-4dad-b581-6fa726f6510a/appium/device/system_bars [39m[32m200[39m [90m148 ms - 148[39m
[35m[HTTP][39m [90m[39m
[35m[HTTP][39m [37m-->[39m [37mPOST[39m [37m/wd/hub/session/eb778790-b7d7-4dad-b581-6fa726f6510a/appium/device/activate_app[39m
[35m[HTTP][39m [90m{"bundleId":"com.maybank2u.life.dev"}[39m
[35m[HTTP][39m [37m<-- POST /wd/hub/session/eb778790-b7d7-4dad-b581-6fa726f6510a/appium/device/activate_app [39m[32m200[39m [90m539 ms - 14[39m
[35m[HTTP][39m [90m[39m
[35m[HTTP][39m [37m-->[39m [37mPOST[39m [37m/wd/hub/session/eb778790-b7d7-4dad-b581-6fa726f6510a/timeouts[39m
[35m[HTTP][39m [90m{"implicit":50}[39m
[35m[HTTP][39m [37m<-- POST /wd/hub/session/eb778790-b7d7-4dad-b581-6fa726f6510a/timeouts [39m[32m200[39m [90m3 ms - 14[39m
[35m[HTTP][39m [90m[39m
[35m[HTTP][39m [37m-->[39m [37mGET[39m [37m/wd/hub/session/eb778790-b7d7-4dad-b581-6fa726f6510a/window/rect[39m
[35m[HTTP][39m [90m{}[39m
[35m[HTTP][39m [37m<-- GET /wd/hub/session/eb778790-b7d7-4dad-b581-6fa726f6510a/window/rect [39m[32m200[39m [90m24 ms - 50[39m
[35m[HTTP][39m [90m[39m
[35m[HTTP][39m [37m-->[39m [37mPOST[39m [37m/wd/hub/session/eb778790-b7d7-4dad-b581-6fa726f6510a/elements[39m
[35m[HTTP][39m [90m{"using":"xpath","value":"//*[@class = 'android.widget.TextView' and (@text = 'Set Up\nAuto Billing' or . = 'Set Up\nAuto Billing')]"}[39m
[35m[HTTP][39m [37m<-- POST /wd/hub/session/eb778790-b7d7-4dad-b581-6fa726f6510a/elements [39m[32m200[39m [90m646 ms - 139[39m
[35m[HTTP][39m [90m[39m
[35m[HTTP][39m [37m-->[39m [37mGET[39m [37m/wd/hub/session/eb778790-b7d7-4dad-b581-6fa726f6510a/element/00000000-0000-0c46-ffff-ffff0001303a/location[39m
[35m[HTTP][39m [90m{}[39m
[35m[W3C (eb778790)][39m Driver proxy active, passing request on via HTTP proxy
[35m[WD Proxy][39m Replacing sessionId 938ded0a-4080-4390-a9c2-d4db8325821d with eb778790-b7d7-4dad-b581-6fa726f6510a
[35m[HTTP][39m [37m<-- GET /wd/hub/session/eb778790-b7d7-4dad-b581-6fa726f6510a/element/00000000-0000-0c46-ffff-ffff0001303a/location [39m[32m200[39m [90m22 ms - 77[39m
[35m[HTTP][39m [90m[39m
[35m[HTTP][39m [37m-->[39m [37mPOST[39m [37m/wd/hub/session/eb778790-b7d7-4dad-b581-6fa726f6510a/timeouts[39m
[35m[HTTP][39m [90m{"implicit":10000}[39m
[35m[HTTP][39m [37m<-- POST /wd/hub/session/eb778790-b7d7-4dad-b581-6fa726f6510a/timeouts [39m[32m200[39m [90m1 ms - 14[39m
[35m[HTTP][39m [90m[39m
[35m[HTTP][39m [37m-->[39m [37mPOST[39m [37m/wd/hub/session/eb778790-b7d7-4dad-b581-6fa726f6510a/element/00000000-0000-0c46-ffff-ffff0001303a/click[39m
[35m[HTTP][39m [90m{"id":"00000000-0000-0c46-ffff-ffff0001303a"}[39m
[35m[HTTP][39m [37m<-- POST /wd/hub/session/eb778790-b7d7-4dad-b581-6fa726f6510a/element/00000000-0000-0c46-ffff-ffff0001303a/click [39m[32m200[39m [90m2320 ms - 14[39m
[35m[HTTP][39m [90m[39m
[35m[HTTP][39m [37m-->[39m [37mPOST[39m [37m/wd/hub/session/eb778790-b7d7-4dad-b581-6fa726f6510a/timeouts[39m
[35m[HTTP][39m [90m{"implicit":50}[39m
[35m[HTTP][39m [37m<-- POST /wd/hub/session/eb778790-b7d7-4dad-b581-6fa726f6510a/timeouts [39m[32m200[39m [90m2 ms - 14[39m
[35m[HTTP][39m [90m[39m
[35m[HTTP][39m [37m-->[39m [37mGET[39m [37m/wd/hub/session/eb778790-b7d7-4dad-b581-6fa726f6510a/window/rect[39m
[35m[HTTP][39m [90m{}[39m
[35m[HTTP][39m [37m<-- GET /wd/hub/session/eb778790-b7d7-4dad-b581-6fa726f6510a/window/rect [39m[32m200[39m [90m21 ms - 50[39m
[35m[HTTP][39m [90m[39m
[35m[HTTP][39m [37m-->[39m [37mPOST[39m [37m/wd/hub/session/eb778790-b7d7-4dad-b581-6fa726f6510a/elements[39m
[35m[HTTP][39m [90m{"using":"xpath","value":"//*[@class = 'android.widget.TextView' and (@text = 'Step 1 of 2' or . = 'Step 1 of 2')]"}[39m
[35m[HTTP][39m [37m<-- POST /wd/hub/session/eb778790-b7d7-4dad-b581-6fa726f6510a/elements [39m[32m200[39m [90m252 ms - 139[39m
[35m[HTTP][39m [90m[39m
[35m[HTTP][39m [37m-->[39m [37mGET[39m [37m/wd/hub/session/eb778790-b7d7-4dad-b581-6fa726f6510a/element/00000000-0000-0c46-ffff-ffff00014675/location[39m
[35m[HTTP][39m [90m{}[39m
[35m[W3C (eb778790)][39m Driver proxy active, passing request on via HTTP proxy
[35m[WD Proxy][39m Replacing sessionId 938ded0a-4080-4390-a9c2-d4db8325821d with eb778790-b7d7-4dad-b581-6fa726f6510a
[35m[HTTP][39m [37m<-- GET /wd/hub/session/eb778790-b7d7-4dad-b581-6fa726f6510a/element/00000000-0000-0c46-ffff-ffff00014675/location [39m[32m200[39m [90m498 ms - 78[39m
[35m[HTTP][39m [90m[39m
[35m[HTTP][39m [37m-->[39m [37mPOST[39m [37m/wd/hub/session/eb778790-b7d7-4dad-b581-6fa726f6510a/timeouts[39m
[35m[HTTP][39m [90m{"implicit":10000}[39m
[35m[HTTP][39m [37m<-- POST /wd/hub/session/eb778790-b7d7-4dad-b581-6fa726f6510a/timeouts [39m[32m200[39m [90m1 ms - 14[39m
[35m[HTTP][39m [90m[39m
[35m[HTTP][39m [37m-->[39m [37mGET[39m [37m/wd/hub/session/eb778790-b7d7-4dad-b581-6fa726f6510a/element/00000000-0000-0c46-ffff-ffff00014675/text[39m
[35m[HTTP][39m [90m{}[39m
[35m[W3C (eb778790)][39m Driver proxy active, passing request on via HTTP proxy
[35m[WD Proxy][39m Replacing sessionId 938ded0a-4080-4390-a9c2-d4db8325821d with eb778790-b7d7-4dad-b581-6fa726f6510a
[35m[HTTP][39m [37m<-- GET /wd/hub/session/eb778790-b7d7-4dad-b581-6fa726f6510a/element/00000000-0000-0c46-ffff-ffff00014675/text [39m[32m200[39m [90m28 ms - 74[39m
[35m[HTTP][39m [90m[39m
[35m[HTTP][39m [37m-->[39m [37mPOST[39m [37m/wd/hub/session/eb778790-b7d7-4dad-b581-6fa726f6510a/timeouts[39m
[35m[HTTP][39m [90m{"implicit":50}[39m
[35m[HTTP][39m [37m<-- POST /wd/hub/session/eb778790-b7d7-4dad-b581-6fa726f6510a/timeouts [39m[32m200[39m [90m1 ms - 14[39m
[35m[HTTP][39m [90m[39m
[35m[HTTP][39m [37m-->[39m [37mGET[39m [37m/wd/hub/session/eb778790-b7d7-4dad-b581-6fa726f6510a/window/rect[39m
[35m[HTTP][39m [90m{}[39m
[35m[HTTP][39m [37m<-- GET /wd/hub/session/eb778790-b7d7-4dad-b581-6fa726f6510a/window/rect [39m[32m200[39m [90m28 ms - 50[39m
[35m[HTTP][39m [90m[39m
[35m[HTTP][39m [37m-->[39m [37mPOST[39m [37m/wd/hub/session/eb778790-b7d7-4dad-b581-6fa726f6510a/elements[39m
[35m[HTTP][39m [90m{"using":"xpath","value":"//*[@class = 'android.widget.TextView' and (@text = 'Set Up Auto Billing via DuitNow AutoDebit' or . = 'Set Up Auto Billing via DuitNow AutoDebit')]"}[39m
[35m[HTTP][39m [37m<-- POST /wd/hub/session/eb778790-b7d7-4dad-b581-6fa726f6510a/elements [39m[32m200[39m [90m912 ms - 139[39m
[35m[HTTP][39m [90m[39m
[35m[HTTP][39m [37m-->[39m [37mGET[39m [37m/wd/hub/session/eb778790-b7d7-4dad-b581-6fa726f6510a/element/00000000-0000-0c46-ffff-ffff0001467a/location[39m
[35m[HTTP][39m [90m{}[39m
[35m[W3C (eb778790)][39m Driver proxy active, passing request on via HTTP proxy
[35m[WD Proxy][39m Replacing sessionId 938ded0a-4080-4390-a9c2-d4db8325821d with eb778790-b7d7-4dad-b581-6fa726f6510a
[35m[HTTP][39m [37m<-- GET /wd/hub/session/eb778790-b7d7-4dad-b581-6fa726f6510a/element/00000000-0000-0c46-ffff-ffff0001467a/location [39m[32m200[39m [90m26 ms - 78[39m
[35m[HTTP][39m [90m[39m
[35m[HTTP][39m [37m-->[39m [37mPOST[39m [37m/wd/hub/session/eb778790-b7d7-4dad-b581-6fa726f6510a/timeouts[39m
[35m[HTTP][39m [90m{"implicit":10000}[39m
[35m[HTTP][39m [37m<-- POST /wd/hub/session/eb778790-b7d7-4dad-b581-6fa726f6510a/timeouts [39m[32m200[39m [90m1 ms - 14[39m
[35m[HTTP][39m [90m[39m
[35m[HTTP][39m [37m-->[39m [37mGET[39m [37m/wd/hub/session/eb778790-b7d7-4dad-b581-6fa726f6510a/element/00000000-0000-0c46-ffff-ffff0001467a/text[39m
[35m[HTTP][39m [90m{}[39m
[35m[W3C (eb778790)][39m Driver proxy active, passing request on via HTTP proxy
[35m[WD Proxy][39m Replacing sessionId 938ded0a-4080-4390-a9c2-d4db8325821d with eb778790-b7d7-4dad-b581-6fa726f6510a
[35m[HTTP][39m [37m<-- GET /wd/hub/session/eb778790-b7d7-4dad-b581-6fa726f6510a/element/00000000-0000-0c46-ffff-ffff0001467a/text [39m[32m200[39m [90m19 ms - 104[39m
[35m[HTTP][39m [90m[39m
[35m[HTTP][39m [37m-->[39m [37mGET[39m [37m/wd/hub/session/eb778790-b7d7-4dad-b581-6fa726f6510a/context[39m
[35m[HTTP][39m [90m{}[39m
[35m[HTTP][39m [37m<-- GET /wd/hub/session/eb778790-b7d7-4dad-b581-6fa726f6510a/context [39m[32m200[39m [90m2 ms - 22[39m
[35m[HTTP][39m [90m[39m
[35m[HTTP][39m [37m-->[39m [37mGET[39m [37m/wd/hub/session/eb778790-b7d7-4dad-b581-6fa726f6510a/contexts[39m
[35m[HTTP][39m [90m{}[39m
[35m[HTTP][39m [37m<-- GET /wd/hub/session/eb778790-b7d7-4dad-b581-6fa726f6510a/contexts [39m[32m200[39m [90m266 ms - 41[39m
[35m[HTTP][39m [90m[39m
[35m[HTTP][39m [37m-->[39m [37mPOST[39m [37m/wd/hub/session/eb778790-b7d7-4dad-b581-6fa726f6510a/context[39m
[35m[HTTP][39m [90m{"name":"NATIVE_APP"}[39m
[35m[HTTP][39m [37m<-- POST /wd/hub/session/eb778790-b7d7-4dad-b581-6fa726f6510a/context [39m[32m200[39m [90m1 ms - 14[39m
[35m[HTTP][39m [90m[39m
[35m[HTTP][39m [37m-->[39m [37mGET[39m [37m/wd/hub/session/eb778790-b7d7-4dad-b581-6fa726f6510a/screenshot[39m
[35m[HTTP][39m [90m{}[39m
[35m[HTTP][39m [37m<-- GET /wd/hub/session/eb778790-b7d7-4dad-b581-6fa726f6510a/screenshot [39m[32m200[39m [90m671 ms - 206232[39m
[35m[HTTP][39m [90m[39m
[35m[HTTP][39m [37m-->[39m [37mPOST[39m [37m/wd/hub/session/eb778790-b7d7-4dad-b581-6fa726f6510a/context[39m
[35m[HTTP][39m [90m{"name":"NATIVE_APP"}[39m
[35m[HTTP][39m [37m<-- POST /wd/hub/session/eb778790-b7d7-4dad-b581-6fa726f6510a/context [39m[32m200[39m [90m1 ms - 14[39m
[35m[HTTP][39m [90m[39m
[35m[HTTP][39m [37m-->[39m [37mPOST[39m [37m/wd/hub/session/eb778790-b7d7-4dad-b581-6fa726f6510a/timeouts[39m
[35m[HTTP][39m [90m{"implicit":50}[39m
[35m[HTTP][39m [37m<-- POST /wd/hub/session/eb778790-b7d7-4dad-b581-6fa726f6510a/timeouts [39m[32m200[39m [90m1 ms - 14[39m
[35m[HTTP][39m [90m[39m
[35m[HTTP][39m [37m-->[39m [37mGET[39m [37m/wd/hub/session/eb778790-b7d7-4dad-b581-6fa726f6510a/window/rect[39m
[35m[HTTP][39m [90m{}[39m
[35m[HTTP][39m [37m<-- GET /wd/hub/session/eb778790-b7d7-4dad-b581-6fa726f6510a/window/rect [39m[32m200[39m [90m31 ms - 50[39m
[35m[HTTP][39m [90m[39m
[35m[HTTP][39m [37m-->[39m [37mPOST[39m [37m/wd/hub/session/eb778790-b7d7-4dad-b581-6fa726f6510a/elements[39m
[35m[HTTP][39m [90m{"using":"xpath","value":"//*[@class = 'android.widget.TextView' and (@text = concat(\"Please fill in merchant\" , \"'\" , \"s details\") or . = concat(\"Please fill in merchant\" , \"'\" , \"s details\"))]"}[39m
[35m[HTTP][39m [37m<-- POST /wd/hub/session/eb778790-b7d7-4dad-b581-6fa726f6510a/elements [39m[32m200[39m [90m421 ms - 139[39m
[35m[HTTP][39m [90m[39m
[35m[HTTP][39m [37m-->[39m [37mGET[39m [37m/wd/hub/session/eb778790-b7d7-4dad-b581-6fa726f6510a/element/00000000-0000-0c46-ffff-ffff0001467b/location[39m
[35m[HTTP][39m [90m{}[39m
[35m[W3C (eb778790)][39m Driver proxy active, passing request on via HTTP proxy
[35m[WD Proxy][39m Replacing sessionId 938ded0a-4080-4390-a9c2-d4db8325821d with eb778790-b7d7-4dad-b581-6fa726f6510a
[35m[HTTP][39m [37m<-- GET /wd/hub/session/eb778790-b7d7-4dad-b581-6fa726f6510a/element/00000000-0000-0c46-ffff-ffff0001467b/location [39m[32m200[39m [90m27 ms - 78[39m
[35m[HTTP][39m [90m[39m
[35m[HTTP][39m [37m-->[39m [37mPOST[39m [37m/wd/hub/session/eb778790-b7d7-4dad-b581-6fa726f6510a/timeouts[39m
[35m[HTTP][39m [90m{"implicit":10000}[39m
[35m[HTTP][39m [37m<-- POST /wd/hub/session/eb778790-b7d7-4dad-b581-6fa726f6510a/timeouts [39m[32m200[39m [90m1 ms - 14[39m
[35m[HTTP][39m [90m[39m
[35m[HTTP][39m [37m-->[39m [37mGET[39m [37m/wd/hub/session/eb778790-b7d7-4dad-b581-6fa726f6510a/element/00000000-0000-0c46-ffff-ffff0001467b/text[39m
[35m[HTTP][39m [90m{}[39m
[35m[W3C (eb778790)][39m Driver proxy active, passing request on via HTTP proxy
[35m[WD Proxy][39m Replacing sessionId 938ded0a-4080-4390-a9c2-d4db8325821d with eb778790-b7d7-4dad-b581-6fa726f6510a
[35m[HTTP][39m [37m<-- GET /wd/hub/session/eb778790-b7d7-4dad-b581-6fa726f6510a/element/00000000-0000-0c46-ffff-ffff0001467b/text [39m[32m200[39m [90m25 ms - 96[39m
[35m[HTTP][39m [90m[39m
[35m[HTTP][39m [37m-->[39m [37mPOST[39m [37m/wd/hub/session/eb778790-b7d7-4dad-b581-6fa726f6510a/timeouts[39m
[35m[HTTP][39m [90m{"implicit":50}[39m
[35m[HTTP][39m [37m<-- POST /wd/hub/session/eb778790-b7d7-4dad-b581-6fa726f6510a/timeouts [39m[32m200[39m [90m1 ms - 14[39m
[35m[HTTP][39m [90m[39m
[35m[HTTP][39m [37m-->[39m [37mGET[39m [37m/wd/hub/session/eb778790-b7d7-4dad-b581-6fa726f6510a/window/rect[39m
[35m[HTTP][39m [90m{}[39m
[35m[HTTP][39m [37m<-- GET /wd/hub/session/eb778790-b7d7-4dad-b581-6fa726f6510a/window/rect [39m[32m200[39m [90m22 ms - 50[39m
[35m[HTTP][39m [90m[39m
[35m[HTTP][39m [37m-->[39m [37mPOST[39m [37m/wd/hub/session/eb778790-b7d7-4dad-b581-6fa726f6510a/elements[39m
[35m[HTTP][39m [90m{"using":"xpath","value":"//*[@class = 'android.widget.TextView' and (@text = 'Pay to' or . = 'Pay to')]"}[39m
[35m[HTTP][39m [37m<-- POST /wd/hub/session/eb778790-b7d7-4dad-b581-6fa726f6510a/elements [39m[32m200[39m [90m361 ms - 139[39m
[35m[HTTP][39m [90m[39m
[35m[HTTP][39m [37m-->[39m [37mGET[39m [37m/wd/hub/session/eb778790-b7d7-4dad-b581-6fa726f6510a/element/00000000-0000-0c46-ffff-ffff0001467c/location[39m
[35m[HTTP][39m [90m{}[39m
[35m[W3C (eb778790)][39m Driver proxy active, passing request on via HTTP proxy
[35m[WD Proxy][39m Replacing sessionId 938ded0a-4080-4390-a9c2-d4db8325821d with eb778790-b7d7-4dad-b581-6fa726f6510a
[35m[HTTP][39m [37m<-- GET /wd/hub/session/eb778790-b7d7-4dad-b581-6fa726f6510a/element/00000000-0000-0c46-ffff-ffff0001467c/location [39m[32m200[39m [90m29 ms - 78[39m
[35m[HTTP][39m [90m[39m
[35m[HTTP][39m [37m-->[39m [37mPOST[39m [37m/wd/hub/session/eb778790-b7d7-4dad-b581-6fa726f6510a/timeouts[39m
[35m[HTTP][39m [90m{"implicit":10000}[39m
[35m[HTTP][39m [37m<-- POST /wd/hub/session/eb778790-b7d7-4dad-b581-6fa726f6510a/timeouts [39m[32m200[39m [90m2 ms - 14[39m
[35m[HTTP][39m [90m[39m
[35m[HTTP][39m [37m-->[39m [37mGET[39m [37m/wd/hub/session/eb778790-b7d7-4dad-b581-6fa726f6510a/element/00000000-0000-0c46-ffff-ffff0001467c/text[39m
[35m[HTTP][39m [90m{}[39m
[35m[W3C (eb778790)][39m Driver proxy active, passing request on via HTTP proxy
[35m[WD Proxy][39m Replacing sessionId 938ded0a-4080-4390-a9c2-d4db8325821d with eb778790-b7d7-4dad-b581-6fa726f6510a
[35m[HTTP][39m [37m<-- GET /wd/hub/session/eb778790-b7d7-4dad-b581-6fa726f6510a/element/00000000-0000-0c46-ffff-ffff0001467c/text [39m[32m200[39m [90m24 ms - 69[39m
[35m[HTTP][39m [90m[39m
[35m[HTTP][39m [37m-->[39m [37mPOST[39m [37m/wd/hub/session/eb778790-b7d7-4dad-b581-6fa726f6510a/timeouts[39m
[35m[HTTP][39m [90m{"implicit":50}[39m
[35m[HTTP][39m [37m<-- POST /wd/hub/session/eb778790-b7d7-4dad-b581-6fa726f6510a/timeouts [39m[32m200[39m [90m1 ms - 14[39m
[35m[HTTP][39m [90m[39m
[35m[HTTP][39m [37m-->[39m [37mGET[39m [37m/wd/hub/session/eb778790-b7d7-4dad-b581-6fa726f6510a/window/rect[39m
[35m[HTTP][39m [90m{}[39m
[35m[HTTP][39m [37m<-- GET /wd/hub/session/eb778790-b7d7-4dad-b581-6fa726f6510a/window/rect [39m[32m200[39m [90m25 ms - 50[39m
[35m[HTTP][39m [90m[39m
[35m[HTTP][39m [37m-->[39m [37mPOST[39m [37m/wd/hub/session/eb778790-b7d7-4dad-b581-6fa726f6510a/elements[39m
[35m[HTTP][39m [90m{"using":"xpath","value":"//*[@class = 'android.widget.TextView' and (@text = 'Product name' or . = 'Product name')]"}[39m
[35m[HTTP][39m [37m<-- POST /wd/hub/session/eb778790-b7d7-4dad-b581-6fa726f6510a/elements [39m[32m200[39m [90m405 ms - 139[39m
[35m[HTTP][39m [90m[39m
[35m[HTTP][39m [37m-->[39m [37mGET[39m [37m/wd/hub/session/eb778790-b7d7-4dad-b581-6fa726f6510a/element/00000000-0000-0c46-ffff-ffff00014681/location[39m
[35m[HTTP][39m [90m{}[39m
[35m[W3C (eb778790)][39m Driver proxy active, passing request on via HTTP proxy
[35m[WD Proxy][39m Replacing sessionId 938ded0a-4080-4390-a9c2-d4db8325821d with eb778790-b7d7-4dad-b581-6fa726f6510a
[35m[HTTP][39m [37m<-- GET /wd/hub/session/eb778790-b7d7-4dad-b581-6fa726f6510a/element/00000000-0000-0c46-ffff-ffff00014681/location [39m[32m200[39m [90m29 ms - 78[39m
[35m[HTTP][39m [90m[39m
[35m[HTTP][39m [37m-->[39m [37mPOST[39m [37m/wd/hub/session/eb778790-b7d7-4dad-b581-6fa726f6510a/timeouts[39m
[35m[HTTP][39m [90m{"implicit":10000}[39m
[35m[HTTP][39m [37m<-- POST /wd/hub/session/eb778790-b7d7-4dad-b581-6fa726f6510a/timeouts [39m[32m200[39m [90m2 ms - 14[39m
[35m[HTTP][39m [90m[39m
[35m[HTTP][39m [37m-->[39m [37mGET[39m [37m/wd/hub/session/eb778790-b7d7-4dad-b581-6fa726f6510a/element/00000000-0000-0c46-ffff-ffff00014681/text[39m
[35m[HTTP][39m [90m{}[39m
[35m[W3C (eb778790)][39m Driver proxy active, passing request on via HTTP proxy
[35m[WD Proxy][39m Replacing sessionId 938ded0a-4080-4390-a9c2-d4db8325821d with eb778790-b7d7-4dad-b581-6fa726f6510a
[35m[HTTP][39m [37m<-- GET /wd/hub/session/eb778790-b7d7-4dad-b581-6fa726f6510a/element/00000000-0000-0c46-ffff-ffff00014681/text [39m[32m200[39m [90m24 ms - 75[39m
[35m[HTTP][39m [90m[39m
[35m[HTTP][39m [37m-->[39m [37mPOST[39m [37m/wd/hub/session/eb778790-b7d7-4dad-b581-6fa726f6510a/timeouts[39m
[35m[HTTP][39m [90m{"implicit":50}[39m
[35m[HTTP][39m [37m<-- POST /wd/hub/session/eb778790-b7d7-4dad-b581-6fa726f6510a/timeouts [39m[32m200[39m [90m1 ms - 14[39m
[35m[HTTP][39m [90m[39m
[35m[HTTP][39m [37m-->[39m [37mGET[39m [37m/wd/hub/session/eb778790-b7d7-4dad-b581-6fa726f6510a/window/rect[39m
[35m[HTTP][39m [90m{}[39m
[35m[HTTP][39m [37m<-- GET /wd/hub/session/eb778790-b7d7-4dad-b581-6fa726f6510a/window/rect [39m[32m200[39m [90m24 ms - 50[39m
[35m[HTTP][39m [90m[39m
[35m[HTTP][39m [37m-->[39m [37mPOST[39m [37m/wd/hub/session/eb778790-b7d7-4dad-b581-6fa726f6510a/elements[39m
[35m[HTTP][39m [90m{"using":"xpath","value":"//*[@class = 'android.widget.TextView' and (@text = 'Recipient reference' or . = 'Recipient reference')]"}[39m
[35m[HTTP][39m [37m<-- POST /wd/hub/session/eb778790-b7d7-4dad-b581-6fa726f6510a/elements [39m[32m200[39m [90m414 ms - 139[39m
[35m[HTTP][39m [90m[39m
[35m[HTTP][39m [37m-->[39m [37mGET[39m [37m/wd/hub/session/eb778790-b7d7-4dad-b581-6fa726f6510a/element/00000000-0000-0c46-ffff-ffff00014686/location[39m
[35m[HTTP][39m [90m{}[39m
[35m[W3C (eb778790)][39m Driver proxy active, passing request on via HTTP proxy
[35m[WD Proxy][39m Replacing sessionId 938ded0a-4080-4390-a9c2-d4db8325821d with eb778790-b7d7-4dad-b581-6fa726f6510a
[35m[HTTP][39m [37m<-- GET /wd/hub/session/eb778790-b7d7-4dad-b581-6fa726f6510a/element/00000000-0000-0c46-ffff-ffff00014686/location [39m[32m200[39m [90m34 ms - 79[39m
[35m[HTTP][39m [90m[39m
[35m[HTTP][39m [37m-->[39m [37mPOST[39m [37m/wd/hub/session/eb778790-b7d7-4dad-b581-6fa726f6510a/timeouts[39m
[35m[HTTP][39m [90m{"implicit":10000}[39m
[35m[HTTP][39m [37m<-- POST /wd/hub/session/eb778790-b7d7-4dad-b581-6fa726f6510a/timeouts [39m[32m200[39m [90m1 ms - 14[39m
[35m[HTTP][39m [90m[39m
[35m[HTTP][39m [37m-->[39m [37mGET[39m [37m/wd/hub/session/eb778790-b7d7-4dad-b581-6fa726f6510a/element/00000000-0000-0c46-ffff-ffff00014686/text[39m
[35m[HTTP][39m [90m{}[39m
[35m[W3C (eb778790)][39m Driver proxy active, passing request on via HTTP proxy
[35m[WD Proxy][39m Replacing sessionId 938ded0a-4080-4390-a9c2-d4db8325821d with eb778790-b7d7-4dad-b581-6fa726f6510a
[35m[HTTP][39m [37m<-- GET /wd/hub/session/eb778790-b7d7-4dad-b581-6fa726f6510a/element/00000000-0000-0c46-ffff-ffff00014686/text [39m[32m200[39m [90m24 ms - 82[39m
[35m[HTTP][39m [90m[39m
[35m[HTTP][39m [37m-->[39m [37mPOST[39m [37m/wd/hub/session/eb778790-b7d7-4dad-b581-6fa726f6510a/timeouts[39m
[35m[HTTP][39m [90m{"implicit":50}[39m
[35m[HTTP][39m [37m<-- POST /wd/hub/session/eb778790-b7d7-4dad-b581-6fa726f6510a/timeouts [39m[32m200[39m [90m1 ms - 14[39m
[35m[HTTP][39m [90m[39m
[35m[HTTP][39m [37m-->[39m [37mGET[39m [37m/wd/hub/session/eb778790-b7d7-4dad-b581-6fa726f6510a/window/rect[39m
[35m[HTTP][39m [90m{}[39m
[35m[HTTP][39m [37m<-- GET /wd/hub/session/eb778790-b7d7-4dad-b581-6fa726f6510a/window/rect [39m[32m200[39m [90m26 ms - 50[39m
[35m[HTTP][39m [90m[39m
[35m[HTTP][39m [37m-->[39m [37mPOST[39m [37m/wd/hub/session/eb778790-b7d7-4dad-b581-6fa726f6510a/elements[39m
[35m[HTTP][39m [90m{"using":"xpath","value":"//*[@class = 'android.widget.EditText' and (@text = 'e.g. INV23232323' or . = 'e.g. INV23232323')]"}[39m
[35m[HTTP][39m [37m<-- POST /wd/hub/session/eb778790-b7d7-4dad-b581-6fa726f6510a/elements [39m[32m200[39m [90m415 ms - 139[39m
[35m[HTTP][39m [90m[39m
[35m[HTTP][39m [37m-->[39m [37mGET[39m [37m/wd/hub/session/eb778790-b7d7-4dad-b581-6fa726f6510a/element/00000000-0000-0c46-ffff-ffff00014688/location[39m
[35m[HTTP][39m [90m{}[39m
[35m[W3C (eb778790)][39m Driver proxy active, passing request on via HTTP proxy
[35m[WD Proxy][39m Replacing sessionId 938ded0a-4080-4390-a9c2-d4db8325821d with eb778790-b7d7-4dad-b581-6fa726f6510a
[35m[HTTP][39m [37m<-- GET /wd/hub/session/eb778790-b7d7-4dad-b581-6fa726f6510a/element/00000000-0000-0c46-ffff-ffff00014688/location [39m[32m200[39m [90m27 ms - 79[39m
[35m[HTTP][39m [90m[39m
[35m[HTTP][39m [37m-->[39m [37mPOST[39m [37m/wd/hub/session/eb778790-b7d7-4dad-b581-6fa726f6510a/timeouts[39m
[35m[HTTP][39m [90m{"implicit":10000}[39m
[35m[HTTP][39m [37m<-- POST /wd/hub/session/eb778790-b7d7-4dad-b581-6fa726f6510a/timeouts [39m[32m200[39m [90m1 ms - 14[39m
[35m[HTTP][39m [90m[39m
[35m[HTTP][39m [37m-->[39m [37mGET[39m [37m/wd/hub/session/eb778790-b7d7-4dad-b581-6fa726f6510a/element/00000000-0000-0c46-ffff-ffff00014688/text[39m
[35m[HTTP][39m [90m{}[39m
[35m[W3C (eb778790)][39m Driver proxy active, passing request on via HTTP proxy
[35m[WD Proxy][39m Replacing sessionId 938ded0a-4080-4390-a9c2-d4db8325821d with eb778790-b7d7-4dad-b581-6fa726f6510a
[35m[HTTP][39m [37m<-- GET /wd/hub/session/eb778790-b7d7-4dad-b581-6fa726f6510a/element/00000000-0000-0c46-ffff-ffff00014688/text [39m[32m200[39m [90m25 ms - 79[39m
[35m[HTTP][39m [90m[39m
[35m[HTTP][39m [37m-->[39m [37mPOST[39m [37m/wd/hub/session/eb778790-b7d7-4dad-b581-6fa726f6510a/timeouts[39m
[35m[HTTP][39m [90m{"implicit":50}[39m
[35m[HTTP][39m [37m<-- POST /wd/hub/session/eb778790-b7d7-4dad-b581-6fa726f6510a/timeouts [39m[32m200[39m [90m2 ms - 14[39m
[35m[HTTP][39m [90m[39m
[35m[HTTP][39m [37m-->[39m [37mGET[39m [37m/wd/hub/session/eb778790-b7d7-4dad-b581-6fa726f6510a/window/rect[39m
[35m[HTTP][39m [90m{}[39m
[35m[HTTP][39m [37m<-- GET /wd/hub/session/eb778790-b7d7-4dad-b581-6fa726f6510a/window/rect [39m[32m200[39m [90m24 ms - 50[39m
[35m[HTTP][39m [90m[39m
[35m[HTTP][39m [37m-->[39m [37mPOST[39m [37m/wd/hub/session/eb778790-b7d7-4dad-b581-6fa726f6510a/elements[39m
[35m[HTTP][39m [90m{"using":"xpath","value":"(//*[@class = 'android.widget.TextView' and (@text = 'Pay to')]//following-sibling::android.view.ViewGroup/android.view.ViewGroup/android.widget.TextView)[1]"}[39m
[35m[HTTP][39m [37m<-- POST /wd/hub/session/eb778790-b7d7-4dad-b581-6fa726f6510a/elements [39m[32m200[39m [90m274 ms - 139[39m
[35m[HTTP][39m [90m[39m
[35m[HTTP][39m [37m-->[39m [37mGET[39m [37m/wd/hub/session/eb778790-b7d7-4dad-b581-6fa726f6510a/element/00000000-0000-0c46-ffff-ffff0001467f/location[39m
[35m[HTTP][39m [90m{}[39m
[35m[W3C (eb778790)][39m Driver proxy active, passing request on via HTTP proxy
[35m[WD Proxy][39m Replacing sessionId 938ded0a-4080-4390-a9c2-d4db8325821d with eb778790-b7d7-4dad-b581-6fa726f6510a
[35m[HTTP][39m [37m<-- GET /wd/hub/session/eb778790-b7d7-4dad-b581-6fa726f6510a/element/00000000-0000-0c46-ffff-ffff0001467f/location [39m[32m200[39m [90m27 ms - 78[39m
[35m[HTTP][39m [90m[39m
[35m[HTTP][39m [37m-->[39m [37mPOST[39m [37m/wd/hub/session/eb778790-b7d7-4dad-b581-6fa726f6510a/timeouts[39m
[35m[HTTP][39m [90m{"implicit":10000}[39m
[35m[HTTP][39m [37m<-- POST /wd/hub/session/eb778790-b7d7-4dad-b581-6fa726f6510a/timeouts [39m[32m200[39m [90m1 ms - 14[39m
[35m[HTTP][39m [90m[39m
[35m[HTTP][39m [37m-->[39m [37mGET[39m [37m/wd/hub/session/eb778790-b7d7-4dad-b581-6fa726f6510a/element/00000000-0000-0c46-ffff-ffff0001467f/text[39m
[35m[HTTP][39m [90m{}[39m
[35m[W3C (eb778790)][39m Driver proxy active, passing request on via HTTP proxy
[35m[WD Proxy][39m Replacing sessionId 938ded0a-4080-4390-a9c2-d4db8325821d with eb778790-b7d7-4dad-b581-6fa726f6510a
[35m[HTTP][39m [37m<-- GET /wd/hub/session/eb778790-b7d7-4dad-b581-6fa726f6510a/element/00000000-0000-0c46-ffff-ffff0001467f/text [39m[32m200[39m [90m27 ms - 76[39m
[35m[HTTP][39m [90m[39m
[35m[HTTP][39m [37m-->[39m [37mPOST[39m [37m/wd/hub/session/eb778790-b7d7-4dad-b581-6fa726f6510a/timeouts[39m
[35m[HTTP][39m [90m{"implicit":50}[39m
[35m[HTTP][39m [37m<-- POST /wd/hub/session/eb778790-b7d7-4dad-b581-6fa726f6510a/timeouts [39m[32m200[39m [90m1 ms - 14[39m
[35m[HTTP][39m [90m[39m
[35m[HTTP][39m [37m-->[39m [37mGET[39m [37m/wd/hub/session/eb778790-b7d7-4dad-b581-6fa726f6510a/window/rect[39m
[35m[HTTP][39m [90m{}[39m
[35m[HTTP][39m [37m<-- GET /wd/hub/session/eb778790-b7d7-4dad-b581-6fa726f6510a/window/rect [39m[32m200[39m [90m20 ms - 50[39m
[35m[HTTP][39m [90m[39m
[35m[HTTP][39m [37m-->[39m [37mPOST[39m [37m/wd/hub/session/eb778790-b7d7-4dad-b581-6fa726f6510a/elements[39m
[35m[HTTP][39m [90m{"using":"xpath","value":"(//*[@class = 'android.widget.TextView' and (@text = 'Pay to')]//following-sibling::android.view.ViewGroup/android.view.ViewGroup/android.widget.TextView)[1]"}[39m
[35m[HTTP][39m [37m<-- POST /wd/hub/session/eb778790-b7d7-4dad-b581-6fa726f6510a/elements [39m[32m200[39m [90m240 ms - 139[39m
[35m[HTTP][39m [90m[39m
[35m[HTTP][39m [37m-->[39m [37mGET[39m [37m/wd/hub/session/eb778790-b7d7-4dad-b581-6fa726f6510a/element/00000000-0000-0c46-ffff-ffff0001467f/location[39m
[35m[HTTP][39m [90m{}[39m
[35m[W3C (eb778790)][39m Driver proxy active, passing request on via HTTP proxy
[35m[WD Proxy][39m Replacing sessionId 938ded0a-4080-4390-a9c2-d4db8325821d with eb778790-b7d7-4dad-b581-6fa726f6510a
[35m[HTTP][39m [37m<-- GET /wd/hub/session/eb778790-b7d7-4dad-b581-6fa726f6510a/element/00000000-0000-0c46-ffff-ffff0001467f/location [39m[32m200[39m [90m38 ms - 78[39m
[35m[HTTP][39m [90m[39m
[35m[HTTP][39m [37m-->[39m [37mPOST[39m [37m/wd/hub/session/eb778790-b7d7-4dad-b581-6fa726f6510a/timeouts[39m
[35m[HTTP][39m [90m{"implicit":10000}[39m
[35m[HTTP][39m [37m<-- POST /wd/hub/session/eb778790-b7d7-4dad-b581-6fa726f6510a/timeouts [39m[32m200[39m [90m1 ms - 14[39m
[35m[HTTP][39m [90m[39m
[35m[HTTP][39m [37m-->[39m [37mPOST[39m [37m/wd/hub/session/eb778790-b7d7-4dad-b581-6fa726f6510a/element/00000000-0000-0c46-ffff-ffff0001467f/click[39m
[35m[HTTP][39m [90m{"id":"00000000-0000-0c46-ffff-ffff0001467f"}[39m
[35m[HTTP][39m [37m<-- POST /wd/hub/session/eb778790-b7d7-4dad-b581-6fa726f6510a/element/00000000-0000-0c46-ffff-ffff0001467f/click [39m[32m200[39m [90m63 ms - 14[39m
[35m[HTTP][39m [90m[39m
[35m[HTTP][39m [37m-->[39m [37mPOST[39m [37m/wd/hub/session/eb778790-b7d7-4dad-b581-6fa726f6510a/timeouts[39m
[35m[HTTP][39m [90m{"implicit":50}[39m
[35m[HTTP][39m [37m<-- POST /wd/hub/session/eb778790-b7d7-4dad-b581-6fa726f6510a/timeouts [39m[32m200[39m [90m1 ms - 14[39m
[35m[HTTP][39m [90m[39m
[35m[HTTP][39m [37m-->[39m [37mGET[39m [37m/wd/hub/session/eb778790-b7d7-4dad-b581-6fa726f6510a/window/rect[39m
[35m[HTTP][39m [90m{}[39m
[35m[HTTP][39m [37m<-- GET /wd/hub/session/eb778790-b7d7-4dad-b581-6fa726f6510a/window/rect [39m[32m200[39m [90m20 ms - 50[39m
[35m[HTTP][39m [90m[39m
[35m[HTTP][39m [37m-->[39m [37mPOST[39m [37m/wd/hub/session/eb778790-b7d7-4dad-b581-6fa726f6510a/elements[39m
[35m[HTTP][39m [90m{"using":"xpath","value":"//*[@class = 'android.widget.TextView' and (@text = 'Select Merchant' or . = 'Select Merchant')]"}[39m
[35m[HTTP][39m [37m<-- POST /wd/hub/session/eb778790-b7d7-4dad-b581-6fa726f6510a/elements [39m[32m200[39m [90m301 ms - 12[39m
[35m[HTTP][39m [90m[39m
[35m[HTTP][39m [37m-->[39m [37mPOST[39m [37m/wd/hub/session/eb778790-b7d7-4dad-b581-6fa726f6510a/elements[39m
[35m[HTTP][39m [90m{"using":"xpath","value":"//*[@class = 'android.widget.TextView' and (@text = 'Select Merchant' or . = 'Select Merchant')]"}[39m
[35m[HTTP][39m [37m<-- POST /wd/hub/session/eb778790-b7d7-4dad-b581-6fa726f6510a/elements [39m[32m200[39m [90m487 ms - 12[39m
[35m[HTTP][39m [90m[39m
[35m[HTTP][39m [37m-->[39m [37mPOST[39m [37m/wd/hub/session/eb778790-b7d7-4dad-b581-6fa726f6510a/elements[39m
[35m[HTTP][39m [90m{"using":"xpath","value":"//*[@class = 'android.widget.TextView' and (@text = 'Select Merchant' or . = 'Select Merchant')]"}[39m
[35m[HTTP][39m [37m<-- POST /wd/hub/session/eb778790-b7d7-4dad-b581-6fa726f6510a/elements [39m[32m200[39m [90m548 ms - 139[39m
[35m[HTTP][39m [90m[39m
[35m[HTTP][39m [37m-->[39m [37mGET[39m [37m/wd/hub/session/eb778790-b7d7-4dad-b581-6fa726f6510a/element/00000000-0000-0c46-ffff-ffff000146b6/location[39m
[35m[HTTP][39m [90m{}[39m
[35m[W3C (eb778790)][39m Driver proxy active, passing request on via HTTP proxy
[35m[WD Proxy][39m Replacing sessionId 938ded0a-4080-4390-a9c2-d4db8325821d with eb778790-b7d7-4dad-b581-6fa726f6510a
[35m[HTTP][39m [37m<-- GET /wd/hub/session/eb778790-b7d7-4dad-b581-6fa726f6510a/element/00000000-0000-0c46-ffff-ffff000146b6/location [39m[32m200[39m [90m17 ms - 78[39m
[35m[HTTP][39m [90m[39m
[35m[HTTP][39m [37m-->[39m [37mPOST[39m [37m/wd/hub/session/eb778790-b7d7-4dad-b581-6fa726f6510a/timeouts[39m
[35m[HTTP][39m [90m{"implicit":10000}[39m
[35m[HTTP][39m [37m<-- POST /wd/hub/session/eb778790-b7d7-4dad-b581-6fa726f6510a/timeouts [39m[32m200[39m [90m2 ms - 14[39m
[35m[HTTP][39m [90m[39m
[35m[HTTP][39m [37m-->[39m [37mGET[39m [37m/wd/hub/session/eb778790-b7d7-4dad-b581-6fa726f6510a/element/00000000-0000-0c46-ffff-ffff000146b6/text[39m
[35m[HTTP][39m [90m{}[39m
[35m[W3C (eb778790)][39m Driver proxy active, passing request on via HTTP proxy
[35m[WD Proxy][39m Replacing sessionId 938ded0a-4080-4390-a9c2-d4db8325821d with eb778790-b7d7-4dad-b581-6fa726f6510a
[35m[HTTP][39m [37m<-- GET /wd/hub/session/eb778790-b7d7-4dad-b581-6fa726f6510a/element/00000000-0000-0c46-ffff-ffff000146b6/text [39m[32m200[39m [90m15 ms - 78[39m
[35m[HTTP][39m [90m[39m
[35m[HTTP][39m [37m-->[39m [37mGET[39m [37m/wd/hub/session/eb778790-b7d7-4dad-b581-6fa726f6510a/context[39m
[35m[HTTP][39m [90m{}[39m
[35m[HTTP][39m [37m<-- GET /wd/hub/session/eb778790-b7d7-4dad-b581-6fa726f6510a/context [39m[32m200[39m [90m1 ms - 22[39m
[35m[HTTP][39m [90m[39m
[35m[HTTP][39m [37m-->[39m [37mGET[39m [37m/wd/hub/session/eb778790-b7d7-4dad-b581-6fa726f6510a/contexts[39m
[35m[HTTP][39m [90m{}[39m
[35m[HTTP][39m [37m<-- GET /wd/hub/session/eb778790-b7d7-4dad-b581-6fa726f6510a/contexts [39m[32m200[39m [90m257 ms - 41[39m
[35m[HTTP][39m [90m[39m
[35m[HTTP][39m [37m-->[39m [37mPOST[39m [37m/wd/hub/session/eb778790-b7d7-4dad-b581-6fa726f6510a/context[39m
[35m[HTTP][39m [90m{"name":"NATIVE_APP"}[39m
[35m[HTTP][39m [37m<-- POST /wd/hub/session/eb778790-b7d7-4dad-b581-6fa726f6510a/context [39m[32m200[39m [90m1 ms - 14[39m
[35m[HTTP][39m [90m[39m
[35m[HTTP][39m [37m-->[39m [37mGET[39m [37m/wd/hub/session/eb778790-b7d7-4dad-b581-6fa726f6510a/screenshot[39m
[35m[HTTP][39m [90m{}[39m
[35m[HTTP][39m [37m<-- GET /wd/hub/session/eb778790-b7d7-4dad-b581-6fa726f6510a/screenshot [39m[32m200[39m [90m646 ms - 61428[39m
[35m[HTTP][39m [90m[39m
[35m[HTTP][39m [37m-->[39m [37mPOST[39m [37m/wd/hub/session/eb778790-b7d7-4dad-b581-6fa726f6510a/context[39m
[35m[HTTP][39m [90m{"name":"NATIVE_APP"}[39m
[35m[HTTP][39m [37m<-- POST /wd/hub/session/eb778790-b7d7-4dad-b581-6fa726f6510a/context [39m[32m200[39m [90m1 ms - 14[39m
[35m[HTTP][39m [90m[39m
[35m[HTTP][39m [37m-->[39m [37mPOST[39m [37m/wd/hub/session/eb778790-b7d7-4dad-b581-6fa726f6510a/timeouts[39m
[35m[HTTP][39m [90m{"implicit":50}[39m
[35m[HTTP][39m [37m<-- POST /wd/hub/session/eb778790-b7d7-4dad-b581-6fa726f6510a/timeouts [39m[32m200[39m [90m1 ms - 14[39m
[35m[HTTP][39m [90m[39m
[35m[HTTP][39m [37m-->[39m [37mGET[39m [37m/wd/hub/session/eb778790-b7d7-4dad-b581-6fa726f6510a/window/rect[39m
[35m[HTTP][39m [90m{}[39m
[35m[HTTP][39m [37m<-- GET /wd/hub/session/eb778790-b7d7-4dad-b581-6fa726f6510a/window/rect [39m[32m200[39m [90m17 ms - 50[39m
[35m[HTTP][39m [90m[39m
[35m[HTTP][39m [37m-->[39m [37mPOST[39m [37m/wd/hub/session/eb778790-b7d7-4dad-b581-6fa726f6510a/elements[39m
[35m[HTTP][39m [90m{"using":"xpath","value":"//*[@class = 'android.widget.TextView' and (@text = 'Type to search' or . = 'Type to search')]"}[39m
[35m[HTTP][39m [37m<-- POST /wd/hub/session/eb778790-b7d7-4dad-b581-6fa726f6510a/elements [39m[32m200[39m [90m148 ms - 139[39m
[35m[HTTP][39m [90m[39m
[35m[HTTP][39m [37m-->[39m [37mGET[39m [37m/wd/hub/session/eb778790-b7d7-4dad-b581-6fa726f6510a/element/00000000-0000-0c46-ffff-ffff000146bd/location[39m
[35m[HTTP][39m [90m{}[39m
[35m[W3C (eb778790)][39m Driver proxy active, passing request on via HTTP proxy
[35m[WD Proxy][39m Replacing sessionId 938ded0a-4080-4390-a9c2-d4db8325821d with eb778790-b7d7-4dad-b581-6fa726f6510a
[35m[HTTP][39m [37m<-- GET /wd/hub/session/eb778790-b7d7-4dad-b581-6fa726f6510a/element/00000000-0000-0c46-ffff-ffff000146bd/location [39m[32m200[39m [90m29 ms - 78[39m
[35m[HTTP][39m [90m[39m
[35m[HTTP][39m [37m-->[39m [37mPOST[39m [37m/wd/hub/session/eb778790-b7d7-4dad-b581-6fa726f6510a/timeouts[39m
[35m[HTTP][39m [90m{"implicit":10000}[39m
[35m[HTTP][39m [37m<-- POST /wd/hub/session/eb778790-b7d7-4dad-b581-6fa726f6510a/timeouts [39m[32m200[39m [90m2 ms - 14[39m
[35m[HTTP][39m [90m[39m
[35m[HTTP][39m [37m-->[39m [37mGET[39m [37m/wd/hub/session/eb778790-b7d7-4dad-b581-6fa726f6510a/element/00000000-0000-0c46-ffff-ffff000146bd/text[39m
[35m[HTTP][39m [90m{}[39m
[35m[W3C (eb778790)][39m Driver proxy active, passing request on via HTTP proxy
[35m[WD Proxy][39m Replacing sessionId 938ded0a-4080-4390-a9c2-d4db8325821d with eb778790-b7d7-4dad-b581-6fa726f6510a
[35m[HTTP][39m [37m<-- GET /wd/hub/session/eb778790-b7d7-4dad-b581-6fa726f6510a/element/00000000-0000-0c46-ffff-ffff000146bd/text [39m[32m200[39m [90m16 ms - 77[39m
[35m[HTTP][39m [90m[39m
[35m[HTTP][39m [37m-->[39m [37mPOST[39m [37m/wd/hub/session/eb778790-b7d7-4dad-b581-6fa726f6510a/timeouts[39m
[35m[HTTP][39m [90m{"implicit":50}[39m
[35m[HTTP][39m [37m<-- POST /wd/hub/session/eb778790-b7d7-4dad-b581-6fa726f6510a/timeouts [39m[32m200[39m [90m2 ms - 14[39m
[35m[HTTP][39m [90m[39m
[35m[HTTP][39m [37m-->[39m [37mGET[39m [37m/wd/hub/session/eb778790-b7d7-4dad-b581-6fa726f6510a/window/rect[39m
[35m[HTTP][39m [90m{}[39m
[35m[HTTP][39m [37m<-- GET /wd/hub/session/eb778790-b7d7-4dad-b581-6fa726f6510a/window/rect [39m[32m200[39m [90m19 ms - 50[39m
[35m[HTTP][39m [90m[39m
[35m[HTTP][39m [37m-->[39m [37mPOST[39m [37m/wd/hub/session/eb778790-b7d7-4dad-b581-6fa726f6510a/elements[39m
[35m[HTTP][39m [90m{"using":"xpath","value":"(//*[@class = 'android.widget.ImageView'])[2]"}[39m
[35m[HTTP][39m [37m<-- POST /wd/hub/session/eb778790-b7d7-4dad-b581-6fa726f6510a/elements [39m[32m200[39m [90m76 ms - 139[39m
[35m[HTTP][39m [90m[39m
[35m[HTTP][39m [37m-->[39m [37mGET[39m [37m/wd/hub/session/eb778790-b7d7-4dad-b581-6fa726f6510a/element/00000000-0000-0c46-ffff-ffff000146bc/location[39m
[35m[HTTP][39m [90m{}[39m
[35m[W3C (eb778790)][39m Driver proxy active, passing request on via HTTP proxy
[35m[WD Proxy][39m Replacing sessionId 938ded0a-4080-4390-a9c2-d4db8325821d with eb778790-b7d7-4dad-b581-6fa726f6510a
[35m[HTTP][39m [37m<-- GET /wd/hub/session/eb778790-b7d7-4dad-b581-6fa726f6510a/element/00000000-0000-0c46-ffff-ffff000146bc/location [39m[32m200[39m [90m40 ms - 77[39m
[35m[HTTP][39m [90m[39m
[35m[HTTP][39m [37m-->[39m [37mPOST[39m [37m/wd/hub/session/eb778790-b7d7-4dad-b581-6fa726f6510a/timeouts[39m
[35m[HTTP][39m [90m{"implicit":10000}[39m
[35m[HTTP][39m [37m<-- POST /wd/hub/session/eb778790-b7d7-4dad-b581-6fa726f6510a/timeouts [39m[32m200[39m [90m4 ms - 14[39m
[35m[HTTP][39m [90m[39m
[35m[HTTP][39m [37m-->[39m [37mPOST[39m [37m/wd/hub/session/eb778790-b7d7-4dad-b581-6fa726f6510a/element/00000000-0000-0c46-ffff-ffff000146bc/click[39m
[35m[HTTP][39m [90m{"id":"00000000-0000-0c46-ffff-ffff000146bc"}[39m
[35m[HTTP][39m [37m<-- POST /wd/hub/session/eb778790-b7d7-4dad-b581-6fa726f6510a/element/00000000-0000-0c46-ffff-ffff000146bc/click [39m[32m200[39m [90m59 ms - 14[39m
[35m[HTTP][39m [90m[39m
[35m[HTTP][39m [37m-->[39m [37mPOST[39m [37m/wd/hub/session/eb778790-b7d7-4dad-b581-6fa726f6510a/timeouts[39m
[35m[HTTP][39m [90m{"implicit":50}[39m
[35m[HTTP][39m [37m<-- POST /wd/hub/session/eb778790-b7d7-4dad-b581-6fa726f6510a/timeouts [39m[32m200[39m [90m1 ms - 14[39m
[35m[HTTP][39m [90m[39m
[35m[HTTP][39m [37m-->[39m [37mGET[39m [37m/wd/hub/session/eb778790-b7d7-4dad-b581-6fa726f6510a/window/rect[39m
[35m[HTTP][39m [90m{}[39m
[35m[HTTP][39m [37m<-- GET /wd/hub/session/eb778790-b7d7-4dad-b581-6fa726f6510a/window/rect [39m[32m200[39m [90m19 ms - 50[39m
[35m[HTTP][39m [90m[39m
[35m[HTTP][39m [37m-->[39m [37mPOST[39m [37m/wd/hub/session/eb778790-b7d7-4dad-b581-6fa726f6510a/elements[39m
[35m[HTTP][39m [90m{"using":"xpath","value":"(//*[@class = 'android.widget.EditText'])[1]"}[39m
[35m[HTTP][39m [37m<-- POST /wd/hub/session/eb778790-b7d7-4dad-b581-6fa726f6510a/elements [39m[32m200[39m [90m114 ms - 12[39m
[35m[HTTP][39m [90m[39m
[35m[HTTP][39m [37m-->[39m [37mPOST[39m [37m/wd/hub/session/eb778790-b7d7-4dad-b581-6fa726f6510a/elements[39m
[35m[HTTP][39m [90m{"using":"xpath","value":"(//*[@class = 'android.widget.EditText'])[1]"}[39m
[35m[HTTP][39m [37m<-- POST /wd/hub/session/eb778790-b7d7-4dad-b581-6fa726f6510a/elements [39m[32m200[39m [90m86 ms - 12[39m
[35m[HTTP][39m [90m[39m
[35m[HTTP][39m [37m-->[39m [37mPOST[39m [37m/wd/hub/session/eb778790-b7d7-4dad-b581-6fa726f6510a/elements[39m
[35m[HTTP][39m [90m{"using":"xpath","value":"(//*[@class = 'android.widget.EditText'])[1]"}[39m
[35m[HTTP][39m [37m<-- POST /wd/hub/session/eb778790-b7d7-4dad-b581-6fa726f6510a/elements [39m[32m200[39m [90m60 ms - 12[39m
[35m[HTTP][39m [90m[39m
[35m[HTTP][39m [37m-->[39m [37mPOST[39m [37m/wd/hub/session/eb778790-b7d7-4dad-b581-6fa726f6510a/elements[39m
[35m[HTTP][39m [90m{"using":"xpath","value":"(//*[@class = 'android.widget.EditText'])[1]"}[39m
[35m[HTTP][39m [37m<-- POST /wd/hub/session/eb778790-b7d7-4dad-b581-6fa726f6510a/elements [39m[32m200[39m [90m69 ms - 12[39m
[35m[HTTP][39m [90m[39m
[35m[HTTP][39m [37m-->[39m [37mPOST[39m [37m/wd/hub/session/eb778790-b7d7-4dad-b581-6fa726f6510a/elements[39m
[35m[HTTP][39m [90m{"using":"xpath","value":"(//*[@class = 'android.widget.EditText'])[1]"}[39m
[35m[HTTP][39m [37m<-- POST /wd/hub/session/eb778790-b7d7-4dad-b581-6fa726f6510a/elements [39m[32m200[39m [90m110 ms - 12[39m
[35m[HTTP][39m [90m[39m
[35m[HTTP][39m [37m-->[39m [37mPOST[39m [37m/wd/hub/session/eb778790-b7d7-4dad-b581-6fa726f6510a/elements[39m
[35m[HTTP][39m [90m{"using":"xpath","value":"(//*[@class = 'android.widget.EditText'])[1]"}[39m
[35m[HTTP][39m [37m<-- POST /wd/hub/session/eb778790-b7d7-4dad-b581-6fa726f6510a/elements [39m[32m200[39m [90m55 ms - 12[39m
[35m[HTTP][39m [90m[39m
[35m[HTTP][39m [37m-->[39m [37mPOST[39m [37m/wd/hub/session/eb778790-b7d7-4dad-b581-6fa726f6510a/elements[39m
[35m[HTTP][39m [90m{"using":"xpath","value":"(//*[@class = 'android.widget.EditText'])[1]"}[39m
[35m[HTTP][39m [37m<-- POST /wd/hub/session/eb778790-b7d7-4dad-b581-6fa726f6510a/elements [39m[32m200[39m [90m56 ms - 12[39m
[35m[HTTP][39m [90m[39m
[35m[HTTP][39m [37m-->[39m [37mPOST[39m [37m/wd/hub/session/eb778790-b7d7-4dad-b581-6fa726f6510a/elements[39m
[35m[HTTP][39m [90m{"using":"xpath","value":"(//*[@class = 'android.widget.EditText'])[1]"}[39m
[35m[HTTP][39m [37m<-- POST /wd/hub/session/eb778790-b7d7-4dad-b581-6fa726f6510a/elements [39m[32m200[39m [90m55 ms - 12[39m
[35m[HTTP][39m [90m[39m
[35m[HTTP][39m [37m-->[39m [37mPOST[39m [37m/wd/hub/session/eb778790-b7d7-4dad-b581-6fa726f6510a/elements[39m
[35m[HTTP][39m [90m{"using":"xpath","value":"(//*[@class = 'android.widget.EditText'])[1]"}[39m
[35m[HTTP][39m [37m<-- POST /wd/hub/session/eb778790-b7d7-4dad-b581-6fa726f6510a/elements [39m[32m200[39m [90m54 ms - 12[39m
[35m[HTTP][39m [90m[39m
[35m[HTTP][39m [37m-->[39m [37mPOST[39m [37m/wd/hub/session/eb778790-b7d7-4dad-b581-6fa726f6510a/elements[39m
[35m[HTTP][39m [90m{"using":"xpath","value":"(//*[@class = 'android.widget.EditText'])[1]"}[39m
[35m[HTTP][39m [37m<-- POST /wd/hub/session/eb778790-b7d7-4dad-b581-6fa726f6510a/elements [39m[32m200[39m [90m56 ms - 12[39m
[35m[HTTP][39m [90m[39m
[35m[HTTP][39m [37m-->[39m [37mPOST[39m [37m/wd/hub/session/eb778790-b7d7-4dad-b581-6fa726f6510a/elements[39m
[35m[HTTP][39m [90m{"using":"xpath","value":"(//*[@class = 'android.widget.EditText'])[1]"}[39m
[35m[HTTP][39m [37m<-- POST /wd/hub/session/eb778790-b7d7-4dad-b581-6fa726f6510a/elements [39m[32m200[39m [90m108 ms - 12[39m
[35m[HTTP][39m [90m[39m
[35m[HTTP][39m [37m-->[39m [37mPOST[39m [37m/wd/hub/session/eb778790-b7d7-4dad-b581-6fa726f6510a/elements[39m
[35m[HTTP][39m [90m{"using":"xpath","value":"(//*[@class = 'android.widget.EditText'])[1]"}[39m
[35m[HTTP][39m [37m<-- POST /wd/hub/session/eb778790-b7d7-4dad-b581-6fa726f6510a/elements [39m[32m200[39m [90m53 ms - 12[39m
[35m[HTTP][39m [90m[39m
[35m[HTTP][39m [37m-->[39m [37mPOST[39m [37m/wd/hub/session/eb778790-b7d7-4dad-b581-6fa726f6510a/elements[39m
[35m[HTTP][39m [90m{"using":"xpath","value":"(//*[@class = 'android.widget.EditText'])[1]"}[39m
[35m[HTTP][39m [37m<-- POST /wd/hub/session/eb778790-b7d7-4dad-b581-6fa726f6510a/elements [39m[32m200[39m [90m57 ms - 12[39m
[35m[HTTP][39m [90m[39m
[35m[HTTP][39m [37m-->[39m [37mPOST[39m [37m/wd/hub/session/eb778790-b7d7-4dad-b581-6fa726f6510a/elements[39m
[35m[HTTP][39m [90m{"using":"xpath","value":"(//*[@class = 'android.widget.EditText'])[1]"}[39m
[35m[HTTP][39m [37m<-- POST /wd/hub/session/eb778790-b7d7-4dad-b581-6fa726f6510a/elements [39m[32m200[39m [90m10029 ms - 12[39m
[35m[HTTP][39m [90m[39m
[35m[HTTP][39m [37m-->[39m [37mPOST[39m [37m/wd/hub/session/eb778790-b7d7-4dad-b581-6fa726f6510a/timeouts[39m
[35m[HTTP][39m [90m{"implicit":10000}[39m
[35m[HTTP][39m [37m<-- POST /wd/hub/session/eb778790-b7d7-4dad-b581-6fa726f6510a/timeouts [39m[32m200[39m [90m1 ms - 14[39m
[35m[HTTP][39m [90m[39m
[35m[HTTP][39m [37m-->[39m [37mPOST[39m [37m/wd/hub/session/eb778790-b7d7-4dad-b581-6fa726f6510a/timeouts[39m
[35m[HTTP][39m [90m{"implicit":50}[39m
[35m[HTTP][39m [37m<-- POST /wd/hub/session/eb778790-b7d7-4dad-b581-6fa726f6510a/timeouts [39m[32m200[39m [90m1 ms - 14[39m
[35m[HTTP][39m [90m[39m
[35m[HTTP][39m [37m-->[39m [37mGET[39m [37m/wd/hub/session/eb778790-b7d7-4dad-b581-6fa726f6510a/window/rect[39m
[35m[HTTP][39m [90m{}[39m
[35m[HTTP][39m [37m<-- GET /wd/hub/session/eb778790-b7d7-4dad-b581-6fa726f6510a/window/rect [39m[32m200[39m [90m26 ms - 50[39m
[35m[HTTP][39m [90m[39m
[35m[HTTP][39m [37m-->[39m [37mPOST[39m [37m/wd/hub/session/eb778790-b7d7-4dad-b581-6fa726f6510a/elements[39m
[35m[HTTP][39m [90m{"using":"xpath","value":"//*[@class = 'android.widget.TextView' and (@text = 'No Result Found' or . = 'No Result Found')]"}[39m
[35m[HTTP][39m [37m<-- POST /wd/hub/session/eb778790-b7d7-4dad-b581-6fa726f6510a/elements [39m[32m-[39m [90m- ms - -[39m
[35m[HTTP][39m [90m[39m
