[35m[Appium][39m Welcome to Appium v1.22.1
[35m[Appium][39m Non-default server args:
[35m[Appium][39m   port: 50318
[35m[Appium][39m   loglevel: info
[35m[Appium][39m   tmpDir: C:\Users\00139711\AppData\Local\Temp\\Katalon\Appium\Temp1671525718520
[35m[Appium][39m   chromedriverPort: 50321
[35m[Appium][39m Deprecated server args:
[35m[Appium][39m   [31m--chromedriver-port[39m => --default-capabilities
[35m[Appium][39m Default capabilities, which will be added to each request unless overridden by desired capabilities:
[35m[Appium][39m   chromedriverPort: 50321
[35m[Appium][39m Appium REST http interface listener started on 0.0.0.0:50318
[35m[HTTP][39m [37m-->[39m [37mGET[39m [37m/wd/hub/status[39m
[35m[HTTP][39m [90m{}[39m
[35m[HTTP][39m [37m<-- GET /wd/hub/status [39m[32m200[39m [90m9 ms - 68[39m
[35m[HTTP][39m [90m[39m
[35m[HTTP][39m [37m-->[39m [37mPOST[39m [37m/wd/hub/session[39m
[35m[HTTP][39m [90m{"desiredCapabilities":{"appPackage":"com.android.settings","noReset":true,"AppWaitActivity":"*","deviceId":"N7U869LV456D5S8L","deviceName":"OPPO CPH1823 (Android 10)","platform":"ANDROID","appActivity":".Settings","newCommandTimeout":1800,"platformVersion":"10","automationName":"uiautomator2","autoGrantPermissions":true,"androidScreenshotPath":"/Screenshot","platformName":"Android","udid":"N7U869LV456D5S8L","systemPort":8221},"capabilities":{"firstMatch":[{"AppWaitActivity":"*","appium:androidScreenshotPath":"/Screenshot","appium:appActivity":".Settings","appium:appPackage":"com.android.settings","appium:autoGrantPermissions":true,"appium:automationName":"uiautomator2","deviceId":"N7U869LV456D5S8L","appium:deviceName":"OPPO CPH1823 (Android 10)","appium:newCommandTimeout":1800,"appium:noReset":true,"platform":"ANDROID","platformName":"android","appium:platformVersion":"10","appium:systemPort":8221,"appium:udid":"N7U869LV456D5S8L"}]}}[39m
[35m[BaseDriver][39m The following capabilities are not standard capabilities and should have an extension prefix:
[35m[BaseDriver][39m   AppWaitActivity
[35m[BaseDriver][39m   deviceId
[35m[BaseDriver][39m   platform
[35m[BaseDriver][39m   chromedriverPort
[35m[Appium][39m Appium v1.22.1 creating new AndroidUiautomator2Driver (v1.70.1) session
[35m[BaseDriver][39m The following capabilities were provided, but are not recognized by Appium:
[35m[BaseDriver][39m   AppWaitActivity
[35m[BaseDriver][39m   deviceId
[35m[BaseDriver][39m   platform
[35m[BaseDriver][39m Session created with session id: a7b16a96-347e-4f90-a553-60ef29ee4d39
[35m[UiAutomator2][39m Starting 'com.android.settings' directly on the device
[35m[ADB][39m Found 1 'build-tools' folders under 'C:\Users\00139711\.katalon\tools\android_sdk' (newest first):
[35m[ADB][39m     C:/Users/00139711/.katalon/tools/android_sdk/build-tools/29.0.3
[35m[ADB][39m Using 'adb.exe' from 'C:\Users\00139711\.katalon\tools\android_sdk\platform-tools\adb.exe'
[35m[AndroidDriver][39m Retrieving device list
[35m[AndroidDriver][39m Using device: N7U869LV456D5S8L
[35m[ADB][39m Using 'adb.exe' from 'C:\Users\00139711\.katalon\tools\android_sdk\platform-tools\adb.exe'
[35m[ADB][39m Getting device platform version
[35m[UiAutomator2][39m Relaxing hidden api policy
[35m[AndroidDriver][39m No app sent in, not parsing package/activity
[35m[ADB][39m Using 'apksigner.jar' from 'C:\Users\00139711\.katalon\tools\android_sdk\build-tools\29.0.3\lib\apksigner.jar'
[35m[ADB][39m 'C:\Users\00139711\AppData\Roaming\npm\node_modules\appium\node_modules\appium-uiautomator2-server\apks\appium-uiautomator2-server-v4.27.0.apk' is signed with the default certificate
[35m[ADB][39m 'C:\Users\00139711\AppData\Roaming\npm\node_modules\appium\node_modules\appium-uiautomator2-server\apks\appium-uiautomator2-server-debug-androidTest.apk' is signed with the default certificate
[35m[UiAutomator2][39m Server packages are not going to be (re)installed
[35m[ADB][39m Adding packages ["io.appium.settings","io.appium.uiautomator2.server","io.appium.uiautomator2.server.test"] to Doze whitelist
[35m[UiAutomator2][39m Starting UIAutomator2 server 4.27.0
[35m[UiAutomator2][39m Using UIAutomator2 server from 'C:\Users\00139711\AppData\Roaming\npm\node_modules\appium\node_modules\appium-uiautomator2-server\apks\appium-uiautomator2-server-v4.27.0.apk' and test from 'C:\Users\00139711\AppData\Roaming\npm\node_modules\appium\node_modules\appium-uiautomator2-server\apks\appium-uiautomator2-server-debug-androidTest.apk'
[35m[UiAutomator2][39m Waiting up to 30000ms for UiAutomator2 to be online...
[35m[WD Proxy][39m socket hang up
[35m[WD Proxy][39m socket hang up
[35m[WD Proxy][39m socket hang up
[35m[WD Proxy][39m Determined the downstream protocol as 'W3C'
[35m[AndroidDriver][39m Screen already unlocked, doing nothing
[35m[UiAutomator2][39m Starting 'com.android.settings/.Settings and waiting for 'com.android.settings/.Settings'
[35m[Appium][39m New AndroidUiautomator2Driver session created successfully, session a7b16a96-347e-4f90-a553-60ef29ee4d39 added to master session list
[35m[HTTP][39m [37m<-- POST /wd/hub/session [39m[32m200[39m [90m8675 ms - 1376[39m
[35m[HTTP][39m [90m[39m
[35m[HTTP][39m [37m-->[39m [37mGET[39m [37m/wd/hub/session/a7b16a96-347e-4f90-a553-60ef29ee4d39[39m
[35m[HTTP][39m [90m{}[39m
[35m[HTTP][39m [37m<-- GET /wd/hub/session/a7b16a96-347e-4f90-a553-60ef29ee4d39 [39m[32m200[39m [90m12 ms - 1330[39m
[35m[HTTP][39m [90m[39m
[35m[HTTP][39m [37m-->[39m [37mGET[39m [37m/wd/hub/session/a7b16a96-347e-4f90-a553-60ef29ee4d39[39m
[35m[HTTP][39m [90m{}[39m
[35m[HTTP][39m [37m<-- GET /wd/hub/session/a7b16a96-347e-4f90-a553-60ef29ee4d39 [39m[32m200[39m [90m12 ms - 1330[39m
[35m[HTTP][39m [90m[39m
[35m[HTTP][39m [37m-->[39m [37mGET[39m [37m/wd/hub/status[39m
[35m[HTTP][39m [90m{}[39m
[35m[HTTP][39m [37m<-- GET /wd/hub/status [39m[32m200[39m [90m1 ms - 68[39m
[35m[HTTP][39m [90m[39m
[35m[HTTP][39m [37m-->[39m [37mPOST[39m [37m/wd/hub/session/a7b16a96-347e-4f90-a553-60ef29ee4d39/timeouts[39m
[35m[HTTP][39m [90m{"implicit":10000}[39m
[35m[HTTP][39m [37m<-- POST /wd/hub/session/a7b16a96-347e-4f90-a553-60ef29ee4d39/timeouts [39m[32m200[39m [90m2 ms - 14[39m
[35m[HTTP][39m [90m[39m
[35m[HTTP][39m [37m-->[39m [37mGET[39m [37m/wd/hub/session/a7b16a96-347e-4f90-a553-60ef29ee4d39/screenshot[39m
[35m[HTTP][39m [90m{}[39m
[35m[HTTP][39m [37m<-- GET /wd/hub/session/a7b16a96-347e-4f90-a553-60ef29ee4d39/screenshot [39m[32m200[39m [90m724 ms - 203326[39m
[35m[HTTP][39m [90m[39m
[35m[HTTP][39m [37m-->[39m [37mGET[39m [37m/wd/hub/session/a7b16a96-347e-4f90-a553-60ef29ee4d39/window/rect[39m
[35m[HTTP][39m [90m{}[39m
[35m[HTTP][39m [37m<-- GET /wd/hub/session/a7b16a96-347e-4f90-a553-60ef29ee4d39/window/rect [39m[32m200[39m [90m23 ms - 50[39m
[35m[HTTP][39m [90m[39m
[35m[HTTP][39m [37m-->[39m [37mGET[39m [37m/wd/hub/session/a7b16a96-347e-4f90-a553-60ef29ee4d39/appium/device/system_bars[39m
[35m[HTTP][39m [90m{}[39m
[35m[HTTP][39m [37m<-- GET /wd/hub/session/a7b16a96-347e-4f90-a553-60ef29ee4d39/appium/device/system_bars [39m[32m200[39m [90m144 ms - 148[39m
[35m[HTTP][39m [90m[39m
[35m[HTTP][39m [37m-->[39m [37mPOST[39m [37m/wd/hub/session/a7b16a96-347e-4f90-a553-60ef29ee4d39/appium/device/activate_app[39m
[35m[HTTP][39m [90m{"bundleId":"com.maybank2u.life.dev"}[39m
[35m[HTTP][39m [37m<-- POST /wd/hub/session/a7b16a96-347e-4f90-a553-60ef29ee4d39/appium/device/activate_app [39m[32m200[39m [90m517 ms - 14[39m
[35m[HTTP][39m [90m[39m
[35m[HTTP][39m [37m-->[39m [37mPOST[39m [37m/wd/hub/session/a7b16a96-347e-4f90-a553-60ef29ee4d39/timeouts[39m
[35m[HTTP][39m [90m{"implicit":50}[39m
[35m[HTTP][39m [37m<-- POST /wd/hub/session/a7b16a96-347e-4f90-a553-60ef29ee4d39/timeouts [39m[32m200[39m [90m2 ms - 14[39m
[35m[HTTP][39m [90m[39m
[35m[HTTP][39m [37m-->[39m [37mGET[39m [37m/wd/hub/session/a7b16a96-347e-4f90-a553-60ef29ee4d39/window/rect[39m
[35m[HTTP][39m [90m{}[39m
[35m[HTTP][39m [37m<-- GET /wd/hub/session/a7b16a96-347e-4f90-a553-60ef29ee4d39/window/rect [39m[32m200[39m [90m26 ms - 50[39m
[35m[HTTP][39m [90m[39m
[35m[HTTP][39m [37m-->[39m [37mPOST[39m [37m/wd/hub/session/a7b16a96-347e-4f90-a553-60ef29ee4d39/elements[39m
[35m[HTTP][39m [90m{"using":"xpath","value":"//*[@class = 'android.widget.TextView' and (@text = 'Welcome to MAE by Maybank2u.\nAn app for whatever you want, whenever you want it.' or . = 'Welcome to MAE by Maybank2u.\nAn app for whatever you want, whenever you want it.')]"}[39m
[35m[HTTP][39m [37m<-- POST /wd/hub/session/a7b16a96-347e-4f90-a553-60ef29ee4d39/elements [39m[32m200[39m [90m713 ms - 12[39m
[35m[HTTP][39m [90m[39m
[35m[HTTP][39m [37m-->[39m [37mPOST[39m [37m/wd/hub/session/a7b16a96-347e-4f90-a553-60ef29ee4d39/elements[39m
[35m[HTTP][39m [90m{"using":"xpath","value":"//*[@class = 'android.widget.TextView' and (@text = 'Welcome to MAE by Maybank2u.\nAn app for whatever you want, whenever you want it.' or . = 'Welcome to MAE by Maybank2u.\nAn app for whatever you want, whenever you want it.')]"}[39m
[35m[HTTP][39m [37m<-- POST /wd/hub/session/a7b16a96-347e-4f90-a553-60ef29ee4d39/elements [39m[32m200[39m [90m289 ms - 12[39m
[35m[HTTP][39m [90m[39m
[35m[HTTP][39m [37m-->[39m [37mPOST[39m [37m/wd/hub/session/a7b16a96-347e-4f90-a553-60ef29ee4d39/elements[39m
[35m[HTTP][39m [90m{"using":"xpath","value":"//*[@class = 'android.widget.TextView' and (@text = 'Welcome to MAE by Maybank2u.\nAn app for whatever you want, whenever you want it.' or . = 'Welcome to MAE by Maybank2u.\nAn app for whatever you want, whenever you want it.')]"}[39m
[35m[HTTP][39m [37m<-- POST /wd/hub/session/a7b16a96-347e-4f90-a553-60ef29ee4d39/elements [39m[32m200[39m [90m254 ms - 12[39m
[35m[HTTP][39m [90m[39m
[35m[HTTP][39m [37m-->[39m [37mPOST[39m [37m/wd/hub/session/a7b16a96-347e-4f90-a553-60ef29ee4d39/elements[39m
[35m[HTTP][39m [90m{"using":"xpath","value":"//*[@class = 'android.widget.TextView' and (@text = 'Welcome to MAE by Maybank2u.\nAn app for whatever you want, whenever you want it.' or . = 'Welcome to MAE by Maybank2u.\nAn app for whatever you want, whenever you want it.')]"}[39m
[35m[HTTP][39m [37m<-- POST /wd/hub/session/a7b16a96-347e-4f90-a553-60ef29ee4d39/elements [39m[32m200[39m [90m250 ms - 12[39m
[35m[HTTP][39m [90m[39m
[35m[HTTP][39m [37m-->[39m [37mPOST[39m [37m/wd/hub/session/a7b16a96-347e-4f90-a553-60ef29ee4d39/elements[39m
[35m[HTTP][39m [90m{"using":"xpath","value":"//*[@class = 'android.widget.TextView' and (@text = 'Welcome to MAE by Maybank2u.\nAn app for whatever you want, whenever you want it.' or . = 'Welcome to MAE by Maybank2u.\nAn app for whatever you want, whenever you want it.')]"}[39m
[35m[HTTP][39m [37m<-- POST /wd/hub/session/a7b16a96-347e-4f90-a553-60ef29ee4d39/elements [39m[32m200[39m [90m243 ms - 12[39m
[35m[HTTP][39m [90m[39m
[35m[HTTP][39m [37m-->[39m [37mPOST[39m [37m/wd/hub/session/a7b16a96-347e-4f90-a553-60ef29ee4d39/elements[39m
[35m[HTTP][39m [90m{"using":"xpath","value":"//*[@class = 'android.widget.TextView' and (@text = 'Welcome to MAE by Maybank2u.\nAn app for whatever you want, whenever you want it.' or . = 'Welcome to MAE by Maybank2u.\nAn app for whatever you want, whenever you want it.')]"}[39m
[35m[HTTP][39m [37m<-- POST /wd/hub/session/a7b16a96-347e-4f90-a553-60ef29ee4d39/elements [39m[32m200[39m [90m170 ms - 12[39m
[35m[HTTP][39m [90m[39m
[35m[HTTP][39m [37m-->[39m [37mPOST[39m [37m/wd/hub/session/a7b16a96-347e-4f90-a553-60ef29ee4d39/elements[39m
[35m[HTTP][39m [90m{"using":"xpath","value":"//*[@class = 'android.widget.TextView' and (@text = 'Welcome to MAE by Maybank2u.\nAn app for whatever you want, whenever you want it.' or . = 'Welcome to MAE by Maybank2u.\nAn app for whatever you want, whenever you want it.')]"}[39m
[35m[HTTP][39m [37m<-- POST /wd/hub/session/a7b16a96-347e-4f90-a553-60ef29ee4d39/elements [39m[32m200[39m [90m184 ms - 12[39m
[35m[HTTP][39m [90m[39m
[35m[HTTP][39m [37m-->[39m [37mPOST[39m [37m/wd/hub/session/a7b16a96-347e-4f90-a553-60ef29ee4d39/elements[39m
[35m[HTTP][39m [90m{"using":"xpath","value":"//*[@class = 'android.widget.TextView' and (@text = 'Welcome to MAE by Maybank2u.\nAn app for whatever you want, whenever you want it.' or . = 'Welcome to MAE by Maybank2u.\nAn app for whatever you want, whenever you want it.')]"}[39m
[35m[HTTP][39m [37m<-- POST /wd/hub/session/a7b16a96-347e-4f90-a553-60ef29ee4d39/elements [39m[32m200[39m [90m150 ms - 12[39m
[35m[HTTP][39m [90m[39m
[35m[HTTP][39m [37m-->[39m [37mPOST[39m [37m/wd/hub/session/a7b16a96-347e-4f90-a553-60ef29ee4d39/elements[39m
[35m[HTTP][39m [90m{"using":"xpath","value":"//*[@class = 'android.widget.TextView' and (@text = 'Welcome to MAE by Maybank2u.\nAn app for whatever you want, whenever you want it.' or . = 'Welcome to MAE by Maybank2u.\nAn app for whatever you want, whenever you want it.')]"}[39m
[35m[HTTP][39m [37m<-- POST /wd/hub/session/a7b16a96-347e-4f90-a553-60ef29ee4d39/elements [39m[32m200[39m [90m152 ms - 12[39m
[35m[HTTP][39m [90m[39m
[35m[HTTP][39m [37m-->[39m [37mPOST[39m [37m/wd/hub/session/a7b16a96-347e-4f90-a553-60ef29ee4d39/elements[39m
[35m[HTTP][39m [90m{"using":"xpath","value":"//*[@class = 'android.widget.TextView' and (@text = 'Welcome to MAE by Maybank2u.\nAn app for whatever you want, whenever you want it.' or . = 'Welcome to MAE by Maybank2u.\nAn app for whatever you want, whenever you want it.')]"}[39m
[35m[HTTP][39m [37m<-- POST /wd/hub/session/a7b16a96-347e-4f90-a553-60ef29ee4d39/elements [39m[32m200[39m [90m149 ms - 12[39m
[35m[HTTP][39m [90m[39m
[35m[HTTP][39m [37m-->[39m [37mPOST[39m [37m/wd/hub/session/a7b16a96-347e-4f90-a553-60ef29ee4d39/elements[39m
[35m[HTTP][39m [90m{"using":"xpath","value":"//*[@class = 'android.widget.TextView' and (@text = 'Welcome to MAE by Maybank2u.\nAn app for whatever you want, whenever you want it.' or . = 'Welcome to MAE by Maybank2u.\nAn app for whatever you want, whenever you want it.')]"}[39m
[35m[HTTP][39m [37m<-- POST /wd/hub/session/a7b16a96-347e-4f90-a553-60ef29ee4d39/elements [39m[32m200[39m [90m158 ms - 12[39m
[35m[HTTP][39m [90m[39m
[35m[HTTP][39m [37m-->[39m [37mPOST[39m [37m/wd/hub/session/a7b16a96-347e-4f90-a553-60ef29ee4d39/elements[39m
[35m[HTTP][39m [90m{"using":"xpath","value":"//*[@class = 'android.widget.TextView' and (@text = 'Welcome to MAE by Maybank2u.\nAn app for whatever you want, whenever you want it.' or . = 'Welcome to MAE by Maybank2u.\nAn app for whatever you want, whenever you want it.')]"}[39m
[35m[HTTP][39m [37m<-- POST /wd/hub/session/a7b16a96-347e-4f90-a553-60ef29ee4d39/elements [39m[32m200[39m [90m145 ms - 12[39m
[35m[HTTP][39m [90m[39m
[35m[HTTP][39m [37m-->[39m [37mPOST[39m [37m/wd/hub/session/a7b16a96-347e-4f90-a553-60ef29ee4d39/timeouts[39m
[35m[HTTP][39m [90m{"implicit":10000}[39m
[35m[HTTP][39m [37m<-- POST /wd/hub/session/a7b16a96-347e-4f90-a553-60ef29ee4d39/timeouts [39m[32m200[39m [90m2 ms - 14[39m
[35m[HTTP][39m [90m[39m
[35m[HTTP][39m [37m-->[39m [37mPOST[39m [37m/wd/hub/session/a7b16a96-347e-4f90-a553-60ef29ee4d39/timeouts[39m
[35m[HTTP][39m [90m{"implicit":50}[39m
[35m[HTTP][39m [37m<-- POST /wd/hub/session/a7b16a96-347e-4f90-a553-60ef29ee4d39/timeouts [39m[32m200[39m [90m1 ms - 14[39m
[35m[HTTP][39m [90m[39m
[35m[HTTP][39m [37m-->[39m [37mGET[39m [37m/wd/hub/session/a7b16a96-347e-4f90-a553-60ef29ee4d39/window/rect[39m
[35m[HTTP][39m [90m{}[39m
[35m[HTTP][39m [37m<-- GET /wd/hub/session/a7b16a96-347e-4f90-a553-60ef29ee4d39/window/rect [39m[32m200[39m [90m12 ms - 50[39m
[35m[HTTP][39m [90m[39m
[35m[HTTP][39m [37m-->[39m [37mPOST[39m [37m/wd/hub/session/a7b16a96-347e-4f90-a553-60ef29ee4d39/elements[39m
[35m[HTTP][39m [90m{"using":"xpath","value":"//*[@class = 'android.widget.TextView' and (@text = 'Maybank2u' or . = 'Maybank2u')]"}[39m
[35m[HTTP][39m [37m<-- POST /wd/hub/session/a7b16a96-347e-4f90-a553-60ef29ee4d39/elements [39m[32m200[39m [90m189 ms - 12[39m
[35m[HTTP][39m [90m[39m
[35m[HTTP][39m [37m-->[39m [37mPOST[39m [37m/wd/hub/session/a7b16a96-347e-4f90-a553-60ef29ee4d39/elements[39m
[35m[HTTP][39m [90m{"using":"xpath","value":"//*[@class = 'android.widget.TextView' and (@text = 'Maybank2u' or . = 'Maybank2u')]"}[39m
[35m[HTTP][39m [37m<-- POST /wd/hub/session/a7b16a96-347e-4f90-a553-60ef29ee4d39/elements [39m[32m200[39m [90m213 ms - 12[39m
[35m[HTTP][39m [90m[39m
[35m[HTTP][39m [37m-->[39m [37mPOST[39m [37m/wd/hub/session/a7b16a96-347e-4f90-a553-60ef29ee4d39/elements[39m
[35m[HTTP][39m [90m{"using":"xpath","value":"//*[@class = 'android.widget.TextView' and (@text = 'Maybank2u' or . = 'Maybank2u')]"}[39m
[35m[HTTP][39m [37m<-- POST /wd/hub/session/a7b16a96-347e-4f90-a553-60ef29ee4d39/elements [39m[32m200[39m [90m228 ms - 12[39m
[35m[HTTP][39m [90m[39m
[35m[HTTP][39m [37m-->[39m [37mPOST[39m [37m/wd/hub/session/a7b16a96-347e-4f90-a553-60ef29ee4d39/elements[39m
[35m[HTTP][39m [90m{"using":"xpath","value":"//*[@class = 'android.widget.TextView' and (@text = 'Maybank2u' or . = 'Maybank2u')]"}[39m
[35m[HTTP][39m [37m<-- POST /wd/hub/session/a7b16a96-347e-4f90-a553-60ef29ee4d39/elements [39m[32m200[39m [90m199 ms - 12[39m
[35m[HTTP][39m [90m[39m
[35m[HTTP][39m [37m-->[39m [37mPOST[39m [37m/wd/hub/session/a7b16a96-347e-4f90-a553-60ef29ee4d39/elements[39m
[35m[HTTP][39m [90m{"using":"xpath","value":"//*[@class = 'android.widget.TextView' and (@text = 'Maybank2u' or . = 'Maybank2u')]"}[39m
[35m[HTTP][39m [37m<-- POST /wd/hub/session/a7b16a96-347e-4f90-a553-60ef29ee4d39/elements [39m[32m200[39m [90m231 ms - 12[39m
[35m[HTTP][39m [90m[39m
[35m[HTTP][39m [37m-->[39m [37mPOST[39m [37m/wd/hub/session/a7b16a96-347e-4f90-a553-60ef29ee4d39/elements[39m
[35m[HTTP][39m [90m{"using":"xpath","value":"//*[@class = 'android.widget.TextView' and (@text = 'Maybank2u' or . = 'Maybank2u')]"}[39m
[35m[HTTP][39m [37m<-- POST /wd/hub/session/a7b16a96-347e-4f90-a553-60ef29ee4d39/elements [39m[32m200[39m [90m254 ms - 12[39m
[35m[HTTP][39m [90m[39m
[35m[HTTP][39m [37m-->[39m [37mPOST[39m [37m/wd/hub/session/a7b16a96-347e-4f90-a553-60ef29ee4d39/elements[39m
[35m[HTTP][39m [90m{"using":"xpath","value":"//*[@class = 'android.widget.TextView' and (@text = 'Maybank2u' or . = 'Maybank2u')]"}[39m
[35m[HTTP][39m [37m<-- POST /wd/hub/session/a7b16a96-347e-4f90-a553-60ef29ee4d39/elements [39m[32m200[39m [90m204 ms - 12[39m
[35m[HTTP][39m [90m[39m
[35m[HTTP][39m [37m-->[39m [37mPOST[39m [37m/wd/hub/session/a7b16a96-347e-4f90-a553-60ef29ee4d39/elements[39m
[35m[HTTP][39m [90m{"using":"xpath","value":"//*[@class = 'android.widget.TextView' and (@text = 'Maybank2u' or . = 'Maybank2u')]"}[39m
[35m[HTTP][39m [37m<-- POST /wd/hub/session/a7b16a96-347e-4f90-a553-60ef29ee4d39/elements [39m[32m200[39m [90m193 ms - 12[39m
[35m[HTTP][39m [90m[39m
[35m[HTTP][39m [37m-->[39m [37mPOST[39m [37m/wd/hub/session/a7b16a96-347e-4f90-a553-60ef29ee4d39/elements[39m
[35m[HTTP][39m [90m{"using":"xpath","value":"//*[@class = 'android.widget.TextView' and (@text = 'Maybank2u' or . = 'Maybank2u')]"}[39m
[35m[HTTP][39m [37m<-- POST /wd/hub/session/a7b16a96-347e-4f90-a553-60ef29ee4d39/elements [39m[32m200[39m [90m226 ms - 12[39m
[35m[HTTP][39m [90m[39m
[35m[HTTP][39m [37m-->[39m [37mPOST[39m [37m/wd/hub/session/a7b16a96-347e-4f90-a553-60ef29ee4d39/timeouts[39m
[35m[HTTP][39m [90m{"implicit":10000}[39m
[35m[HTTP][39m [37m<-- POST /wd/hub/session/a7b16a96-347e-4f90-a553-60ef29ee4d39/timeouts [39m[32m200[39m [90m1 ms - 14[39m
[35m[HTTP][39m [90m[39m
[35m[HTTP][39m [37m-->[39m [37mPOST[39m [37m/wd/hub/session/a7b16a96-347e-4f90-a553-60ef29ee4d39/timeouts[39m
[35m[HTTP][39m [90m{"implicit":50}[39m
[35m[HTTP][39m [37m<-- POST /wd/hub/session/a7b16a96-347e-4f90-a553-60ef29ee4d39/timeouts [39m[32m200[39m [90m1 ms - 14[39m
[35m[HTTP][39m [90m[39m
[35m[HTTP][39m [37m-->[39m [37mGET[39m [37m/wd/hub/session/a7b16a96-347e-4f90-a553-60ef29ee4d39/window/rect[39m
[35m[HTTP][39m [90m{}[39m
[35m[HTTP][39m [37m<-- GET /wd/hub/session/a7b16a96-347e-4f90-a553-60ef29ee4d39/window/rect [39m[32m200[39m [90m20 ms - 50[39m
[35m[HTTP][39m [90m[39m
[35m[HTTP][39m [37m-->[39m [37mPOST[39m [37m/wd/hub/session/a7b16a96-347e-4f90-a553-60ef29ee4d39/elements[39m
[35m[HTTP][39m [90m{"using":"xpath","value":"//*[@class = 'android.widget.TextView' and (@text = '6-digit PIN' or . = '6-digit PIN')]"}[39m
[35m[HTTP][39m [37m<-- POST /wd/hub/session/a7b16a96-347e-4f90-a553-60ef29ee4d39/elements [39m[32m200[39m [90m258 ms - 12[39m
[35m[HTTP][39m [90m[39m
[35m[HTTP][39m [37m-->[39m [37mPOST[39m [37m/wd/hub/session/a7b16a96-347e-4f90-a553-60ef29ee4d39/elements[39m
[35m[HTTP][39m [90m{"using":"xpath","value":"//*[@class = 'android.widget.TextView' and (@text = '6-digit PIN' or . = '6-digit PIN')]"}[39m
[35m[HTTP][39m [37m<-- POST /wd/hub/session/a7b16a96-347e-4f90-a553-60ef29ee4d39/elements [39m[32m200[39m [90m236 ms - 12[39m
[35m[HTTP][39m [90m[39m
[35m[HTTP][39m [37m-->[39m [37mPOST[39m [37m/wd/hub/session/a7b16a96-347e-4f90-a553-60ef29ee4d39/elements[39m
[35m[HTTP][39m [90m{"using":"xpath","value":"//*[@class = 'android.widget.TextView' and (@text = '6-digit PIN' or . = '6-digit PIN')]"}[39m
[35m[HTTP][39m [37m<-- POST /wd/hub/session/a7b16a96-347e-4f90-a553-60ef29ee4d39/elements [39m[32m200[39m [90m240 ms - 12[39m
[35m[HTTP][39m [90m[39m
[35m[HTTP][39m [37m-->[39m [37mPOST[39m [37m/wd/hub/session/a7b16a96-347e-4f90-a553-60ef29ee4d39/elements[39m
[35m[HTTP][39m [90m{"using":"xpath","value":"//*[@class = 'android.widget.TextView' and (@text = '6-digit PIN' or . = '6-digit PIN')]"}[39m
[35m[HTTP][39m [37m<-- POST /wd/hub/session/a7b16a96-347e-4f90-a553-60ef29ee4d39/elements [39m[32m200[39m [90m241 ms - 12[39m
[35m[HTTP][39m [90m[39m
[35m[HTTP][39m [37m-->[39m [37mPOST[39m [37m/wd/hub/session/a7b16a96-347e-4f90-a553-60ef29ee4d39/elements[39m
[35m[HTTP][39m [90m{"using":"xpath","value":"//*[@class = 'android.widget.TextView' and (@text = '6-digit PIN' or . = '6-digit PIN')]"}[39m
[35m[HTTP][39m [37m<-- POST /wd/hub/session/a7b16a96-347e-4f90-a553-60ef29ee4d39/elements [39m[32m200[39m [90m232 ms - 12[39m
[35m[HTTP][39m [90m[39m
[35m[HTTP][39m [37m-->[39m [37mPOST[39m [37m/wd/hub/session/a7b16a96-347e-4f90-a553-60ef29ee4d39/elements[39m
[35m[HTTP][39m [90m{"using":"xpath","value":"//*[@class = 'android.widget.TextView' and (@text = '6-digit PIN' or . = '6-digit PIN')]"}[39m
[35m[HTTP][39m [37m<-- POST /wd/hub/session/a7b16a96-347e-4f90-a553-60ef29ee4d39/elements [39m[32m200[39m [90m210 ms - 12[39m
[35m[HTTP][39m [90m[39m
[35m[HTTP][39m [37m-->[39m [37mPOST[39m [37m/wd/hub/session/a7b16a96-347e-4f90-a553-60ef29ee4d39/elements[39m
[35m[HTTP][39m [90m{"using":"xpath","value":"//*[@class = 'android.widget.TextView' and (@text = '6-digit PIN' or . = '6-digit PIN')]"}[39m
[35m[HTTP][39m [37m<-- POST /wd/hub/session/a7b16a96-347e-4f90-a553-60ef29ee4d39/elements [39m[32m200[39m [90m224 ms - 12[39m
[35m[HTTP][39m [90m[39m
[35m[HTTP][39m [37m-->[39m [37mPOST[39m [37m/wd/hub/session/a7b16a96-347e-4f90-a553-60ef29ee4d39/elements[39m
[35m[HTTP][39m [90m{"using":"xpath","value":"//*[@class = 'android.widget.TextView' and (@text = '6-digit PIN' or . = '6-digit PIN')]"}[39m
[35m[HTTP][39m [37m<-- POST /wd/hub/session/a7b16a96-347e-4f90-a553-60ef29ee4d39/elements [39m[32m200[39m [90m207 ms - 12[39m
[35m[HTTP][39m [90m[39m
[35m[HTTP][39m [37m-->[39m [37mPOST[39m [37m/wd/hub/session/a7b16a96-347e-4f90-a553-60ef29ee4d39/elements[39m
[35m[HTTP][39m [90m{"using":"xpath","value":"//*[@class = 'android.widget.TextView' and (@text = '6-digit PIN' or . = '6-digit PIN')]"}[39m
[35m[HTTP][39m [37m<-- POST /wd/hub/session/a7b16a96-347e-4f90-a553-60ef29ee4d39/elements [39m[32m200[39m [90m224 ms - 12[39m
[35m[HTTP][39m [90m[39m
[35m[HTTP][39m [37m-->[39m [37mPOST[39m [37m/wd/hub/session/a7b16a96-347e-4f90-a553-60ef29ee4d39/elements[39m
[35m[HTTP][39m [90m{"using":"xpath","value":"//*[@class = 'android.widget.TextView' and (@text = '6-digit PIN' or . = '6-digit PIN')]"}[39m
[35m[HTTP][39m [37m<-- POST /wd/hub/session/a7b16a96-347e-4f90-a553-60ef29ee4d39/elements [39m[32m200[39m [90m189 ms - 12[39m
[35m[HTTP][39m [90m[39m
[35m[HTTP][39m [37m-->[39m [37mPOST[39m [37m/wd/hub/session/a7b16a96-347e-4f90-a553-60ef29ee4d39/elements[39m
[35m[HTTP][39m [90m{"using":"xpath","value":"//*[@class = 'android.widget.TextView' and (@text = '6-digit PIN' or . = '6-digit PIN')]"}[39m
[35m[HTTP][39m [37m<-- POST /wd/hub/session/a7b16a96-347e-4f90-a553-60ef29ee4d39/elements [39m[32m200[39m [90m197 ms - 12[39m
[35m[HTTP][39m [90m[39m
[35m[HTTP][39m [37m-->[39m [37mPOST[39m [37m/wd/hub/session/a7b16a96-347e-4f90-a553-60ef29ee4d39/elements[39m
[35m[HTTP][39m [90m{"using":"xpath","value":"//*[@class = 'android.widget.TextView' and (@text = '6-digit PIN' or . = '6-digit PIN')]"}[39m
[35m[HTTP][39m [37m<-- POST /wd/hub/session/a7b16a96-347e-4f90-a553-60ef29ee4d39/elements [39m[32m200[39m [90m204 ms - 12[39m
[35m[HTTP][39m [90m[39m
[35m[HTTP][39m [37m-->[39m [37mPOST[39m [37m/wd/hub/session/a7b16a96-347e-4f90-a553-60ef29ee4d39/elements[39m
[35m[HTTP][39m [90m{"using":"xpath","value":"//*[@class = 'android.widget.TextView' and (@text = '6-digit PIN' or . = '6-digit PIN')]"}[39m
[35m[HTTP][39m [37m<-- POST /wd/hub/session/a7b16a96-347e-4f90-a553-60ef29ee4d39/elements [39m[32m200[39m [90m214 ms - 12[39m
[35m[HTTP][39m [90m[39m
[35m[HTTP][39m [37m-->[39m [37mPOST[39m [37m/wd/hub/session/a7b16a96-347e-4f90-a553-60ef29ee4d39/timeouts[39m
[35m[HTTP][39m [90m{"implicit":10000}[39m
[35m[HTTP][39m [37m<-- POST /wd/hub/session/a7b16a96-347e-4f90-a553-60ef29ee4d39/timeouts [39m[32m200[39m [90m1 ms - 14[39m
[35m[HTTP][39m [90m[39m
[35m[BaseDriver][39m Shutting down because we waited 1800 seconds for a command
[35m[Appium][39m Closing session, cause was 'New Command Timeout of 1800 seconds expired. Try customizing the timeout using the 'newCommandTimeout' desired capability'
[35m[Appium][39m Removing session 'a7b16a96-347e-4f90-a553-60ef29ee4d39' from our master session list
[35m[UiAutomator2][39m Did not get confirmation UiAutomator2 deleteSession worked; Error was: UnknownError: An unknown server-side error occurred while processing the command. Original error: 'DELETE /' cannot be proxied to UiAutomator2 server because the instrumentation process is not running (probably crashed). Check the server log and/or the logcat output for more details
[35m[UiAutomator2][39m Restoring hidden api policy to the device default configuration
