[35m[Appium][39m Welcome to Appium v1.22.1
[35m[Appium][39m Non-default server args:
[35m[Appium][39m   port: 62328
[35m[Appium][39m   loglevel: info
[35m[Appium][39m   tmpDir: C:\Users\00139711\AppData\Local\Temp\\Katalon\Appium\Temp1671530069686
[35m[Appium][39m   chromedriverPort: 62330
[35m[Appium][39m Deprecated server args:
[35m[Appium][39m   [31m--chromedriver-port[39m => --default-capabilities
[35m[Appium][39m Default capabilities, which will be added to each request unless overridden by desired capabilities:
[35m[Appium][39m   chromedriverPort: 62330
[35m[Appium][39m Appium REST http interface listener started on 0.0.0.0:62328
[35m[HTTP][39m [37m-->[39m [37mGET[39m [37m/wd/hub/status[39m
[35m[HTTP][39m [90m{}[39m
[35m[HTTP][39m [37m<-- GET /wd/hub/status [39m[32m200[39m [90m8 ms - 68[39m
[35m[HTTP][39m [90m[39m
[35m[HTTP][39m [37m-->[39m [37mPOST[39m [37m/wd/hub/session[39m
[35m[HTTP][39m [90m{"desiredCapabilities":{"appPackage":"com.android.settings","noReset":true,"AppWaitActivity":"*","deviceId":"N7U869LV456D5S8L","deviceName":"OPPO CPH1823 (Android 10)","platform":"ANDROID","appActivity":".Settings","newCommandTimeout":1800,"platformVersion":"10","automationName":"uiautomator2","autoGrantPermissions":true,"androidScreenshotPath":"/Screenshot","platformName":"Android","udid":"N7U869LV456D5S8L","systemPort":8228},"capabilities":{"firstMatch":[{"AppWaitActivity":"*","appium:androidScreenshotPath":"/Screenshot","appium:appActivity":".Settings","appium:appPackage":"com.android.settings","appium:autoGrantPermissions":true,"appium:automationName":"uiautomator2","deviceId":"N7U869LV456D5S8L","appium:deviceName":"OPPO CPH1823 (Android 10)","appium:newCommandTimeout":1800,"appium:noReset":true,"platform":"ANDROID","platformName":"android","appium:platformVersion":"10","appium:systemPort":8228,"appium:udid":"N7U869LV456D5S8L"}]}}[39m
[35m[BaseDriver][39m The following capabilities are not standard capabilities and should have an extension prefix:
[35m[BaseDriver][39m   AppWaitActivity
[35m[BaseDriver][39m   deviceId
[35m[BaseDriver][39m   platform
[35m[BaseDriver][39m   chromedriverPort
[35m[Appium][39m Appium v1.22.1 creating new AndroidUiautomator2Driver (v1.70.1) session
[35m[BaseDriver][39m The following capabilities were provided, but are not recognized by Appium:
[35m[BaseDriver][39m   AppWaitActivity
[35m[BaseDriver][39m   deviceId
[35m[BaseDriver][39m   platform
[35m[BaseDriver][39m Session created with session id: bd31d1d4-49cf-49ab-9ed4-8f719b292774
[35m[UiAutomator2][39m Starting 'com.android.settings' directly on the device
[35m[ADB][39m Found 1 'build-tools' folders under 'C:\Users\00139711\.katalon\tools\android_sdk' (newest first):
[35m[ADB][39m     C:/Users/00139711/.katalon/tools/android_sdk/build-tools/29.0.3
[35m[ADB][39m Using 'adb.exe' from 'C:\Users\00139711\.katalon\tools\android_sdk\platform-tools\adb.exe'
[35m[AndroidDriver][39m Retrieving device list
[35m[AndroidDriver][39m Using device: N7U869LV456D5S8L
[35m[ADB][39m Using 'adb.exe' from 'C:\Users\00139711\.katalon\tools\android_sdk\platform-tools\adb.exe'
[35m[ADB][39m Getting device platform version
[35m[UiAutomator2][39m Relaxing hidden api policy
[35m[AndroidDriver][39m No app sent in, not parsing package/activity
[35m[ADB][39m Using 'apksigner.jar' from 'C:\Users\00139711\.katalon\tools\android_sdk\build-tools\29.0.3\lib\apksigner.jar'
[35m[ADB][39m 'C:\Users\00139711\AppData\Roaming\npm\node_modules\appium\node_modules\appium-uiautomator2-server\apks\appium-uiautomator2-server-v4.27.0.apk' is signed with the default certificate
[35m[ADB][39m 'C:\Users\00139711\AppData\Roaming\npm\node_modules\appium\node_modules\appium-uiautomator2-server\apks\appium-uiautomator2-server-debug-androidTest.apk' is signed with the default certificate
[35m[UiAutomator2][39m Server packages are not going to be (re)installed
[35m[ADB][39m Adding packages ["io.appium.settings","io.appium.uiautomator2.server","io.appium.uiautomator2.server.test"] to Doze whitelist
[35m[UiAutomator2][39m Starting UIAutomator2 server 4.27.0
[35m[UiAutomator2][39m Using UIAutomator2 server from 'C:\Users\00139711\AppData\Roaming\npm\node_modules\appium\node_modules\appium-uiautomator2-server\apks\appium-uiautomator2-server-v4.27.0.apk' and test from 'C:\Users\00139711\AppData\Roaming\npm\node_modules\appium\node_modules\appium-uiautomator2-server\apks\appium-uiautomator2-server-debug-androidTest.apk'
[35m[UiAutomator2][39m Waiting up to 30000ms for UiAutomator2 to be online...
[35m[WD Proxy][39m socket hang up
[35m[WD Proxy][39m socket hang up
[35m[WD Proxy][39m socket hang up
[35m[WD Proxy][39m Determined the downstream protocol as 'W3C'
[35m[AndroidDriver][39m Screen already unlocked, doing nothing
[35m[UiAutomator2][39m Starting 'com.android.settings/.Settings and waiting for 'com.android.settings/.Settings'
[35m[Appium][39m New AndroidUiautomator2Driver session created successfully, session bd31d1d4-49cf-49ab-9ed4-8f719b292774 added to master session list
[35m[HTTP][39m [37m<-- POST /wd/hub/session [39m[32m200[39m [90m10001 ms - 1376[39m
[35m[HTTP][39m [90m[39m
[35m[HTTP][39m [37m-->[39m [37mGET[39m [37m/wd/hub/session/bd31d1d4-49cf-49ab-9ed4-8f719b292774[39m
[35m[HTTP][39m [90m{}[39m
[35m[HTTP][39m [37m<-- GET /wd/hub/session/bd31d1d4-49cf-49ab-9ed4-8f719b292774 [39m[32m200[39m [90m11 ms - 1330[39m
[35m[HTTP][39m [90m[39m
[35m[HTTP][39m [37m-->[39m [37mGET[39m [37m/wd/hub/session/bd31d1d4-49cf-49ab-9ed4-8f719b292774[39m
[35m[HTTP][39m [90m{}[39m
[35m[HTTP][39m [37m<-- GET /wd/hub/session/bd31d1d4-49cf-49ab-9ed4-8f719b292774 [39m[32m200[39m [90m10 ms - 1330[39m
[35m[HTTP][39m [90m[39m
[35m[HTTP][39m [37m-->[39m [37mGET[39m [37m/wd/hub/status[39m
[35m[HTTP][39m [90m{}[39m
[35m[HTTP][39m [37m<-- GET /wd/hub/status [39m[32m200[39m [90m1 ms - 68[39m
[35m[HTTP][39m [90m[39m
[35m[HTTP][39m [37m-->[39m [37mPOST[39m [37m/wd/hub/session/bd31d1d4-49cf-49ab-9ed4-8f719b292774/timeouts[39m
[35m[HTTP][39m [90m{"implicit":10000}[39m
[35m[HTTP][39m [37m<-- POST /wd/hub/session/bd31d1d4-49cf-49ab-9ed4-8f719b292774/timeouts [39m[32m200[39m [90m3 ms - 14[39m
[35m[HTTP][39m [90m[39m
[35m[HTTP][39m [37m-->[39m [37mGET[39m [37m/wd/hub/session/bd31d1d4-49cf-49ab-9ed4-8f719b292774/screenshot[39m
[35m[HTTP][39m [90m{}[39m
[35m[HTTP][39m [37m<-- GET /wd/hub/session/bd31d1d4-49cf-49ab-9ed4-8f719b292774/screenshot [39m[32m200[39m [90m708 ms - 203056[39m
[35m[HTTP][39m [90m[39m
[35m[HTTP][39m [37m-->[39m [37mGET[39m [37m/wd/hub/session/bd31d1d4-49cf-49ab-9ed4-8f719b292774/window/rect[39m
[35m[HTTP][39m [90m{}[39m
[35m[HTTP][39m [37m<-- GET /wd/hub/session/bd31d1d4-49cf-49ab-9ed4-8f719b292774/window/rect [39m[32m200[39m [90m24 ms - 50[39m
[35m[HTTP][39m [90m[39m
[35m[HTTP][39m [37m-->[39m [37mGET[39m [37m/wd/hub/session/bd31d1d4-49cf-49ab-9ed4-8f719b292774/appium/device/system_bars[39m
[35m[HTTP][39m [90m{}[39m
[35m[HTTP][39m [37m<-- GET /wd/hub/session/bd31d1d4-49cf-49ab-9ed4-8f719b292774/appium/device/system_bars [39m[32m200[39m [90m166 ms - 148[39m
[35m[HTTP][39m [90m[39m
[35m[HTTP][39m [37m-->[39m [37mPOST[39m [37m/wd/hub/session/bd31d1d4-49cf-49ab-9ed4-8f719b292774/appium/device/activate_app[39m
[35m[HTTP][39m [90m{"bundleId":"com.maybank2u.life.dev"}[39m
[35m[HTTP][39m [37m<-- POST /wd/hub/session/bd31d1d4-49cf-49ab-9ed4-8f719b292774/appium/device/activate_app [39m[32m200[39m [90m539 ms - 14[39m
[35m[HTTP][39m [90m[39m
[35m[HTTP][39m [37m-->[39m [37mPOST[39m [37m/wd/hub/session/bd31d1d4-49cf-49ab-9ed4-8f719b292774/timeouts[39m
[35m[HTTP][39m [90m{"implicit":50}[39m
[35m[HTTP][39m [37m<-- POST /wd/hub/session/bd31d1d4-49cf-49ab-9ed4-8f719b292774/timeouts [39m[32m200[39m [90m2 ms - 14[39m
[35m[HTTP][39m [90m[39m
[35m[HTTP][39m [37m-->[39m [37mGET[39m [37m/wd/hub/session/bd31d1d4-49cf-49ab-9ed4-8f719b292774/window/rect[39m
[35m[HTTP][39m [90m{}[39m
[35m[HTTP][39m [37m<-- GET /wd/hub/session/bd31d1d4-49cf-49ab-9ed4-8f719b292774/window/rect [39m[32m200[39m [90m21 ms - 50[39m
[35m[HTTP][39m [90m[39m
[35m[HTTP][39m [37m-->[39m [37mPOST[39m [37m/wd/hub/session/bd31d1d4-49cf-49ab-9ed4-8f719b292774/elements[39m
[35m[HTTP][39m [90m{"using":"xpath","value":"//*[@class = 'android.widget.TextView' and (@text = 'Set Up\nAuto Billing' or . = 'Set Up\nAuto Billing')]"}[39m
[35m[HTTP][39m [37m<-- POST /wd/hub/session/bd31d1d4-49cf-49ab-9ed4-8f719b292774/elements [39m[32m200[39m [90m704 ms - 139[39m
[35m[HTTP][39m [90m[39m
[35m[HTTP][39m [37m-->[39m [37mGET[39m [37m/wd/hub/session/bd31d1d4-49cf-49ab-9ed4-8f719b292774/element/00000000-0000-0c19-ffff-ffff0001303a/location[39m
[35m[HTTP][39m [90m{}[39m
[35m[W3C (bd31d1d4)][39m Driver proxy active, passing request on via HTTP proxy
[35m[WD Proxy][39m Replacing sessionId b3fdcc1f-08e4-4d76-b6c7-9d56de17d29b with bd31d1d4-49cf-49ab-9ed4-8f719b292774
[35m[HTTP][39m [37m<-- GET /wd/hub/session/bd31d1d4-49cf-49ab-9ed4-8f719b292774/element/00000000-0000-0c19-ffff-ffff0001303a/location [39m[32m200[39m [90m30 ms - 77[39m
[35m[HTTP][39m [90m[39m
[35m[HTTP][39m [37m-->[39m [37mPOST[39m [37m/wd/hub/session/bd31d1d4-49cf-49ab-9ed4-8f719b292774/timeouts[39m
[35m[HTTP][39m [90m{"implicit":10000}[39m
[35m[HTTP][39m [37m<-- POST /wd/hub/session/bd31d1d4-49cf-49ab-9ed4-8f719b292774/timeouts [39m[32m200[39m [90m1 ms - 14[39m
[35m[HTTP][39m [90m[39m
[35m[HTTP][39m [37m-->[39m [37mPOST[39m [37m/wd/hub/session/bd31d1d4-49cf-49ab-9ed4-8f719b292774/element/00000000-0000-0c19-ffff-ffff0001303a/click[39m
[35m[HTTP][39m [90m{"id":"00000000-0000-0c19-ffff-ffff0001303a"}[39m
[35m[HTTP][39m [37m<-- POST /wd/hub/session/bd31d1d4-49cf-49ab-9ed4-8f719b292774/element/00000000-0000-0c19-ffff-ffff0001303a/click [39m[32m200[39m [90m51 ms - 14[39m
[35m[HTTP][39m [90m[39m
[35m[HTTP][39m [37m-->[39m [37mPOST[39m [37m/wd/hub/session/bd31d1d4-49cf-49ab-9ed4-8f719b292774/timeouts[39m
[35m[HTTP][39m [90m{"implicit":50}[39m
[35m[HTTP][39m [37m<-- POST /wd/hub/session/bd31d1d4-49cf-49ab-9ed4-8f719b292774/timeouts [39m[32m200[39m [90m1 ms - 14[39m
[35m[HTTP][39m [90m[39m
[35m[HTTP][39m [37m-->[39m [37mGET[39m [37m/wd/hub/session/bd31d1d4-49cf-49ab-9ed4-8f719b292774/window/rect[39m
[35m[HTTP][39m [90m{}[39m
[35m[HTTP][39m [37m<-- GET /wd/hub/session/bd31d1d4-49cf-49ab-9ed4-8f719b292774/window/rect [39m[32m200[39m [90m17 ms - 50[39m
[35m[HTTP][39m [90m[39m
[35m[HTTP][39m [37m-->[39m [37mPOST[39m [37m/wd/hub/session/bd31d1d4-49cf-49ab-9ed4-8f719b292774/elements[39m
[35m[HTTP][39m [90m{"using":"xpath","value":"//*[@class = 'android.widget.TextView' and (@text = 'Step 1 of 2' or . = 'Step 1 of 2')]"}[39m
[35m[HTTP][39m [37m<-- POST /wd/hub/session/bd31d1d4-49cf-49ab-9ed4-8f719b292774/elements [39m[32m200[39m [90m1796 ms - 139[39m
[35m[HTTP][39m [90m[39m
[35m[HTTP][39m [37m-->[39m [37mGET[39m [37m/wd/hub/session/bd31d1d4-49cf-49ab-9ed4-8f719b292774/element/00000000-0000-0c19-ffff-ffff00013b7f/location[39m
[35m[HTTP][39m [90m{}[39m
[35m[W3C (bd31d1d4)][39m Driver proxy active, passing request on via HTTP proxy
[35m[WD Proxy][39m Replacing sessionId b3fdcc1f-08e4-4d76-b6c7-9d56de17d29b with bd31d1d4-49cf-49ab-9ed4-8f719b292774
[35m[HTTP][39m [37m<-- GET /wd/hub/session/bd31d1d4-49cf-49ab-9ed4-8f719b292774/element/00000000-0000-0c19-ffff-ffff00013b7f/location [39m[32m200[39m [90m31 ms - 78[39m
[35m[HTTP][39m [90m[39m
[35m[HTTP][39m [37m-->[39m [37mPOST[39m [37m/wd/hub/session/bd31d1d4-49cf-49ab-9ed4-8f719b292774/timeouts[39m
[35m[HTTP][39m [90m{"implicit":10000}[39m
[35m[HTTP][39m [37m<-- POST /wd/hub/session/bd31d1d4-49cf-49ab-9ed4-8f719b292774/timeouts [39m[32m200[39m [90m6 ms - 14[39m
[35m[HTTP][39m [90m[39m
[35m[HTTP][39m [37m-->[39m [37mGET[39m [37m/wd/hub/session/bd31d1d4-49cf-49ab-9ed4-8f719b292774/element/00000000-0000-0c19-ffff-ffff00013b7f/text[39m
[35m[HTTP][39m [90m{}[39m
[35m[W3C (bd31d1d4)][39m Driver proxy active, passing request on via HTTP proxy
[35m[WD Proxy][39m Replacing sessionId b3fdcc1f-08e4-4d76-b6c7-9d56de17d29b with bd31d1d4-49cf-49ab-9ed4-8f719b292774
[35m[HTTP][39m [37m<-- GET /wd/hub/session/bd31d1d4-49cf-49ab-9ed4-8f719b292774/element/00000000-0000-0c19-ffff-ffff00013b7f/text [39m[32m200[39m [90m1105 ms - 74[39m
[35m[HTTP][39m [90m[39m
[35m[HTTP][39m [37m-->[39m [37mPOST[39m [37m/wd/hub/session/bd31d1d4-49cf-49ab-9ed4-8f719b292774/timeouts[39m
[35m[HTTP][39m [90m{"implicit":50}[39m
[35m[HTTP][39m [37m<-- POST /wd/hub/session/bd31d1d4-49cf-49ab-9ed4-8f719b292774/timeouts [39m[32m200[39m [90m3 ms - 14[39m
[35m[HTTP][39m [90m[39m
[35m[HTTP][39m [37m-->[39m [37mGET[39m [37m/wd/hub/session/bd31d1d4-49cf-49ab-9ed4-8f719b292774/window/rect[39m
[35m[HTTP][39m [90m{}[39m
[35m[HTTP][39m [37m<-- GET /wd/hub/session/bd31d1d4-49cf-49ab-9ed4-8f719b292774/window/rect [39m[32m200[39m [90m23 ms - 50[39m
[35m[HTTP][39m [90m[39m
[35m[HTTP][39m [37m-->[39m [37mPOST[39m [37m/wd/hub/session/bd31d1d4-49cf-49ab-9ed4-8f719b292774/elements[39m
[35m[HTTP][39m [90m{"using":"xpath","value":"//*[@class = 'android.widget.TextView' and (@text = 'Set Up Auto Billing via DuitNow AutoDebit' or . = 'Set Up Auto Billing via DuitNow AutoDebit')]"}[39m
[35m[HTTP][39m [37m<-- POST /wd/hub/session/bd31d1d4-49cf-49ab-9ed4-8f719b292774/elements [39m[32m200[39m [90m291 ms - 139[39m
[35m[HTTP][39m [90m[39m
[35m[HTTP][39m [37m-->[39m [37mGET[39m [37m/wd/hub/session/bd31d1d4-49cf-49ab-9ed4-8f719b292774/element/00000000-0000-0c19-ffff-ffff00013b84/location[39m
[35m[HTTP][39m [90m{}[39m
[35m[W3C (bd31d1d4)][39m Driver proxy active, passing request on via HTTP proxy
[35m[WD Proxy][39m Replacing sessionId b3fdcc1f-08e4-4d76-b6c7-9d56de17d29b with bd31d1d4-49cf-49ab-9ed4-8f719b292774
[35m[HTTP][39m [37m<-- GET /wd/hub/session/bd31d1d4-49cf-49ab-9ed4-8f719b292774/element/00000000-0000-0c19-ffff-ffff00013b84/location [39m[32m200[39m [90m589 ms - 78[39m
[35m[HTTP][39m [90m[39m
[35m[HTTP][39m [37m-->[39m [37mPOST[39m [37m/wd/hub/session/bd31d1d4-49cf-49ab-9ed4-8f719b292774/timeouts[39m
[35m[HTTP][39m [90m{"implicit":10000}[39m
[35m[HTTP][39m [37m<-- POST /wd/hub/session/bd31d1d4-49cf-49ab-9ed4-8f719b292774/timeouts [39m[32m200[39m [90m1 ms - 14[39m
[35m[HTTP][39m [90m[39m
[35m[HTTP][39m [37m-->[39m [37mGET[39m [37m/wd/hub/session/bd31d1d4-49cf-49ab-9ed4-8f719b292774/element/00000000-0000-0c19-ffff-ffff00013b84/text[39m
[35m[HTTP][39m [90m{}[39m
[35m[W3C (bd31d1d4)][39m Driver proxy active, passing request on via HTTP proxy
[35m[WD Proxy][39m Replacing sessionId b3fdcc1f-08e4-4d76-b6c7-9d56de17d29b with bd31d1d4-49cf-49ab-9ed4-8f719b292774
[35m[HTTP][39m [37m<-- GET /wd/hub/session/bd31d1d4-49cf-49ab-9ed4-8f719b292774/element/00000000-0000-0c19-ffff-ffff00013b84/text [39m[32m200[39m [90m28 ms - 104[39m
[35m[HTTP][39m [90m[39m
[35m[HTTP][39m [37m-->[39m [37mGET[39m [37m/wd/hub/session/bd31d1d4-49cf-49ab-9ed4-8f719b292774/context[39m
[35m[HTTP][39m [90m{}[39m
[35m[HTTP][39m [37m<-- GET /wd/hub/session/bd31d1d4-49cf-49ab-9ed4-8f719b292774/context [39m[32m200[39m [90m1 ms - 22[39m
[35m[HTTP][39m [90m[39m
[35m[HTTP][39m [37m-->[39m [37mGET[39m [37m/wd/hub/session/bd31d1d4-49cf-49ab-9ed4-8f719b292774/contexts[39m
[35m[HTTP][39m [90m{}[39m
[35m[HTTP][39m [37m<-- GET /wd/hub/session/bd31d1d4-49cf-49ab-9ed4-8f719b292774/contexts [39m[32m200[39m [90m285 ms - 41[39m
[35m[HTTP][39m [90m[39m
[35m[HTTP][39m [37m-->[39m [37mPOST[39m [37m/wd/hub/session/bd31d1d4-49cf-49ab-9ed4-8f719b292774/context[39m
[35m[HTTP][39m [90m{"name":"NATIVE_APP"}[39m
[35m[HTTP][39m [37m<-- POST /wd/hub/session/bd31d1d4-49cf-49ab-9ed4-8f719b292774/context [39m[32m200[39m [90m1 ms - 14[39m
[35m[HTTP][39m [90m[39m
[35m[HTTP][39m [37m-->[39m [37mGET[39m [37m/wd/hub/session/bd31d1d4-49cf-49ab-9ed4-8f719b292774/screenshot[39m
[35m[HTTP][39m [90m{}[39m
[35m[HTTP][39m [37m<-- GET /wd/hub/session/bd31d1d4-49cf-49ab-9ed4-8f719b292774/screenshot [39m[32m200[39m [90m774 ms - 207272[39m
[35m[HTTP][39m [90m[39m
[35m[HTTP][39m [37m-->[39m [37mPOST[39m [37m/wd/hub/session/bd31d1d4-49cf-49ab-9ed4-8f719b292774/context[39m
[35m[HTTP][39m [90m{"name":"NATIVE_APP"}[39m
[35m[HTTP][39m [37m<-- POST /wd/hub/session/bd31d1d4-49cf-49ab-9ed4-8f719b292774/context [39m[32m200[39m [90m1 ms - 14[39m
[35m[HTTP][39m [90m[39m
[35m[HTTP][39m [37m-->[39m [37mPOST[39m [37m/wd/hub/session/bd31d1d4-49cf-49ab-9ed4-8f719b292774/timeouts[39m
[35m[HTTP][39m [90m{"implicit":50}[39m
[35m[HTTP][39m [37m<-- POST /wd/hub/session/bd31d1d4-49cf-49ab-9ed4-8f719b292774/timeouts [39m[32m200[39m [90m1 ms - 14[39m
[35m[HTTP][39m [90m[39m
[35m[HTTP][39m [37m-->[39m [37mGET[39m [37m/wd/hub/session/bd31d1d4-49cf-49ab-9ed4-8f719b292774/window/rect[39m
[35m[HTTP][39m [90m{}[39m
[35m[HTTP][39m [37m<-- GET /wd/hub/session/bd31d1d4-49cf-49ab-9ed4-8f719b292774/window/rect [39m[32m200[39m [90m31 ms - 50[39m
[35m[HTTP][39m [90m[39m
[35m[HTTP][39m [37m-->[39m [37mPOST[39m [37m/wd/hub/session/bd31d1d4-49cf-49ab-9ed4-8f719b292774/elements[39m
[35m[HTTP][39m [90m{"using":"xpath","value":"//*[@class = 'android.widget.TextView' and (@text = concat(\"Please fill in merchant\" , \"'\" , \"s details\") or . = concat(\"Please fill in merchant\" , \"'\" , \"s details\"))]"}[39m
[35m[HTTP][39m [37m<-- POST /wd/hub/session/bd31d1d4-49cf-49ab-9ed4-8f719b292774/elements [39m[32m200[39m [90m420 ms - 139[39m
[35m[HTTP][39m [90m[39m
[35m[HTTP][39m [37m-->[39m [37mGET[39m [37m/wd/hub/session/bd31d1d4-49cf-49ab-9ed4-8f719b292774/element/00000000-0000-0c19-ffff-ffff00013b85/location[39m
[35m[HTTP][39m [90m{}[39m
[35m[W3C (bd31d1d4)][39m Driver proxy active, passing request on via HTTP proxy
[35m[WD Proxy][39m Replacing sessionId b3fdcc1f-08e4-4d76-b6c7-9d56de17d29b with bd31d1d4-49cf-49ab-9ed4-8f719b292774
[35m[HTTP][39m [37m<-- GET /wd/hub/session/bd31d1d4-49cf-49ab-9ed4-8f719b292774/element/00000000-0000-0c19-ffff-ffff00013b85/location [39m[32m200[39m [90m25 ms - 78[39m
[35m[HTTP][39m [90m[39m
[35m[HTTP][39m [37m-->[39m [37mPOST[39m [37m/wd/hub/session/bd31d1d4-49cf-49ab-9ed4-8f719b292774/timeouts[39m
[35m[HTTP][39m [90m{"implicit":10000}[39m
[35m[HTTP][39m [37m<-- POST /wd/hub/session/bd31d1d4-49cf-49ab-9ed4-8f719b292774/timeouts [39m[32m200[39m [90m1 ms - 14[39m
[35m[HTTP][39m [90m[39m
[35m[HTTP][39m [37m-->[39m [37mGET[39m [37m/wd/hub/session/bd31d1d4-49cf-49ab-9ed4-8f719b292774/element/00000000-0000-0c19-ffff-ffff00013b85/text[39m
[35m[HTTP][39m [90m{}[39m
[35m[W3C (bd31d1d4)][39m Driver proxy active, passing request on via HTTP proxy
[35m[WD Proxy][39m Replacing sessionId b3fdcc1f-08e4-4d76-b6c7-9d56de17d29b with bd31d1d4-49cf-49ab-9ed4-8f719b292774
[35m[HTTP][39m [37m<-- GET /wd/hub/session/bd31d1d4-49cf-49ab-9ed4-8f719b292774/element/00000000-0000-0c19-ffff-ffff00013b85/text [39m[32m200[39m [90m24 ms - 96[39m
[35m[HTTP][39m [90m[39m
[35m[HTTP][39m [37m-->[39m [37mPOST[39m [37m/wd/hub/session/bd31d1d4-49cf-49ab-9ed4-8f719b292774/timeouts[39m
[35m[HTTP][39m [90m{"implicit":50}[39m
[35m[HTTP][39m [37m<-- POST /wd/hub/session/bd31d1d4-49cf-49ab-9ed4-8f719b292774/timeouts [39m[32m200[39m [90m1 ms - 14[39m
[35m[HTTP][39m [90m[39m
[35m[HTTP][39m [37m-->[39m [37mGET[39m [37m/wd/hub/session/bd31d1d4-49cf-49ab-9ed4-8f719b292774/window/rect[39m
[35m[HTTP][39m [90m{}[39m
[35m[HTTP][39m [37m<-- GET /wd/hub/session/bd31d1d4-49cf-49ab-9ed4-8f719b292774/window/rect [39m[32m200[39m [90m23 ms - 50[39m
[35m[HTTP][39m [90m[39m
[35m[HTTP][39m [37m-->[39m [37mPOST[39m [37m/wd/hub/session/bd31d1d4-49cf-49ab-9ed4-8f719b292774/elements[39m
[35m[HTTP][39m [90m{"using":"xpath","value":"//*[@class = 'android.widget.TextView' and (@text = 'Pay to' or . = 'Pay to')]"}[39m
[35m[HTTP][39m [37m<-- POST /wd/hub/session/bd31d1d4-49cf-49ab-9ed4-8f719b292774/elements [39m[32m200[39m [90m374 ms - 139[39m
[35m[HTTP][39m [90m[39m
[35m[HTTP][39m [37m-->[39m [37mGET[39m [37m/wd/hub/session/bd31d1d4-49cf-49ab-9ed4-8f719b292774/element/00000000-0000-0c19-ffff-ffff00013b86/location[39m
[35m[HTTP][39m [90m{}[39m
[35m[W3C (bd31d1d4)][39m Driver proxy active, passing request on via HTTP proxy
[35m[WD Proxy][39m Replacing sessionId b3fdcc1f-08e4-4d76-b6c7-9d56de17d29b with bd31d1d4-49cf-49ab-9ed4-8f719b292774
[35m[HTTP][39m [37m<-- GET /wd/hub/session/bd31d1d4-49cf-49ab-9ed4-8f719b292774/element/00000000-0000-0c19-ffff-ffff00013b86/location [39m[32m200[39m [90m33 ms - 78[39m
[35m[HTTP][39m [90m[39m
[35m[HTTP][39m [37m-->[39m [37mPOST[39m [37m/wd/hub/session/bd31d1d4-49cf-49ab-9ed4-8f719b292774/timeouts[39m
[35m[HTTP][39m [90m{"implicit":10000}[39m
[35m[HTTP][39m [37m<-- POST /wd/hub/session/bd31d1d4-49cf-49ab-9ed4-8f719b292774/timeouts [39m[32m200[39m [90m4 ms - 14[39m
[35m[HTTP][39m [90m[39m
[35m[HTTP][39m [37m-->[39m [37mGET[39m [37m/wd/hub/session/bd31d1d4-49cf-49ab-9ed4-8f719b292774/element/00000000-0000-0c19-ffff-ffff00013b86/text[39m
[35m[HTTP][39m [90m{}[39m
[35m[W3C (bd31d1d4)][39m Driver proxy active, passing request on via HTTP proxy
[35m[WD Proxy][39m Replacing sessionId b3fdcc1f-08e4-4d76-b6c7-9d56de17d29b with bd31d1d4-49cf-49ab-9ed4-8f719b292774
[35m[HTTP][39m [37m<-- GET /wd/hub/session/bd31d1d4-49cf-49ab-9ed4-8f719b292774/element/00000000-0000-0c19-ffff-ffff00013b86/text [39m[32m200[39m [90m27 ms - 69[39m
[35m[HTTP][39m [90m[39m
[35m[HTTP][39m [37m-->[39m [37mPOST[39m [37m/wd/hub/session/bd31d1d4-49cf-49ab-9ed4-8f719b292774/timeouts[39m
[35m[HTTP][39m [90m{"implicit":50}[39m
[35m[HTTP][39m [37m<-- POST /wd/hub/session/bd31d1d4-49cf-49ab-9ed4-8f719b292774/timeouts [39m[32m200[39m [90m1 ms - 14[39m
[35m[HTTP][39m [90m[39m
[35m[HTTP][39m [37m-->[39m [37mGET[39m [37m/wd/hub/session/bd31d1d4-49cf-49ab-9ed4-8f719b292774/window/rect[39m
[35m[HTTP][39m [90m{}[39m
[35m[HTTP][39m [37m<-- GET /wd/hub/session/bd31d1d4-49cf-49ab-9ed4-8f719b292774/window/rect [39m[32m200[39m [90m25 ms - 50[39m
[35m[HTTP][39m [90m[39m
[35m[HTTP][39m [37m-->[39m [37mPOST[39m [37m/wd/hub/session/bd31d1d4-49cf-49ab-9ed4-8f719b292774/elements[39m
[35m[HTTP][39m [90m{"using":"xpath","value":"//*[@class = 'android.widget.TextView' and (@text = 'Product name' or . = 'Product name')]"}[39m
[35m[HTTP][39m [37m<-- POST /wd/hub/session/bd31d1d4-49cf-49ab-9ed4-8f719b292774/elements [39m[32m200[39m [90m398 ms - 139[39m
[35m[HTTP][39m [90m[39m
[35m[HTTP][39m [37m-->[39m [37mGET[39m [37m/wd/hub/session/bd31d1d4-49cf-49ab-9ed4-8f719b292774/element/00000000-0000-0c19-ffff-ffff00013b8b/location[39m
[35m[HTTP][39m [90m{}[39m
[35m[W3C (bd31d1d4)][39m Driver proxy active, passing request on via HTTP proxy
[35m[WD Proxy][39m Replacing sessionId b3fdcc1f-08e4-4d76-b6c7-9d56de17d29b with bd31d1d4-49cf-49ab-9ed4-8f719b292774
[35m[HTTP][39m [37m<-- GET /wd/hub/session/bd31d1d4-49cf-49ab-9ed4-8f719b292774/element/00000000-0000-0c19-ffff-ffff00013b8b/location [39m[32m200[39m [90m24 ms - 78[39m
[35m[HTTP][39m [90m[39m
[35m[HTTP][39m [37m-->[39m [37mPOST[39m [37m/wd/hub/session/bd31d1d4-49cf-49ab-9ed4-8f719b292774/timeouts[39m
[35m[HTTP][39m [90m{"implicit":10000}[39m
[35m[HTTP][39m [37m<-- POST /wd/hub/session/bd31d1d4-49cf-49ab-9ed4-8f719b292774/timeouts [39m[32m200[39m [90m1 ms - 14[39m
[35m[HTTP][39m [90m[39m
[35m[HTTP][39m [37m-->[39m [37mGET[39m [37m/wd/hub/session/bd31d1d4-49cf-49ab-9ed4-8f719b292774/element/00000000-0000-0c19-ffff-ffff00013b8b/text[39m
[35m[HTTP][39m [90m{}[39m
[35m[W3C (bd31d1d4)][39m Driver proxy active, passing request on via HTTP proxy
[35m[WD Proxy][39m Replacing sessionId b3fdcc1f-08e4-4d76-b6c7-9d56de17d29b with bd31d1d4-49cf-49ab-9ed4-8f719b292774
[35m[HTTP][39m [37m<-- GET /wd/hub/session/bd31d1d4-49cf-49ab-9ed4-8f719b292774/element/00000000-0000-0c19-ffff-ffff00013b8b/text [39m[32m200[39m [90m23 ms - 75[39m
[35m[HTTP][39m [90m[39m
[35m[HTTP][39m [37m-->[39m [37mPOST[39m [37m/wd/hub/session/bd31d1d4-49cf-49ab-9ed4-8f719b292774/timeouts[39m
[35m[HTTP][39m [90m{"implicit":50}[39m
[35m[HTTP][39m [37m<-- POST /wd/hub/session/bd31d1d4-49cf-49ab-9ed4-8f719b292774/timeouts [39m[32m200[39m [90m1 ms - 14[39m
[35m[HTTP][39m [90m[39m
[35m[HTTP][39m [37m-->[39m [37mGET[39m [37m/wd/hub/session/bd31d1d4-49cf-49ab-9ed4-8f719b292774/window/rect[39m
[35m[HTTP][39m [90m{}[39m
[35m[HTTP][39m [37m<-- GET /wd/hub/session/bd31d1d4-49cf-49ab-9ed4-8f719b292774/window/rect [39m[32m200[39m [90m27 ms - 50[39m
[35m[HTTP][39m [90m[39m
[35m[HTTP][39m [37m-->[39m [37mPOST[39m [37m/wd/hub/session/bd31d1d4-49cf-49ab-9ed4-8f719b292774/elements[39m
[35m[HTTP][39m [90m{"using":"xpath","value":"//*[@class = 'android.widget.TextView' and (@text = 'Recipient reference' or . = 'Recipient reference')]"}[39m
[35m[HTTP][39m [37m<-- POST /wd/hub/session/bd31d1d4-49cf-49ab-9ed4-8f719b292774/elements [39m[32m200[39m [90m374 ms - 139[39m
[35m[HTTP][39m [90m[39m
[35m[HTTP][39m [37m-->[39m [37mGET[39m [37m/wd/hub/session/bd31d1d4-49cf-49ab-9ed4-8f719b292774/element/00000000-0000-0c19-ffff-ffff00013b90/location[39m
[35m[HTTP][39m [90m{}[39m
[35m[W3C (bd31d1d4)][39m Driver proxy active, passing request on via HTTP proxy
[35m[WD Proxy][39m Replacing sessionId b3fdcc1f-08e4-4d76-b6c7-9d56de17d29b with bd31d1d4-49cf-49ab-9ed4-8f719b292774
[35m[HTTP][39m [37m<-- GET /wd/hub/session/bd31d1d4-49cf-49ab-9ed4-8f719b292774/element/00000000-0000-0c19-ffff-ffff00013b90/location [39m[32m200[39m [90m29 ms - 79[39m
[35m[HTTP][39m [90m[39m
[35m[HTTP][39m [37m-->[39m [37mPOST[39m [37m/wd/hub/session/bd31d1d4-49cf-49ab-9ed4-8f719b292774/timeouts[39m
[35m[HTTP][39m [90m{"implicit":10000}[39m
[35m[HTTP][39m [37m<-- POST /wd/hub/session/bd31d1d4-49cf-49ab-9ed4-8f719b292774/timeouts [39m[32m200[39m [90m1 ms - 14[39m
[35m[HTTP][39m [90m[39m
[35m[HTTP][39m [37m-->[39m [37mGET[39m [37m/wd/hub/session/bd31d1d4-49cf-49ab-9ed4-8f719b292774/element/00000000-0000-0c19-ffff-ffff00013b90/text[39m
[35m[HTTP][39m [90m{}[39m
[35m[W3C (bd31d1d4)][39m Driver proxy active, passing request on via HTTP proxy
[35m[WD Proxy][39m Replacing sessionId b3fdcc1f-08e4-4d76-b6c7-9d56de17d29b with bd31d1d4-49cf-49ab-9ed4-8f719b292774
[35m[HTTP][39m [37m<-- GET /wd/hub/session/bd31d1d4-49cf-49ab-9ed4-8f719b292774/element/00000000-0000-0c19-ffff-ffff00013b90/text [39m[32m200[39m [90m25 ms - 82[39m
[35m[HTTP][39m [90m[39m
[35m[HTTP][39m [37m-->[39m [37mPOST[39m [37m/wd/hub/session/bd31d1d4-49cf-49ab-9ed4-8f719b292774/timeouts[39m
[35m[HTTP][39m [90m{"implicit":50}[39m
[35m[HTTP][39m [37m<-- POST /wd/hub/session/bd31d1d4-49cf-49ab-9ed4-8f719b292774/timeouts [39m[32m200[39m [90m1 ms - 14[39m
[35m[HTTP][39m [90m[39m
[35m[HTTP][39m [37m-->[39m [37mGET[39m [37m/wd/hub/session/bd31d1d4-49cf-49ab-9ed4-8f719b292774/window/rect[39m
[35m[HTTP][39m [90m{}[39m
[35m[HTTP][39m [37m<-- GET /wd/hub/session/bd31d1d4-49cf-49ab-9ed4-8f719b292774/window/rect [39m[32m200[39m [90m24 ms - 50[39m
[35m[HTTP][39m [90m[39m
[35m[HTTP][39m [37m-->[39m [37mPOST[39m [37m/wd/hub/session/bd31d1d4-49cf-49ab-9ed4-8f719b292774/elements[39m
[35m[HTTP][39m [90m{"using":"xpath","value":"//*[@class = 'android.widget.EditText' and (@text = 'e.g. INV23232323' or . = 'e.g. INV23232323')]"}[39m
[35m[HTTP][39m [37m<-- POST /wd/hub/session/bd31d1d4-49cf-49ab-9ed4-8f719b292774/elements [39m[32m200[39m [90m388 ms - 139[39m
[35m[HTTP][39m [90m[39m
[35m[HTTP][39m [37m-->[39m [37mGET[39m [37m/wd/hub/session/bd31d1d4-49cf-49ab-9ed4-8f719b292774/element/00000000-0000-0c19-ffff-ffff00013b92/location[39m
[35m[HTTP][39m [90m{}[39m
[35m[W3C (bd31d1d4)][39m Driver proxy active, passing request on via HTTP proxy
[35m[WD Proxy][39m Replacing sessionId b3fdcc1f-08e4-4d76-b6c7-9d56de17d29b with bd31d1d4-49cf-49ab-9ed4-8f719b292774
[35m[HTTP][39m [37m<-- GET /wd/hub/session/bd31d1d4-49cf-49ab-9ed4-8f719b292774/element/00000000-0000-0c19-ffff-ffff00013b92/location [39m[32m200[39m [90m27 ms - 79[39m
[35m[HTTP][39m [90m[39m
[35m[HTTP][39m [37m-->[39m [37mPOST[39m [37m/wd/hub/session/bd31d1d4-49cf-49ab-9ed4-8f719b292774/timeouts[39m
[35m[HTTP][39m [90m{"implicit":10000}[39m
[35m[HTTP][39m [37m<-- POST /wd/hub/session/bd31d1d4-49cf-49ab-9ed4-8f719b292774/timeouts [39m[32m200[39m [90m1 ms - 14[39m
[35m[HTTP][39m [90m[39m
[35m[HTTP][39m [37m-->[39m [37mGET[39m [37m/wd/hub/session/bd31d1d4-49cf-49ab-9ed4-8f719b292774/element/00000000-0000-0c19-ffff-ffff00013b92/text[39m
[35m[HTTP][39m [90m{}[39m
[35m[W3C (bd31d1d4)][39m Driver proxy active, passing request on via HTTP proxy
[35m[WD Proxy][39m Replacing sessionId b3fdcc1f-08e4-4d76-b6c7-9d56de17d29b with bd31d1d4-49cf-49ab-9ed4-8f719b292774
[35m[HTTP][39m [37m<-- GET /wd/hub/session/bd31d1d4-49cf-49ab-9ed4-8f719b292774/element/00000000-0000-0c19-ffff-ffff00013b92/text [39m[32m200[39m [90m23 ms - 79[39m
[35m[HTTP][39m [90m[39m
[35m[HTTP][39m [37m-->[39m [37mPOST[39m [37m/wd/hub/session/bd31d1d4-49cf-49ab-9ed4-8f719b292774/timeouts[39m
[35m[HTTP][39m [90m{"implicit":50}[39m
[35m[HTTP][39m [37m<-- POST /wd/hub/session/bd31d1d4-49cf-49ab-9ed4-8f719b292774/timeouts [39m[32m200[39m [90m1 ms - 14[39m
[35m[HTTP][39m [90m[39m
[35m[HTTP][39m [37m-->[39m [37mGET[39m [37m/wd/hub/session/bd31d1d4-49cf-49ab-9ed4-8f719b292774/window/rect[39m
[35m[HTTP][39m [90m{}[39m
[35m[HTTP][39m [37m<-- GET /wd/hub/session/bd31d1d4-49cf-49ab-9ed4-8f719b292774/window/rect [39m[32m200[39m [90m19 ms - 50[39m
[35m[HTTP][39m [90m[39m
[35m[HTTP][39m [37m-->[39m [37mPOST[39m [37m/wd/hub/session/bd31d1d4-49cf-49ab-9ed4-8f719b292774/elements[39m
[35m[HTTP][39m [90m{"using":"xpath","value":"(//*[@class = 'android.widget.TextView' and (@text = 'Pay to')]//following-sibling::android.view.ViewGroup/android.view.ViewGroup/android.widget.TextView)[1]"}[39m
[35m[HTTP][39m [37m<-- POST /wd/hub/session/bd31d1d4-49cf-49ab-9ed4-8f719b292774/elements [39m[32m200[39m [90m277 ms - 139[39m
[35m[HTTP][39m [90m[39m
[35m[HTTP][39m [37m-->[39m [37mGET[39m [37m/wd/hub/session/bd31d1d4-49cf-49ab-9ed4-8f719b292774/element/00000000-0000-0c19-ffff-ffff00013b89/location[39m
[35m[HTTP][39m [90m{}[39m
[35m[W3C (bd31d1d4)][39m Driver proxy active, passing request on via HTTP proxy
[35m[WD Proxy][39m Replacing sessionId b3fdcc1f-08e4-4d76-b6c7-9d56de17d29b with bd31d1d4-49cf-49ab-9ed4-8f719b292774
[35m[HTTP][39m [37m<-- GET /wd/hub/session/bd31d1d4-49cf-49ab-9ed4-8f719b292774/element/00000000-0000-0c19-ffff-ffff00013b89/location [39m[32m200[39m [90m35 ms - 78[39m
[35m[HTTP][39m [90m[39m
[35m[HTTP][39m [37m-->[39m [37mPOST[39m [37m/wd/hub/session/bd31d1d4-49cf-49ab-9ed4-8f719b292774/timeouts[39m
[35m[HTTP][39m [90m{"implicit":10000}[39m
[35m[HTTP][39m [37m<-- POST /wd/hub/session/bd31d1d4-49cf-49ab-9ed4-8f719b292774/timeouts [39m[32m200[39m [90m3 ms - 14[39m
[35m[HTTP][39m [90m[39m
[35m[HTTP][39m [37m-->[39m [37mGET[39m [37m/wd/hub/session/bd31d1d4-49cf-49ab-9ed4-8f719b292774/element/00000000-0000-0c19-ffff-ffff00013b89/text[39m
[35m[HTTP][39m [90m{}[39m
[35m[W3C (bd31d1d4)][39m Driver proxy active, passing request on via HTTP proxy
[35m[WD Proxy][39m Replacing sessionId b3fdcc1f-08e4-4d76-b6c7-9d56de17d29b with bd31d1d4-49cf-49ab-9ed4-8f719b292774
[35m[HTTP][39m [37m<-- GET /wd/hub/session/bd31d1d4-49cf-49ab-9ed4-8f719b292774/element/00000000-0000-0c19-ffff-ffff00013b89/text [39m[32m200[39m [90m30 ms - 76[39m
[35m[HTTP][39m [90m[39m
[35m[HTTP][39m [37m-->[39m [37mPOST[39m [37m/wd/hub/session/bd31d1d4-49cf-49ab-9ed4-8f719b292774/timeouts[39m
[35m[HTTP][39m [90m{"implicit":50}[39m
[35m[HTTP][39m [37m<-- POST /wd/hub/session/bd31d1d4-49cf-49ab-9ed4-8f719b292774/timeouts [39m[32m200[39m [90m1 ms - 14[39m
[35m[HTTP][39m [90m[39m
[35m[HTTP][39m [37m-->[39m [37mGET[39m [37m/wd/hub/session/bd31d1d4-49cf-49ab-9ed4-8f719b292774/window/rect[39m
[35m[HTTP][39m [90m{}[39m
[35m[HTTP][39m [37m<-- GET /wd/hub/session/bd31d1d4-49cf-49ab-9ed4-8f719b292774/window/rect [39m[32m200[39m [90m21 ms - 50[39m
[35m[HTTP][39m [90m[39m
[35m[HTTP][39m [37m-->[39m [37mPOST[39m [37m/wd/hub/session/bd31d1d4-49cf-49ab-9ed4-8f719b292774/elements[39m
[35m[HTTP][39m [90m{"using":"xpath","value":"(//*[@class = 'android.widget.TextView' and (@text = 'Pay to')]//following-sibling::android.view.ViewGroup/android.view.ViewGroup/android.widget.TextView)[1]"}[39m
[35m[HTTP][39m [37m<-- POST /wd/hub/session/bd31d1d4-49cf-49ab-9ed4-8f719b292774/elements [39m[32m200[39m [90m190 ms - 139[39m
[35m[HTTP][39m [90m[39m
[35m[HTTP][39m [37m-->[39m [37mGET[39m [37m/wd/hub/session/bd31d1d4-49cf-49ab-9ed4-8f719b292774/element/00000000-0000-0c19-ffff-ffff00013b89/location[39m
[35m[HTTP][39m [90m{}[39m
[35m[W3C (bd31d1d4)][39m Driver proxy active, passing request on via HTTP proxy
[35m[WD Proxy][39m Replacing sessionId b3fdcc1f-08e4-4d76-b6c7-9d56de17d29b with bd31d1d4-49cf-49ab-9ed4-8f719b292774
[35m[HTTP][39m [37m<-- GET /wd/hub/session/bd31d1d4-49cf-49ab-9ed4-8f719b292774/element/00000000-0000-0c19-ffff-ffff00013b89/location [39m[32m200[39m [90m21 ms - 78[39m
[35m[HTTP][39m [90m[39m
[35m[HTTP][39m [37m-->[39m [37mPOST[39m [37m/wd/hub/session/bd31d1d4-49cf-49ab-9ed4-8f719b292774/timeouts[39m
[35m[HTTP][39m [90m{"implicit":10000}[39m
[35m[HTTP][39m [37m<-- POST /wd/hub/session/bd31d1d4-49cf-49ab-9ed4-8f719b292774/timeouts [39m[32m200[39m [90m1 ms - 14[39m
[35m[HTTP][39m [90m[39m
[35m[HTTP][39m [37m-->[39m [37mPOST[39m [37m/wd/hub/session/bd31d1d4-49cf-49ab-9ed4-8f719b292774/element/00000000-0000-0c19-ffff-ffff00013b89/click[39m
[35m[HTTP][39m [90m{"id":"00000000-0000-0c19-ffff-ffff00013b89"}[39m
[35m[HTTP][39m [37m<-- POST /wd/hub/session/bd31d1d4-49cf-49ab-9ed4-8f719b292774/element/00000000-0000-0c19-ffff-ffff00013b89/click [39m[32m200[39m [90m47 ms - 14[39m
[35m[HTTP][39m [90m[39m
[35m[HTTP][39m [37m-->[39m [37mPOST[39m [37m/wd/hub/session/bd31d1d4-49cf-49ab-9ed4-8f719b292774/timeouts[39m
[35m[HTTP][39m [90m{"implicit":50}[39m
[35m[HTTP][39m [37m<-- POST /wd/hub/session/bd31d1d4-49cf-49ab-9ed4-8f719b292774/timeouts [39m[32m200[39m [90m1 ms - 14[39m
[35m[HTTP][39m [90m[39m
[35m[HTTP][39m [37m-->[39m [37mGET[39m [37m/wd/hub/session/bd31d1d4-49cf-49ab-9ed4-8f719b292774/window/rect[39m
[35m[HTTP][39m [90m{}[39m
[35m[HTTP][39m [37m<-- GET /wd/hub/session/bd31d1d4-49cf-49ab-9ed4-8f719b292774/window/rect [39m[32m200[39m [90m12 ms - 50[39m
[35m[HTTP][39m [90m[39m
[35m[HTTP][39m [37m-->[39m [37mPOST[39m [37m/wd/hub/session/bd31d1d4-49cf-49ab-9ed4-8f719b292774/elements[39m
[35m[HTTP][39m [90m{"using":"xpath","value":"//*[@class = 'android.widget.TextView' and (@text = 'Select Merchant' or . = 'Select Merchant')]"}[39m
[35m[HTTP][39m [37m<-- POST /wd/hub/session/bd31d1d4-49cf-49ab-9ed4-8f719b292774/elements [39m[32m200[39m [90m158 ms - 12[39m
[35m[HTTP][39m [90m[39m
[35m[HTTP][39m [37m-->[39m [37mPOST[39m [37m/wd/hub/session/bd31d1d4-49cf-49ab-9ed4-8f719b292774/elements[39m
[35m[HTTP][39m [90m{"using":"xpath","value":"//*[@class = 'android.widget.TextView' and (@text = 'Select Merchant' or . = 'Select Merchant')]"}[39m
[35m[HTTP][39m [37m<-- POST /wd/hub/session/bd31d1d4-49cf-49ab-9ed4-8f719b292774/elements [39m[32m200[39m [90m142 ms - 12[39m
[35m[HTTP][39m [90m[39m
[35m[HTTP][39m [37m-->[39m [37mPOST[39m [37m/wd/hub/session/bd31d1d4-49cf-49ab-9ed4-8f719b292774/elements[39m
[35m[HTTP][39m [90m{"using":"xpath","value":"//*[@class = 'android.widget.TextView' and (@text = 'Select Merchant' or . = 'Select Merchant')]"}[39m
[35m[HTTP][39m [37m<-- POST /wd/hub/session/bd31d1d4-49cf-49ab-9ed4-8f719b292774/elements [39m[32m200[39m [90m125 ms - 12[39m
[35m[HTTP][39m [90m[39m
[35m[HTTP][39m [37m-->[39m [37mPOST[39m [37m/wd/hub/session/bd31d1d4-49cf-49ab-9ed4-8f719b292774/elements[39m
[35m[HTTP][39m [90m{"using":"xpath","value":"//*[@class = 'android.widget.TextView' and (@text = 'Select Merchant' or . = 'Select Merchant')]"}[39m
[35m[HTTP][39m [37m<-- POST /wd/hub/session/bd31d1d4-49cf-49ab-9ed4-8f719b292774/elements [39m[32m200[39m [90m998 ms - 139[39m
[35m[HTTP][39m [90m[39m
[35m[HTTP][39m [37m-->[39m [37mGET[39m [37m/wd/hub/session/bd31d1d4-49cf-49ab-9ed4-8f719b292774/element/00000000-0000-0c19-ffff-ffff00013bc0/location[39m
[35m[HTTP][39m [90m{}[39m
[35m[W3C (bd31d1d4)][39m Driver proxy active, passing request on via HTTP proxy
[35m[WD Proxy][39m Replacing sessionId b3fdcc1f-08e4-4d76-b6c7-9d56de17d29b with bd31d1d4-49cf-49ab-9ed4-8f719b292774
[35m[HTTP][39m [37m<-- GET /wd/hub/session/bd31d1d4-49cf-49ab-9ed4-8f719b292774/element/00000000-0000-0c19-ffff-ffff00013bc0/location [39m[32m200[39m [90m25 ms - 78[39m
[35m[HTTP][39m [90m[39m
[35m[HTTP][39m [37m-->[39m [37mPOST[39m [37m/wd/hub/session/bd31d1d4-49cf-49ab-9ed4-8f719b292774/timeouts[39m
[35m[HTTP][39m [90m{"implicit":10000}[39m
[35m[HTTP][39m [37m<-- POST /wd/hub/session/bd31d1d4-49cf-49ab-9ed4-8f719b292774/timeouts [39m[32m200[39m [90m1 ms - 14[39m
[35m[HTTP][39m [90m[39m
[35m[HTTP][39m [37m-->[39m [37mGET[39m [37m/wd/hub/session/bd31d1d4-49cf-49ab-9ed4-8f719b292774/element/00000000-0000-0c19-ffff-ffff00013bc0/text[39m
[35m[HTTP][39m [90m{}[39m
[35m[W3C (bd31d1d4)][39m Driver proxy active, passing request on via HTTP proxy
[35m[WD Proxy][39m Replacing sessionId b3fdcc1f-08e4-4d76-b6c7-9d56de17d29b with bd31d1d4-49cf-49ab-9ed4-8f719b292774
[35m[HTTP][39m [37m<-- GET /wd/hub/session/bd31d1d4-49cf-49ab-9ed4-8f719b292774/element/00000000-0000-0c19-ffff-ffff00013bc0/text [39m[32m200[39m [90m20 ms - 78[39m
[35m[HTTP][39m [90m[39m
[35m[HTTP][39m [37m-->[39m [37mGET[39m [37m/wd/hub/session/bd31d1d4-49cf-49ab-9ed4-8f719b292774/context[39m
[35m[HTTP][39m [90m{}[39m
[35m[HTTP][39m [37m<-- GET /wd/hub/session/bd31d1d4-49cf-49ab-9ed4-8f719b292774/context [39m[32m200[39m [90m1 ms - 22[39m
[35m[HTTP][39m [90m[39m
[35m[HTTP][39m [37m-->[39m [37mGET[39m [37m/wd/hub/session/bd31d1d4-49cf-49ab-9ed4-8f719b292774/contexts[39m
[35m[HTTP][39m [90m{}[39m
[35m[HTTP][39m [37m<-- GET /wd/hub/session/bd31d1d4-49cf-49ab-9ed4-8f719b292774/contexts [39m[32m200[39m [90m279 ms - 41[39m
[35m[HTTP][39m [90m[39m
[35m[HTTP][39m [37m-->[39m [37mPOST[39m [37m/wd/hub/session/bd31d1d4-49cf-49ab-9ed4-8f719b292774/context[39m
[35m[HTTP][39m [90m{"name":"NATIVE_APP"}[39m
[35m[HTTP][39m [37m<-- POST /wd/hub/session/bd31d1d4-49cf-49ab-9ed4-8f719b292774/context [39m[32m200[39m [90m1 ms - 14[39m
[35m[HTTP][39m [90m[39m
[35m[HTTP][39m [37m-->[39m [37mGET[39m [37m/wd/hub/session/bd31d1d4-49cf-49ab-9ed4-8f719b292774/screenshot[39m
[35m[HTTP][39m [90m{}[39m
[35m[HTTP][39m [37m<-- GET /wd/hub/session/bd31d1d4-49cf-49ab-9ed4-8f719b292774/screenshot [39m[32m200[39m [90m649 ms - 62536[39m
[35m[HTTP][39m [90m[39m
[35m[HTTP][39m [37m-->[39m [37mPOST[39m [37m/wd/hub/session/bd31d1d4-49cf-49ab-9ed4-8f719b292774/context[39m
[35m[HTTP][39m [90m{"name":"NATIVE_APP"}[39m
[35m[HTTP][39m [37m<-- POST /wd/hub/session/bd31d1d4-49cf-49ab-9ed4-8f719b292774/context [39m[32m200[39m [90m1 ms - 14[39m
[35m[HTTP][39m [90m[39m
[35m[HTTP][39m [37m-->[39m [37mPOST[39m [37m/wd/hub/session/bd31d1d4-49cf-49ab-9ed4-8f719b292774/timeouts[39m
[35m[HTTP][39m [90m{"implicit":50}[39m
[35m[HTTP][39m [37m<-- POST /wd/hub/session/bd31d1d4-49cf-49ab-9ed4-8f719b292774/timeouts [39m[32m200[39m [90m1 ms - 14[39m
[35m[HTTP][39m [90m[39m
[35m[HTTP][39m [37m-->[39m [37mGET[39m [37m/wd/hub/session/bd31d1d4-49cf-49ab-9ed4-8f719b292774/window/rect[39m
[35m[HTTP][39m [90m{}[39m
[35m[HTTP][39m [37m<-- GET /wd/hub/session/bd31d1d4-49cf-49ab-9ed4-8f719b292774/window/rect [39m[32m200[39m [90m24 ms - 50[39m
[35m[HTTP][39m [90m[39m
[35m[HTTP][39m [37m-->[39m [37mPOST[39m [37m/wd/hub/session/bd31d1d4-49cf-49ab-9ed4-8f719b292774/elements[39m
[35m[HTTP][39m [90m{"using":"xpath","value":"//*[@class = 'android.widget.TextView' and (@text = 'Type to search' or . = 'Type to search')]"}[39m
[35m[HTTP][39m [37m<-- POST /wd/hub/session/bd31d1d4-49cf-49ab-9ed4-8f719b292774/elements [39m[32m200[39m [90m94 ms - 139[39m
[35m[HTTP][39m [90m[39m
[35m[HTTP][39m [37m-->[39m [37mGET[39m [37m/wd/hub/session/bd31d1d4-49cf-49ab-9ed4-8f719b292774/element/00000000-0000-0c19-ffff-ffff00013bc7/location[39m
[35m[HTTP][39m [90m{}[39m
[35m[W3C (bd31d1d4)][39m Driver proxy active, passing request on via HTTP proxy
[35m[WD Proxy][39m Replacing sessionId b3fdcc1f-08e4-4d76-b6c7-9d56de17d29b with bd31d1d4-49cf-49ab-9ed4-8f719b292774
[35m[HTTP][39m [37m<-- GET /wd/hub/session/bd31d1d4-49cf-49ab-9ed4-8f719b292774/element/00000000-0000-0c19-ffff-ffff00013bc7/location [39m[32m200[39m [90m25 ms - 78[39m
[35m[HTTP][39m [90m[39m
[35m[HTTP][39m [37m-->[39m [37mPOST[39m [37m/wd/hub/session/bd31d1d4-49cf-49ab-9ed4-8f719b292774/timeouts[39m
[35m[HTTP][39m [90m{"implicit":10000}[39m
[35m[HTTP][39m [37m<-- POST /wd/hub/session/bd31d1d4-49cf-49ab-9ed4-8f719b292774/timeouts [39m[32m200[39m [90m1 ms - 14[39m
[35m[HTTP][39m [90m[39m
[35m[HTTP][39m [37m-->[39m [37mGET[39m [37m/wd/hub/session/bd31d1d4-49cf-49ab-9ed4-8f719b292774/element/00000000-0000-0c19-ffff-ffff00013bc7/text[39m
[35m[HTTP][39m [90m{}[39m
[35m[W3C (bd31d1d4)][39m Driver proxy active, passing request on via HTTP proxy
[35m[WD Proxy][39m Replacing sessionId b3fdcc1f-08e4-4d76-b6c7-9d56de17d29b with bd31d1d4-49cf-49ab-9ed4-8f719b292774
[35m[HTTP][39m [37m<-- GET /wd/hub/session/bd31d1d4-49cf-49ab-9ed4-8f719b292774/element/00000000-0000-0c19-ffff-ffff00013bc7/text [39m[32m200[39m [90m14 ms - 77[39m
[35m[HTTP][39m [90m[39m
[35m[HTTP][39m [37m-->[39m [37mPOST[39m [37m/wd/hub/session/bd31d1d4-49cf-49ab-9ed4-8f719b292774/timeouts[39m
[35m[HTTP][39m [90m{"implicit":50}[39m
[35m[HTTP][39m [37m<-- POST /wd/hub/session/bd31d1d4-49cf-49ab-9ed4-8f719b292774/timeouts [39m[32m200[39m [90m1 ms - 14[39m
[35m[HTTP][39m [90m[39m
[35m[HTTP][39m [37m-->[39m [37mGET[39m [37m/wd/hub/session/bd31d1d4-49cf-49ab-9ed4-8f719b292774/window/rect[39m
[35m[HTTP][39m [90m{}[39m
[35m[HTTP][39m [37m<-- GET /wd/hub/session/bd31d1d4-49cf-49ab-9ed4-8f719b292774/window/rect [39m[32m200[39m [90m15 ms - 50[39m
[35m[HTTP][39m [90m[39m
[35m[HTTP][39m [37m-->[39m [37mPOST[39m [37m/wd/hub/session/bd31d1d4-49cf-49ab-9ed4-8f719b292774/elements[39m
[35m[HTTP][39m [90m{"using":"xpath","value":"//*[@class = 'android.widget.TextView' and (@text = 'Type to search' or . = 'Type to search')]"}[39m
[35m[HTTP][39m [37m<-- POST /wd/hub/session/bd31d1d4-49cf-49ab-9ed4-8f719b292774/elements [39m[32m200[39m [90m493 ms - 139[39m
[35m[HTTP][39m [90m[39m
[35m[HTTP][39m [37m-->[39m [37mGET[39m [37m/wd/hub/session/bd31d1d4-49cf-49ab-9ed4-8f719b292774/element/00000000-0000-0c19-ffff-ffff00013bc7/location[39m
[35m[HTTP][39m [90m{}[39m
[35m[W3C (bd31d1d4)][39m Driver proxy active, passing request on via HTTP proxy
[35m[WD Proxy][39m Replacing sessionId b3fdcc1f-08e4-4d76-b6c7-9d56de17d29b with bd31d1d4-49cf-49ab-9ed4-8f719b292774
[35m[HTTP][39m [37m<-- GET /wd/hub/session/bd31d1d4-49cf-49ab-9ed4-8f719b292774/element/00000000-0000-0c19-ffff-ffff00013bc7/location [39m[32m200[39m [90m28 ms - 78[39m
[35m[HTTP][39m [90m[39m
[35m[HTTP][39m [37m-->[39m [37mPOST[39m [37m/wd/hub/session/bd31d1d4-49cf-49ab-9ed4-8f719b292774/timeouts[39m
[35m[HTTP][39m [90m{"implicit":10000}[39m
[35m[HTTP][39m [37m<-- POST /wd/hub/session/bd31d1d4-49cf-49ab-9ed4-8f719b292774/timeouts [39m[32m200[39m [90m2 ms - 14[39m
[35m[HTTP][39m [90m[39m
[35m[HTTP][39m [37m-->[39m [37mGET[39m [37m/wd/hub/session/bd31d1d4-49cf-49ab-9ed4-8f719b292774/element/00000000-0000-0c19-ffff-ffff00013bc7/location[39m
[35m[HTTP][39m [90m{}[39m
[35m[W3C (bd31d1d4)][39m Driver proxy active, passing request on via HTTP proxy
[35m[WD Proxy][39m Replacing sessionId b3fdcc1f-08e4-4d76-b6c7-9d56de17d29b with bd31d1d4-49cf-49ab-9ed4-8f719b292774
[35m[HTTP][39m [37m<-- GET /wd/hub/session/bd31d1d4-49cf-49ab-9ed4-8f719b292774/element/00000000-0000-0c19-ffff-ffff00013bc7/location [39m[32m200[39m [90m17 ms - 78[39m
[35m[HTTP][39m [90m[39m
[35m[HTTP][39m [37m-->[39m [37mGET[39m [37m/wd/hub/session/bd31d1d4-49cf-49ab-9ed4-8f719b292774/element/00000000-0000-0c19-ffff-ffff00013bc7/location[39m
[35m[HTTP][39m [90m{}[39m
[35m[W3C (bd31d1d4)][39m Driver proxy active, passing request on via HTTP proxy
[35m[WD Proxy][39m Replacing sessionId b3fdcc1f-08e4-4d76-b6c7-9d56de17d29b with bd31d1d4-49cf-49ab-9ed4-8f719b292774
[35m[HTTP][39m [37m<-- GET /wd/hub/session/bd31d1d4-49cf-49ab-9ed4-8f719b292774/element/00000000-0000-0c19-ffff-ffff00013bc7/location [39m[32m200[39m [90m16 ms - 78[39m
[35m[HTTP][39m [90m[39m
[35m[HTTP][39m [37m-->[39m [37mPOST[39m [37m/wd/hub/session/bd31d1d4-49cf-49ab-9ed4-8f719b292774/touch/perform[39m
[35m[HTTP][39m [90m{"actions":[{"action":"press","options":{"x":196,"y":407}},{"action":"release","options":{}}]}[39m
[35m[HTTP][39m [37m<-- POST /wd/hub/session/bd31d1d4-49cf-49ab-9ed4-8f719b292774/touch/perform [39m[32m200[39m [90m152 ms - 14[39m
[35m[HTTP][39m [90m[39m
[35m[HTTP][39m [37m-->[39m [37mPOST[39m [37m/wd/hub/session/bd31d1d4-49cf-49ab-9ed4-8f719b292774/touch/perform[39m
[35m[HTTP][39m [90m{"actions":[{"action":"press","options":{"x":196,"y":407}},{"action":"release","options":{}}]}[39m
[35m[HTTP][39m [37m<-- POST /wd/hub/session/bd31d1d4-49cf-49ab-9ed4-8f719b292774/touch/perform [39m[32m200[39m [90m146 ms - 14[39m
[35m[HTTP][39m [90m[39m
[35m[HTTP][39m [37m-->[39m [37mPOST[39m [37m/wd/hub/session/bd31d1d4-49cf-49ab-9ed4-8f719b292774/timeouts[39m
[35m[HTTP][39m [90m{"implicit":50}[39m
[35m[HTTP][39m [37m<-- POST /wd/hub/session/bd31d1d4-49cf-49ab-9ed4-8f719b292774/timeouts [39m[32m200[39m [90m1 ms - 14[39m
[35m[HTTP][39m [90m[39m
[35m[HTTP][39m [37m-->[39m [37mGET[39m [37m/wd/hub/session/bd31d1d4-49cf-49ab-9ed4-8f719b292774/window/rect[39m
[35m[HTTP][39m [90m{}[39m
[35m[HTTP][39m [37m<-- GET /wd/hub/session/bd31d1d4-49cf-49ab-9ed4-8f719b292774/window/rect [39m[32m200[39m [90m18 ms - 50[39m
[35m[HTTP][39m [90m[39m
[35m[HTTP][39m [37m-->[39m [37mPOST[39m [37m/wd/hub/session/bd31d1d4-49cf-49ab-9ed4-8f719b292774/elements[39m
[35m[HTTP][39m [90m{"using":"xpath","value":"(//*[@class = 'android.widget.EditText'])[1]"}[39m
[35m[HTTP][39m [37m<-- POST /wd/hub/session/bd31d1d4-49cf-49ab-9ed4-8f719b292774/elements [39m[32m200[39m [90m95 ms - 12[39m
[35m[HTTP][39m [90m[39m
[35m[HTTP][39m [37m-->[39m [37mPOST[39m [37m/wd/hub/session/bd31d1d4-49cf-49ab-9ed4-8f719b292774/elements[39m
[35m[HTTP][39m [90m{"using":"xpath","value":"(//*[@class = 'android.widget.EditText'])[1]"}[39m
[35m[HTTP][39m [37m<-- POST /wd/hub/session/bd31d1d4-49cf-49ab-9ed4-8f719b292774/elements [39m[32m200[39m [90m59 ms - 12[39m
[35m[HTTP][39m [90m[39m
[35m[HTTP][39m [37m-->[39m [37mPOST[39m [37m/wd/hub/session/bd31d1d4-49cf-49ab-9ed4-8f719b292774/elements[39m
[35m[HTTP][39m [90m{"using":"xpath","value":"(//*[@class = 'android.widget.EditText'])[1]"}[39m
[35m[HTTP][39m [37m<-- POST /wd/hub/session/bd31d1d4-49cf-49ab-9ed4-8f719b292774/elements [39m[32m200[39m [90m10102 ms - 12[39m
[35m[HTTP][39m [90m[39m
[35m[HTTP][39m [37m-->[39m [37mPOST[39m [37m/wd/hub/session/bd31d1d4-49cf-49ab-9ed4-8f719b292774/timeouts[39m
[35m[HTTP][39m [90m{"implicit":10000}[39m
[35m[HTTP][39m [37m<-- POST /wd/hub/session/bd31d1d4-49cf-49ab-9ed4-8f719b292774/timeouts [39m[32m200[39m [90m4 ms - 14[39m
[35m[HTTP][39m [90m[39m
[35m[HTTP][39m [37m-->[39m [37mPOST[39m [37m/wd/hub/session/bd31d1d4-49cf-49ab-9ed4-8f719b292774/timeouts[39m
[35m[HTTP][39m [90m{"implicit":50}[39m
[35m[HTTP][39m [37m<-- POST /wd/hub/session/bd31d1d4-49cf-49ab-9ed4-8f719b292774/timeouts [39m[32m200[39m [90m1 ms - 14[39m
[35m[HTTP][39m [90m[39m
[35m[HTTP][39m [37m-->[39m [37mGET[39m [37m/wd/hub/session/bd31d1d4-49cf-49ab-9ed4-8f719b292774/window/rect[39m
[35m[HTTP][39m [90m{}[39m
[35m[HTTP][39m [37m<-- GET /wd/hub/session/bd31d1d4-49cf-49ab-9ed4-8f719b292774/window/rect [39m[32m200[39m [90m24 ms - 50[39m
[35m[HTTP][39m [90m[39m
[35m[HTTP][39m [37m-->[39m [37mPOST[39m [37m/wd/hub/session/bd31d1d4-49cf-49ab-9ed4-8f719b292774/elements[39m
[35m[HTTP][39m [90m{"using":"xpath","value":"//*[@class = 'android.widget.TextView' and (@text = 'No Result Found' or . = 'No Result Found')]"}[39m
[35m[HTTP][39m [37m<-- POST /wd/hub/session/bd31d1d4-49cf-49ab-9ed4-8f719b292774/elements [39m[32m200[39m [90m10147 ms - 12[39m
[35m[HTTP][39m [90m[39m
[35m[HTTP][39m [37m-->[39m [37mPOST[39m [37m/wd/hub/session/bd31d1d4-49cf-49ab-9ed4-8f719b292774/timeouts[39m
[35m[HTTP][39m [90m{"implicit":10000}[39m
[35m[HTTP][39m [37m<-- POST /wd/hub/session/bd31d1d4-49cf-49ab-9ed4-8f719b292774/timeouts [39m[32m200[39m [90m2 ms - 14[39m
[35m[HTTP][39m [90m[39m
[35m[HTTP][39m [37m-->[39m [37mGET[39m [37m/wd/hub/session/bd31d1d4-49cf-49ab-9ed4-8f719b292774/context[39m
[35m[HTTP][39m [90m{}[39m
[35m[HTTP][39m [37m<-- GET /wd/hub/session/bd31d1d4-49cf-49ab-9ed4-8f719b292774/context [39m[32m200[39m [90m1 ms - 22[39m
[35m[HTTP][39m [90m[39m
[35m[HTTP][39m [37m-->[39m [37mGET[39m [37m/wd/hub/session/bd31d1d4-49cf-49ab-9ed4-8f719b292774/contexts[39m
[35m[HTTP][39m [90m{}[39m
[35m[HTTP][39m [37m<-- GET /wd/hub/session/bd31d1d4-49cf-49ab-9ed4-8f719b292774/contexts [39m[32m200[39m [90m266 ms - 41[39m
[35m[HTTP][39m [90m[39m
[35m[HTTP][39m [37m-->[39m [37mPOST[39m [37m/wd/hub/session/bd31d1d4-49cf-49ab-9ed4-8f719b292774/context[39m
[35m[HTTP][39m [90m{"name":"NATIVE_APP"}[39m
[35m[HTTP][39m [37m<-- POST /wd/hub/session/bd31d1d4-49cf-49ab-9ed4-8f719b292774/context [39m[32m200[39m [90m1 ms - 14[39m
[35m[HTTP][39m [90m[39m
[35m[HTTP][39m [37m-->[39m [37mPOST[39m [37m/wd/hub/session/bd31d1d4-49cf-49ab-9ed4-8f719b292774/appium/device/hide_keyboard[39m
[35m[HTTP][39m [90m{}[39m
[35m[ADB][39m Keyboard has no UI; no closing necessary
[35m[HTTP][39m [37m<-- POST /wd/hub/session/bd31d1d4-49cf-49ab-9ed4-8f719b292774/appium/device/hide_keyboard [39m[32m200[39m [90m1168 ms - 15[39m
[35m[HTTP][39m [90m[39m
[35m[HTTP][39m [37m-->[39m [37mPOST[39m [37m/wd/hub/session/bd31d1d4-49cf-49ab-9ed4-8f719b292774/context[39m
[35m[HTTP][39m [90m{"name":"NATIVE_APP"}[39m
[35m[HTTP][39m [37m<-- POST /wd/hub/session/bd31d1d4-49cf-49ab-9ed4-8f719b292774/context [39m[32m200[39m [90m1 ms - 14[39m
[35m[HTTP][39m [90m[39m
[35m[HTTP][39m [37m-->[39m [37mGET[39m [37m/wd/hub/session/bd31d1d4-49cf-49ab-9ed4-8f719b292774/context[39m
[35m[HTTP][39m [90m{}[39m
[35m[HTTP][39m [37m<-- GET /wd/hub/session/bd31d1d4-49cf-49ab-9ed4-8f719b292774/context [39m[32m200[39m [90m1 ms - 22[39m
[35m[HTTP][39m [90m[39m
[35m[HTTP][39m [37m-->[39m [37mGET[39m [37m/wd/hub/session/bd31d1d4-49cf-49ab-9ed4-8f719b292774/contexts[39m
[35m[HTTP][39m [90m{}[39m
[35m[HTTP][39m [37m<-- GET /wd/hub/session/bd31d1d4-49cf-49ab-9ed4-8f719b292774/contexts [39m[32m200[39m [90m251 ms - 41[39m
[35m[HTTP][39m [90m[39m
[35m[HTTP][39m [37m-->[39m [37mPOST[39m [37m/wd/hub/session/bd31d1d4-49cf-49ab-9ed4-8f719b292774/context[39m
[35m[HTTP][39m [90m{"name":"NATIVE_APP"}[39m
[35m[HTTP][39m [37m<-- POST /wd/hub/session/bd31d1d4-49cf-49ab-9ed4-8f719b292774/context [39m[32m200[39m [90m1 ms - 14[39m
[35m[HTTP][39m [90m[39m
[35m[HTTP][39m [37m-->[39m [37mGET[39m [37m/wd/hub/session/bd31d1d4-49cf-49ab-9ed4-8f719b292774/screenshot[39m
[35m[HTTP][39m [90m{}[39m
[35m[HTTP][39m [37m<-- GET /wd/hub/session/bd31d1d4-49cf-49ab-9ed4-8f719b292774/screenshot [39m[32m200[39m [90m666 ms - 148722[39m
[35m[HTTP][39m [90m[39m
[35m[HTTP][39m [37m-->[39m [37mPOST[39m [37m/wd/hub/session/bd31d1d4-49cf-49ab-9ed4-8f719b292774/context[39m
[35m[HTTP][39m [90m{"name":"NATIVE_APP"}[39m
[35m[HTTP][39m [37m<-- POST /wd/hub/session/bd31d1d4-49cf-49ab-9ed4-8f719b292774/context [39m[32m200[39m [90m1 ms - 14[39m
[35m[HTTP][39m [90m[39m
[35m[HTTP][39m [37m-->[39m [37mPOST[39m [37m/wd/hub/session/bd31d1d4-49cf-49ab-9ed4-8f719b292774/timeouts[39m
[35m[HTTP][39m [90m{"implicit":50}[39m
[35m[HTTP][39m [37m<-- POST /wd/hub/session/bd31d1d4-49cf-49ab-9ed4-8f719b292774/timeouts [39m[32m200[39m [90m1 ms - 14[39m
[35m[HTTP][39m [90m[39m
[35m[HTTP][39m [37m-->[39m [37mGET[39m [37m/wd/hub/session/bd31d1d4-49cf-49ab-9ed4-8f719b292774/window/rect[39m
[35m[HTTP][39m [90m{}[39m
[35m[HTTP][39m [37m<-- GET /wd/hub/session/bd31d1d4-49cf-49ab-9ed4-8f719b292774/window/rect [39m[32m200[39m [90m27 ms - 50[39m
[35m[HTTP][39m [90m[39m
[35m[HTTP][39m [37m-->[39m [37mPOST[39m [37m/wd/hub/session/bd31d1d4-49cf-49ab-9ed4-8f719b292774/elements[39m
[35m[HTTP][39m [90m{"using":"xpath","value":"(//*[@class = 'android.widget.EditText'])[1]"}[39m
[35m[HTTP][39m [37m<-- POST /wd/hub/session/bd31d1d4-49cf-49ab-9ed4-8f719b292774/elements [39m[32m-[39m [90m- ms - -[39m
[35m[HTTP][39m [90m[39m
