[35m[Appium][39m Welcome to Appium v1.22.1
[35m[Appium][39m Non-default server args:
[35m[Appium][39m   port: 59329
[35m[Appium][39m   loglevel: info
[35m[Appium][39m   tmpDir: C:\Users\00139711\AppData\Local\Temp\\Katalon\Appium\Temp1671518425189
[35m[Appium][39m   chromedriverPort: 59330
[35m[Appium][39m Deprecated server args:
[35m[Appium][39m   [31m--chromedriver-port[39m => --default-capabilities
[35m[Appium][39m Default capabilities, which will be added to each request unless overridden by desired capabilities:
[35m[Appium][39m   chromedriverPort: 59330
[35m[Appium][39m Appium REST http interface listener started on 0.0.0.0:59329
[35m[HTTP][39m [37m-->[39m [37mGET[39m [37m/wd/hub/status[39m
[35m[HTTP][39m [90m{}[39m
[35m[HTTP][39m [37m<-- GET /wd/hub/status [39m[32m200[39m [90m5 ms - 68[39m
[35m[HTTP][39m [90m[39m
[35m[HTTP][39m [37m-->[39m [37mPOST[39m [37m/wd/hub/session[39m
[35m[HTTP][39m [90m{"desiredCapabilities":{"appPackage":"com.android.settings","noReset":true,"AppWaitActivity":"*","deviceId":"N7U869LV456D5S8L","deviceName":"OPPO CPH1823 (Android 10)","platform":"ANDROID","appActivity":".Settings","newCommandTimeout":1800,"platformVersion":"10","automationName":"uiautomator2","autoGrantPermissions":true,"androidScreenshotPath":"/Screenshot","platformName":"Android","udid":"N7U869LV456D5S8L","systemPort":8297},"capabilities":{"firstMatch":[{"AppWaitActivity":"*","appium:androidScreenshotPath":"/Screenshot","appium:appActivity":".Settings","appium:appPackage":"com.android.settings","appium:autoGrantPermissions":true,"appium:automationName":"uiautomator2","deviceId":"N7U869LV456D5S8L","appium:deviceName":"OPPO CPH1823 (Android 10)","appium:newCommandTimeout":1800,"appium:noReset":true,"platform":"ANDROID","platformName":"android","appium:platformVersion":"10","appium:systemPort":8297,"appium:udid":"N7U869LV456D5S8L"}]}}[39m
[35m[BaseDriver][39m The following capabilities are not standard capabilities and should have an extension prefix:
[35m[BaseDriver][39m   AppWaitActivity
[35m[BaseDriver][39m   deviceId
[35m[BaseDriver][39m   platform
[35m[BaseDriver][39m   chromedriverPort
[35m[Appium][39m Appium v1.22.1 creating new AndroidUiautomator2Driver (v1.70.1) session
[35m[BaseDriver][39m The following capabilities were provided, but are not recognized by Appium:
[35m[BaseDriver][39m   AppWaitActivity
[35m[BaseDriver][39m   deviceId
[35m[BaseDriver][39m   platform
[35m[BaseDriver][39m Session created with session id: eb26c176-1a30-43d2-98bb-64ff97f5c556
[35m[UiAutomator2][39m Starting 'com.android.settings' directly on the device
[35m[ADB][39m Found 1 'build-tools' folders under 'C:\Users\00139711\.katalon\tools\android_sdk' (newest first):
[35m[ADB][39m     C:/Users/00139711/.katalon/tools/android_sdk/build-tools/29.0.3
[35m[ADB][39m Using 'adb.exe' from 'C:\Users\00139711\.katalon\tools\android_sdk\platform-tools\adb.exe'
[35m[AndroidDriver][39m Retrieving device list
[35m[AndroidDriver][39m Using device: N7U869LV456D5S8L
[35m[ADB][39m Using 'adb.exe' from 'C:\Users\00139711\.katalon\tools\android_sdk\platform-tools\adb.exe'
[35m[ADB][39m Getting device platform version
[35m[UiAutomator2][39m Relaxing hidden api policy
[35m[AndroidDriver][39m No app sent in, not parsing package/activity
[35m[ADB][39m Using 'apksigner.jar' from 'C:\Users\00139711\.katalon\tools\android_sdk\build-tools\29.0.3\lib\apksigner.jar'
[35m[ADB][39m 'C:\Users\00139711\AppData\Roaming\npm\node_modules\appium\node_modules\appium-uiautomator2-server\apks\appium-uiautomator2-server-v4.27.0.apk' is signed with the default certificate
[35m[ADB][39m 'C:\Users\00139711\AppData\Roaming\npm\node_modules\appium\node_modules\appium-uiautomator2-server\apks\appium-uiautomator2-server-debug-androidTest.apk' is signed with the default certificate
[35m[UiAutomator2][39m Server packages are not going to be (re)installed
[35m[ADB][39m Adding packages ["io.appium.settings","io.appium.uiautomator2.server","io.appium.uiautomator2.server.test"] to Doze whitelist
[35m[UiAutomator2][39m Starting UIAutomator2 server 4.27.0
[35m[UiAutomator2][39m Using UIAutomator2 server from 'C:\Users\00139711\AppData\Roaming\npm\node_modules\appium\node_modules\appium-uiautomator2-server\apks\appium-uiautomator2-server-v4.27.0.apk' and test from 'C:\Users\00139711\AppData\Roaming\npm\node_modules\appium\node_modules\appium-uiautomator2-server\apks\appium-uiautomator2-server-debug-androidTest.apk'
[35m[UiAutomator2][39m Waiting up to 30000ms for UiAutomator2 to be online...
[35m[WD Proxy][39m socket hang up
[35m[WD Proxy][39m socket hang up
[35m[WD Proxy][39m socket hang up
[35m[WD Proxy][39m socket hang up
[35m[WD Proxy][39m Determined the downstream protocol as 'W3C'
[35m[AndroidDriver][39m Screen already unlocked, doing nothing
[35m[UiAutomator2][39m Starting 'com.android.settings/.Settings and waiting for 'com.android.settings/.Settings'
[35m[Appium][39m New AndroidUiautomator2Driver session created successfully, session eb26c176-1a30-43d2-98bb-64ff97f5c556 added to master session list
[35m[HTTP][39m [37m<-- POST /wd/hub/session [39m[32m200[39m [90m9863 ms - 1376[39m
[35m[HTTP][39m [90m[39m
[35m[HTTP][39m [37m-->[39m [37mGET[39m [37m/wd/hub/session/eb26c176-1a30-43d2-98bb-64ff97f5c556[39m
[35m[HTTP][39m [90m{}[39m
[35m[HTTP][39m [37m<-- GET /wd/hub/session/eb26c176-1a30-43d2-98bb-64ff97f5c556 [39m[32m200[39m [90m14 ms - 1330[39m
[35m[HTTP][39m [90m[39m
[35m[HTTP][39m [37m-->[39m [37mGET[39m [37m/wd/hub/session/eb26c176-1a30-43d2-98bb-64ff97f5c556[39m
[35m[HTTP][39m [90m{}[39m
[35m[HTTP][39m [37m<-- GET /wd/hub/session/eb26c176-1a30-43d2-98bb-64ff97f5c556 [39m[32m200[39m [90m12 ms - 1330[39m
[35m[HTTP][39m [90m[39m
[35m[HTTP][39m [37m-->[39m [37mGET[39m [37m/wd/hub/status[39m
[35m[HTTP][39m [90m{}[39m
[35m[HTTP][39m [37m<-- GET /wd/hub/status [39m[32m200[39m [90m1 ms - 68[39m
[35m[HTTP][39m [90m[39m
[35m[HTTP][39m [37m-->[39m [37mPOST[39m [37m/wd/hub/session/eb26c176-1a30-43d2-98bb-64ff97f5c556/timeouts[39m
[35m[HTTP][39m [90m{"implicit":10000}[39m
[35m[HTTP][39m [37m<-- POST /wd/hub/session/eb26c176-1a30-43d2-98bb-64ff97f5c556/timeouts [39m[32m200[39m [90m2 ms - 14[39m
[35m[HTTP][39m [90m[39m
[35m[HTTP][39m [37m-->[39m [37mGET[39m [37m/wd/hub/session/eb26c176-1a30-43d2-98bb-64ff97f5c556/screenshot[39m
[35m[HTTP][39m [90m{}[39m
[35m[HTTP][39m [37m<-- GET /wd/hub/session/eb26c176-1a30-43d2-98bb-64ff97f5c556/screenshot [39m[32m200[39m [90m659 ms - 201200[39m
[35m[HTTP][39m [90m[39m
[35m[HTTP][39m [37m-->[39m [37mGET[39m [37m/wd/hub/session/eb26c176-1a30-43d2-98bb-64ff97f5c556/window/rect[39m
[35m[HTTP][39m [90m{}[39m
[35m[HTTP][39m [37m<-- GET /wd/hub/session/eb26c176-1a30-43d2-98bb-64ff97f5c556/window/rect [39m[32m200[39m [90m25 ms - 50[39m
[35m[HTTP][39m [90m[39m
[35m[HTTP][39m [37m-->[39m [37mGET[39m [37m/wd/hub/session/eb26c176-1a30-43d2-98bb-64ff97f5c556/appium/device/system_bars[39m
[35m[HTTP][39m [90m{}[39m
[35m[HTTP][39m [37m<-- GET /wd/hub/session/eb26c176-1a30-43d2-98bb-64ff97f5c556/appium/device/system_bars [39m[32m200[39m [90m148 ms - 148[39m
[35m[HTTP][39m [90m[39m
[35m[HTTP][39m [37m-->[39m [37mPOST[39m [37m/wd/hub/session/eb26c176-1a30-43d2-98bb-64ff97f5c556/appium/device/activate_app[39m
[35m[HTTP][39m [90m{"bundleId":"com.maybank2u.life.dev"}[39m
[35m[HTTP][39m [37m<-- POST /wd/hub/session/eb26c176-1a30-43d2-98bb-64ff97f5c556/appium/device/activate_app [39m[32m200[39m [90m538 ms - 14[39m
[35m[HTTP][39m [90m[39m
[35m[HTTP][39m [37m-->[39m [37mPOST[39m [37m/wd/hub/session/eb26c176-1a30-43d2-98bb-64ff97f5c556/timeouts[39m
[35m[HTTP][39m [90m{"implicit":50}[39m
[35m[HTTP][39m [37m<-- POST /wd/hub/session/eb26c176-1a30-43d2-98bb-64ff97f5c556/timeouts [39m[32m200[39m [90m2 ms - 14[39m
[35m[HTTP][39m [90m[39m
[35m[HTTP][39m [37m-->[39m [37mGET[39m [37m/wd/hub/session/eb26c176-1a30-43d2-98bb-64ff97f5c556/window/rect[39m
[35m[HTTP][39m [90m{}[39m
[35m[HTTP][39m [37m<-- GET /wd/hub/session/eb26c176-1a30-43d2-98bb-64ff97f5c556/window/rect [39m[32m200[39m [90m25 ms - 50[39m
[35m[HTTP][39m [90m[39m
[35m[HTTP][39m [37m-->[39m [37mPOST[39m [37m/wd/hub/session/eb26c176-1a30-43d2-98bb-64ff97f5c556/elements[39m
[35m[HTTP][39m [90m{"using":"xpath","value":"//*[@class = 'android.widget.TextView' and (@text = 'Set Up\nAuto Billing' or . = 'Set Up\nAuto Billing')]"}[39m
[35m[HTTP][39m [37m<-- POST /wd/hub/session/eb26c176-1a30-43d2-98bb-64ff97f5c556/elements [39m[32m200[39m [90m511 ms - 12[39m
[35m[HTTP][39m [90m[39m
[35m[HTTP][39m [37m-->[39m [37mPOST[39m [37m/wd/hub/session/eb26c176-1a30-43d2-98bb-64ff97f5c556/elements[39m
[35m[HTTP][39m [90m{"using":"xpath","value":"//*[@class = 'android.widget.TextView' and (@text = 'Set Up\nAuto Billing' or . = 'Set Up\nAuto Billing')]"}[39m
[35m[HTTP][39m [37m<-- POST /wd/hub/session/eb26c176-1a30-43d2-98bb-64ff97f5c556/elements [39m[32m200[39m [90m111 ms - 12[39m
[35m[HTTP][39m [90m[39m
[35m[HTTP][39m [37m-->[39m [37mPOST[39m [37m/wd/hub/session/eb26c176-1a30-43d2-98bb-64ff97f5c556/elements[39m
[35m[HTTP][39m [90m{"using":"xpath","value":"//*[@class = 'android.widget.TextView' and (@text = 'Set Up\nAuto Billing' or . = 'Set Up\nAuto Billing')]"}[39m
[35m[HTTP][39m [37m<-- POST /wd/hub/session/eb26c176-1a30-43d2-98bb-64ff97f5c556/elements [39m[32m200[39m [90m125 ms - 12[39m
[35m[HTTP][39m [90m[39m
[35m[HTTP][39m [37m-->[39m [37mPOST[39m [37m/wd/hub/session/eb26c176-1a30-43d2-98bb-64ff97f5c556/elements[39m
[35m[HTTP][39m [90m{"using":"xpath","value":"//*[@class = 'android.widget.TextView' and (@text = 'Set Up\nAuto Billing' or . = 'Set Up\nAuto Billing')]"}[39m
[35m[HTTP][39m [37m<-- POST /wd/hub/session/eb26c176-1a30-43d2-98bb-64ff97f5c556/elements [39m[32m200[39m [90m115 ms - 12[39m
[35m[HTTP][39m [90m[39m
[35m[HTTP][39m [37m-->[39m [37mPOST[39m [37m/wd/hub/session/eb26c176-1a30-43d2-98bb-64ff97f5c556/elements[39m
[35m[HTTP][39m [90m{"using":"xpath","value":"//*[@class = 'android.widget.TextView' and (@text = 'Set Up\nAuto Billing' or . = 'Set Up\nAuto Billing')]"}[39m
[35m[HTTP][39m [37m<-- POST /wd/hub/session/eb26c176-1a30-43d2-98bb-64ff97f5c556/elements [39m[32m200[39m [90m99 ms - 12[39m
[35m[HTTP][39m [90m[39m
[35m[HTTP][39m [37m-->[39m [37mPOST[39m [37m/wd/hub/session/eb26c176-1a30-43d2-98bb-64ff97f5c556/elements[39m
[35m[HTTP][39m [90m{"using":"xpath","value":"//*[@class = 'android.widget.TextView' and (@text = 'Set Up\nAuto Billing' or . = 'Set Up\nAuto Billing')]"}[39m
[35m[HTTP][39m [37m<-- POST /wd/hub/session/eb26c176-1a30-43d2-98bb-64ff97f5c556/elements [39m[32m200[39m [90m105 ms - 12[39m
[35m[HTTP][39m [90m[39m
[35m[HTTP][39m [37m-->[39m [37mPOST[39m [37m/wd/hub/session/eb26c176-1a30-43d2-98bb-64ff97f5c556/elements[39m
[35m[HTTP][39m [90m{"using":"xpath","value":"//*[@class = 'android.widget.TextView' and (@text = 'Set Up\nAuto Billing' or . = 'Set Up\nAuto Billing')]"}[39m
[35m[HTTP][39m [37m<-- POST /wd/hub/session/eb26c176-1a30-43d2-98bb-64ff97f5c556/elements [39m[32m200[39m [90m126 ms - 12[39m
[35m[HTTP][39m [90m[39m
[35m[HTTP][39m [37m-->[39m [37mPOST[39m [37m/wd/hub/session/eb26c176-1a30-43d2-98bb-64ff97f5c556/elements[39m
[35m[HTTP][39m [90m{"using":"xpath","value":"//*[@class = 'android.widget.TextView' and (@text = 'Set Up\nAuto Billing' or . = 'Set Up\nAuto Billing')]"}[39m
[35m[HTTP][39m [37m<-- POST /wd/hub/session/eb26c176-1a30-43d2-98bb-64ff97f5c556/elements [39m[32m200[39m [90m109 ms - 12[39m
[35m[HTTP][39m [90m[39m
[35m[HTTP][39m [37m-->[39m [37mPOST[39m [37m/wd/hub/session/eb26c176-1a30-43d2-98bb-64ff97f5c556/elements[39m
[35m[HTTP][39m [90m{"using":"xpath","value":"//*[@class = 'android.widget.TextView' and (@text = 'Set Up\nAuto Billing' or . = 'Set Up\nAuto Billing')]"}[39m
[35m[HTTP][39m [37m<-- POST /wd/hub/session/eb26c176-1a30-43d2-98bb-64ff97f5c556/elements [39m[32m200[39m [90m94 ms - 12[39m
[35m[HTTP][39m [90m[39m
[35m[HTTP][39m [37m-->[39m [37mPOST[39m [37m/wd/hub/session/eb26c176-1a30-43d2-98bb-64ff97f5c556/elements[39m
[35m[HTTP][39m [90m{"using":"xpath","value":"//*[@class = 'android.widget.TextView' and (@text = 'Set Up\nAuto Billing' or . = 'Set Up\nAuto Billing')]"}[39m
[35m[HTTP][39m [37m<-- POST /wd/hub/session/eb26c176-1a30-43d2-98bb-64ff97f5c556/elements [39m[32m200[39m [90m103 ms - 12[39m
[35m[HTTP][39m [90m[39m
[35m[HTTP][39m [37m-->[39m [37mPOST[39m [37m/wd/hub/session/eb26c176-1a30-43d2-98bb-64ff97f5c556/elements[39m
[35m[HTTP][39m [90m{"using":"xpath","value":"//*[@class = 'android.widget.TextView' and (@text = 'Set Up\nAuto Billing' or . = 'Set Up\nAuto Billing')]"}[39m
[35m[HTTP][39m [37m<-- POST /wd/hub/session/eb26c176-1a30-43d2-98bb-64ff97f5c556/elements [39m[32m200[39m [90m75 ms - 12[39m
[35m[HTTP][39m [90m[39m
[35m[HTTP][39m [37m-->[39m [37mPOST[39m [37m/wd/hub/session/eb26c176-1a30-43d2-98bb-64ff97f5c556/elements[39m
[35m[HTTP][39m [90m{"using":"xpath","value":"//*[@class = 'android.widget.TextView' and (@text = 'Set Up\nAuto Billing' or . = 'Set Up\nAuto Billing')]"}[39m
[35m[HTTP][39m [37m<-- POST /wd/hub/session/eb26c176-1a30-43d2-98bb-64ff97f5c556/elements [39m[32m200[39m [90m95 ms - 12[39m
[35m[HTTP][39m [90m[39m
[35m[HTTP][39m [37m-->[39m [37mPOST[39m [37m/wd/hub/session/eb26c176-1a30-43d2-98bb-64ff97f5c556/elements[39m
[35m[HTTP][39m [90m{"using":"xpath","value":"//*[@class = 'android.widget.TextView' and (@text = 'Set Up\nAuto Billing' or . = 'Set Up\nAuto Billing')]"}[39m
[35m[HTTP][39m [37m<-- POST /wd/hub/session/eb26c176-1a30-43d2-98bb-64ff97f5c556/elements [39m[32m200[39m [90m82 ms - 12[39m
[35m[HTTP][39m [90m[39m
[35m[HTTP][39m [37m-->[39m [37mPOST[39m [37m/wd/hub/session/eb26c176-1a30-43d2-98bb-64ff97f5c556/elements[39m
[35m[HTTP][39m [90m{"using":"xpath","value":"//*[@class = 'android.widget.TextView' and (@text = 'Set Up\nAuto Billing' or . = 'Set Up\nAuto Billing')]"}[39m
[35m[HTTP][39m [37m<-- POST /wd/hub/session/eb26c176-1a30-43d2-98bb-64ff97f5c556/elements [39m[32m200[39m [90m88 ms - 12[39m
[35m[HTTP][39m [90m[39m
[35m[HTTP][39m [37m-->[39m [37mPOST[39m [37m/wd/hub/session/eb26c176-1a30-43d2-98bb-64ff97f5c556/elements[39m
[35m[HTTP][39m [90m{"using":"xpath","value":"//*[@class = 'android.widget.TextView' and (@text = 'Set Up\nAuto Billing' or . = 'Set Up\nAuto Billing')]"}[39m
[35m[HTTP][39m [37m<-- POST /wd/hub/session/eb26c176-1a30-43d2-98bb-64ff97f5c556/elements [39m[32m200[39m [90m84 ms - 12[39m
[35m[HTTP][39m [90m[39m
[35m[HTTP][39m [37m-->[39m [37mPOST[39m [37m/wd/hub/session/eb26c176-1a30-43d2-98bb-64ff97f5c556/elements[39m
[35m[HTTP][39m [90m{"using":"xpath","value":"//*[@class = 'android.widget.TextView' and (@text = 'Set Up\nAuto Billing' or . = 'Set Up\nAuto Billing')]"}[39m
[35m[HTTP][39m [37m<-- POST /wd/hub/session/eb26c176-1a30-43d2-98bb-64ff97f5c556/elements [39m[32m200[39m [90m77 ms - 12[39m
[35m[HTTP][39m [90m[39m
[35m[HTTP][39m [37m-->[39m [37mPOST[39m [37m/wd/hub/session/eb26c176-1a30-43d2-98bb-64ff97f5c556/elements[39m
[35m[HTTP][39m [90m{"using":"xpath","value":"//*[@class = 'android.widget.TextView' and (@text = 'Set Up\nAuto Billing' or . = 'Set Up\nAuto Billing')]"}[39m
[35m[HTTP][39m [37m<-- POST /wd/hub/session/eb26c176-1a30-43d2-98bb-64ff97f5c556/elements [39m[32m200[39m [90m85 ms - 12[39m
[35m[HTTP][39m [90m[39m
[35m[HTTP][39m [37m-->[39m [37mPOST[39m [37m/wd/hub/session/eb26c176-1a30-43d2-98bb-64ff97f5c556/elements[39m
[35m[HTTP][39m [90m{"using":"xpath","value":"//*[@class = 'android.widget.TextView' and (@text = 'Set Up\nAuto Billing' or . = 'Set Up\nAuto Billing')]"}[39m
[35m[HTTP][39m [37m<-- POST /wd/hub/session/eb26c176-1a30-43d2-98bb-64ff97f5c556/elements [39m[32m200[39m [90m77 ms - 12[39m
[35m[HTTP][39m [90m[39m
[35m[HTTP][39m [37m-->[39m [37mPOST[39m [37m/wd/hub/session/eb26c176-1a30-43d2-98bb-64ff97f5c556/elements[39m
[35m[HTTP][39m [90m{"using":"xpath","value":"//*[@class = 'android.widget.TextView' and (@text = 'Set Up\nAuto Billing' or . = 'Set Up\nAuto Billing')]"}[39m
[35m[HTTP][39m [37m<-- POST /wd/hub/session/eb26c176-1a30-43d2-98bb-64ff97f5c556/elements [39m[32m200[39m [90m94 ms - 12[39m
[35m[HTTP][39m [90m[39m
[35m[HTTP][39m [37m-->[39m [37mPOST[39m [37m/wd/hub/session/eb26c176-1a30-43d2-98bb-64ff97f5c556/elements[39m
[35m[HTTP][39m [90m{"using":"xpath","value":"//*[@class = 'android.widget.TextView' and (@text = 'Set Up\nAuto Billing' or . = 'Set Up\nAuto Billing')]"}[39m
[35m[HTTP][39m [37m<-- POST /wd/hub/session/eb26c176-1a30-43d2-98bb-64ff97f5c556/elements [39m[32m200[39m [90m76 ms - 12[39m
[35m[HTTP][39m [90m[39m
[35m[HTTP][39m [37m-->[39m [37mPOST[39m [37m/wd/hub/session/eb26c176-1a30-43d2-98bb-64ff97f5c556/elements[39m
[35m[HTTP][39m [90m{"using":"xpath","value":"//*[@class = 'android.widget.TextView' and (@text = 'Set Up\nAuto Billing' or . = 'Set Up\nAuto Billing')]"}[39m
[35m[HTTP][39m [37m<-- POST /wd/hub/session/eb26c176-1a30-43d2-98bb-64ff97f5c556/elements [39m[32m200[39m [90m79 ms - 12[39m
[35m[HTTP][39m [90m[39m
[35m[HTTP][39m [37m-->[39m [37mPOST[39m [37m/wd/hub/session/eb26c176-1a30-43d2-98bb-64ff97f5c556/elements[39m
[35m[HTTP][39m [90m{"using":"xpath","value":"//*[@class = 'android.widget.TextView' and (@text = 'Set Up\nAuto Billing' or . = 'Set Up\nAuto Billing')]"}[39m
[35m[HTTP][39m [37m<-- POST /wd/hub/session/eb26c176-1a30-43d2-98bb-64ff97f5c556/elements [39m[32m200[39m [90m72 ms - 12[39m
[35m[HTTP][39m [90m[39m
[35m[HTTP][39m [37m-->[39m [37mPOST[39m [37m/wd/hub/session/eb26c176-1a30-43d2-98bb-64ff97f5c556/elements[39m
[35m[HTTP][39m [90m{"using":"xpath","value":"//*[@class = 'android.widget.TextView' and (@text = 'Set Up\nAuto Billing' or . = 'Set Up\nAuto Billing')]"}[39m
[35m[HTTP][39m [37m<-- POST /wd/hub/session/eb26c176-1a30-43d2-98bb-64ff97f5c556/elements [39m[32m200[39m [90m80 ms - 12[39m
[35m[HTTP][39m [90m[39m
[35m[HTTP][39m [37m-->[39m [37mPOST[39m [37m/wd/hub/session/eb26c176-1a30-43d2-98bb-64ff97f5c556/elements[39m
[35m[HTTP][39m [90m{"using":"xpath","value":"//*[@class = 'android.widget.TextView' and (@text = 'Set Up\nAuto Billing' or . = 'Set Up\nAuto Billing')]"}[39m
[35m[HTTP][39m [37m<-- POST /wd/hub/session/eb26c176-1a30-43d2-98bb-64ff97f5c556/elements [39m[32m200[39m [90m80 ms - 12[39m
[35m[HTTP][39m [90m[39m
[35m[HTTP][39m [37m-->[39m [37mPOST[39m [37m/wd/hub/session/eb26c176-1a30-43d2-98bb-64ff97f5c556/elements[39m
[35m[HTTP][39m [90m{"using":"xpath","value":"//*[@class = 'android.widget.TextView' and (@text = 'Set Up\nAuto Billing' or . = 'Set Up\nAuto Billing')]"}[39m
[35m[HTTP][39m [37m<-- POST /wd/hub/session/eb26c176-1a30-43d2-98bb-64ff97f5c556/elements [39m[32m200[39m [90m68 ms - 12[39m
[35m[HTTP][39m [90m[39m
[35m[HTTP][39m [37m-->[39m [37mPOST[39m [37m/wd/hub/session/eb26c176-1a30-43d2-98bb-64ff97f5c556/elements[39m
[35m[HTTP][39m [90m{"using":"xpath","value":"//*[@class = 'android.widget.TextView' and (@text = 'Set Up\nAuto Billing' or . = 'Set Up\nAuto Billing')]"}[39m
[35m[HTTP][39m [37m<-- POST /wd/hub/session/eb26c176-1a30-43d2-98bb-64ff97f5c556/elements [39m[32m200[39m [90m75 ms - 12[39m
[35m[HTTP][39m [90m[39m
[35m[HTTP][39m [37m-->[39m [37mPOST[39m [37m/wd/hub/session/eb26c176-1a30-43d2-98bb-64ff97f5c556/elements[39m
[35m[HTTP][39m [90m{"using":"xpath","value":"//*[@class = 'android.widget.TextView' and (@text = 'Set Up\nAuto Billing' or . = 'Set Up\nAuto Billing')]"}[39m
[35m[HTTP][39m [37m<-- POST /wd/hub/session/eb26c176-1a30-43d2-98bb-64ff97f5c556/elements [39m[32m200[39m [90m81 ms - 12[39m
[35m[HTTP][39m [90m[39m
[35m[HTTP][39m [37m-->[39m [37mPOST[39m [37m/wd/hub/session/eb26c176-1a30-43d2-98bb-64ff97f5c556/elements[39m
[35m[HTTP][39m [90m{"using":"xpath","value":"//*[@class = 'android.widget.TextView' and (@text = 'Set Up\nAuto Billing' or . = 'Set Up\nAuto Billing')]"}[39m
[35m[HTTP][39m [37m<-- POST /wd/hub/session/eb26c176-1a30-43d2-98bb-64ff97f5c556/elements [39m[32m200[39m [90m85 ms - 12[39m
[35m[HTTP][39m [90m[39m
[35m[HTTP][39m [37m-->[39m [37mPOST[39m [37m/wd/hub/session/eb26c176-1a30-43d2-98bb-64ff97f5c556/elements[39m
[35m[HTTP][39m [90m{"using":"xpath","value":"//*[@class = 'android.widget.TextView' and (@text = 'Set Up\nAuto Billing' or . = 'Set Up\nAuto Billing')]"}[39m
[35m[HTTP][39m [37m<-- POST /wd/hub/session/eb26c176-1a30-43d2-98bb-64ff97f5c556/elements [39m[32m200[39m [90m88 ms - 12[39m
[35m[HTTP][39m [90m[39m
[35m[HTTP][39m [37m-->[39m [37mPOST[39m [37m/wd/hub/session/eb26c176-1a30-43d2-98bb-64ff97f5c556/elements[39m
[35m[HTTP][39m [90m{"using":"xpath","value":"//*[@class = 'android.widget.TextView' and (@text = 'Set Up\nAuto Billing' or . = 'Set Up\nAuto Billing')]"}[39m
[35m[HTTP][39m [37m<-- POST /wd/hub/session/eb26c176-1a30-43d2-98bb-64ff97f5c556/elements [39m[32m200[39m [90m63 ms - 12[39m
[35m[HTTP][39m [90m[39m
[35m[HTTP][39m [37m-->[39m [37mPOST[39m [37m/wd/hub/session/eb26c176-1a30-43d2-98bb-64ff97f5c556/elements[39m
[35m[HTTP][39m [90m{"using":"xpath","value":"//*[@class = 'android.widget.TextView' and (@text = 'Set Up\nAuto Billing' or . = 'Set Up\nAuto Billing')]"}[39m
[35m[HTTP][39m [37m<-- POST /wd/hub/session/eb26c176-1a30-43d2-98bb-64ff97f5c556/elements [39m[32m200[39m [90m64 ms - 12[39m
[35m[HTTP][39m [90m[39m
[35m[HTTP][39m [37m-->[39m [37mPOST[39m [37m/wd/hub/session/eb26c176-1a30-43d2-98bb-64ff97f5c556/elements[39m
[35m[HTTP][39m [90m{"using":"xpath","value":"//*[@class = 'android.widget.TextView' and (@text = 'Set Up\nAuto Billing' or . = 'Set Up\nAuto Billing')]"}[39m
[35m[HTTP][39m [37m<-- POST /wd/hub/session/eb26c176-1a30-43d2-98bb-64ff97f5c556/elements [39m[32m200[39m [90m70 ms - 12[39m
[35m[HTTP][39m [90m[39m
[35m[HTTP][39m [37m-->[39m [37mPOST[39m [37m/wd/hub/session/eb26c176-1a30-43d2-98bb-64ff97f5c556/elements[39m
[35m[HTTP][39m [90m{"using":"xpath","value":"//*[@class = 'android.widget.TextView' and (@text = 'Set Up\nAuto Billing' or . = 'Set Up\nAuto Billing')]"}[39m
[35m[HTTP][39m [37m<-- POST /wd/hub/session/eb26c176-1a30-43d2-98bb-64ff97f5c556/elements [39m[32m200[39m [90m92 ms - 12[39m
[35m[HTTP][39m [90m[39m
[35m[HTTP][39m [37m-->[39m [37mPOST[39m [37m/wd/hub/session/eb26c176-1a30-43d2-98bb-64ff97f5c556/elements[39m
[35m[HTTP][39m [90m{"using":"xpath","value":"//*[@class = 'android.widget.TextView' and (@text = 'Set Up\nAuto Billing' or . = 'Set Up\nAuto Billing')]"}[39m
[35m[HTTP][39m [37m<-- POST /wd/hub/session/eb26c176-1a30-43d2-98bb-64ff97f5c556/elements [39m[32m200[39m [90m114 ms - 12[39m
[35m[HTTP][39m [90m[39m
[35m[HTTP][39m [37m-->[39m [37mPOST[39m [37m/wd/hub/session/eb26c176-1a30-43d2-98bb-64ff97f5c556/elements[39m
[35m[HTTP][39m [90m{"using":"xpath","value":"//*[@class = 'android.widget.TextView' and (@text = 'Set Up\nAuto Billing' or . = 'Set Up\nAuto Billing')]"}[39m
[35m[HTTP][39m [37m<-- POST /wd/hub/session/eb26c176-1a30-43d2-98bb-64ff97f5c556/elements [39m[32m200[39m [90m117 ms - 12[39m
[35m[HTTP][39m [90m[39m
[35m[HTTP][39m [37m-->[39m [37mPOST[39m [37m/wd/hub/session/eb26c176-1a30-43d2-98bb-64ff97f5c556/elements[39m
[35m[HTTP][39m [90m{"using":"xpath","value":"//*[@class = 'android.widget.TextView' and (@text = 'Set Up\nAuto Billing' or . = 'Set Up\nAuto Billing')]"}[39m
[35m[HTTP][39m [37m<-- POST /wd/hub/session/eb26c176-1a30-43d2-98bb-64ff97f5c556/elements [39m[32m200[39m [90m96 ms - 12[39m
[35m[HTTP][39m [90m[39m
[35m[HTTP][39m [37m-->[39m [37mPOST[39m [37m/wd/hub/session/eb26c176-1a30-43d2-98bb-64ff97f5c556/elements[39m
[35m[HTTP][39m [90m{"using":"xpath","value":"//*[@class = 'android.widget.TextView' and (@text = 'Set Up\nAuto Billing' or . = 'Set Up\nAuto Billing')]"}[39m
[35m[HTTP][39m [37m<-- POST /wd/hub/session/eb26c176-1a30-43d2-98bb-64ff97f5c556/elements [39m[32m200[39m [90m112 ms - 12[39m
[35m[HTTP][39m [90m[39m
[35m[HTTP][39m [37m-->[39m [37mPOST[39m [37m/wd/hub/session/eb26c176-1a30-43d2-98bb-64ff97f5c556/elements[39m
[35m[HTTP][39m [90m{"using":"xpath","value":"//*[@class = 'android.widget.TextView' and (@text = 'Set Up\nAuto Billing' or . = 'Set Up\nAuto Billing')]"}[39m
[35m[HTTP][39m [37m<-- POST /wd/hub/session/eb26c176-1a30-43d2-98bb-64ff97f5c556/elements [39m[32m200[39m [90m108 ms - 12[39m
[35m[HTTP][39m [90m[39m
[35m[HTTP][39m [37m-->[39m [37mPOST[39m [37m/wd/hub/session/eb26c176-1a30-43d2-98bb-64ff97f5c556/elements[39m
[35m[HTTP][39m [90m{"using":"xpath","value":"//*[@class = 'android.widget.TextView' and (@text = 'Set Up\nAuto Billing' or . = 'Set Up\nAuto Billing')]"}[39m
[35m[HTTP][39m [37m<-- POST /wd/hub/session/eb26c176-1a30-43d2-98bb-64ff97f5c556/elements [39m[32m200[39m [90m105 ms - 12[39m
[35m[HTTP][39m [90m[39m
[35m[HTTP][39m [37m-->[39m [37mPOST[39m [37m/wd/hub/session/eb26c176-1a30-43d2-98bb-64ff97f5c556/elements[39m
[35m[HTTP][39m [90m{"using":"xpath","value":"//*[@class = 'android.widget.TextView' and (@text = 'Set Up\nAuto Billing' or . = 'Set Up\nAuto Billing')]"}[39m
[35m[HTTP][39m [37m<-- POST /wd/hub/session/eb26c176-1a30-43d2-98bb-64ff97f5c556/elements [39m[32m200[39m [90m104 ms - 12[39m
[35m[HTTP][39m [90m[39m
[35m[HTTP][39m [37m-->[39m [37mPOST[39m [37m/wd/hub/session/eb26c176-1a30-43d2-98bb-64ff97f5c556/elements[39m
[35m[HTTP][39m [90m{"using":"xpath","value":"//*[@class = 'android.widget.TextView' and (@text = 'Set Up\nAuto Billing' or . = 'Set Up\nAuto Billing')]"}[39m
[35m[HTTP][39m [37m<-- POST /wd/hub/session/eb26c176-1a30-43d2-98bb-64ff97f5c556/elements [39m[32m200[39m [90m91 ms - 12[39m
[35m[HTTP][39m [90m[39m
[35m[HTTP][39m [37m-->[39m [37mPOST[39m [37m/wd/hub/session/eb26c176-1a30-43d2-98bb-64ff97f5c556/elements[39m
[35m[HTTP][39m [90m{"using":"xpath","value":"//*[@class = 'android.widget.TextView' and (@text = 'Set Up\nAuto Billing' or . = 'Set Up\nAuto Billing')]"}[39m
[35m[HTTP][39m [37m<-- POST /wd/hub/session/eb26c176-1a30-43d2-98bb-64ff97f5c556/elements [39m[32m200[39m [90m101 ms - 12[39m
[35m[HTTP][39m [90m[39m
[35m[HTTP][39m [37m-->[39m [37mPOST[39m [37m/wd/hub/session/eb26c176-1a30-43d2-98bb-64ff97f5c556/elements[39m
[35m[HTTP][39m [90m{"using":"xpath","value":"//*[@class = 'android.widget.TextView' and (@text = 'Set Up\nAuto Billing' or . = 'Set Up\nAuto Billing')]"}[39m
[35m[HTTP][39m [37m<-- POST /wd/hub/session/eb26c176-1a30-43d2-98bb-64ff97f5c556/elements [39m[32m200[39m [90m90 ms - 12[39m
[35m[HTTP][39m [90m[39m
[35m[HTTP][39m [37m-->[39m [37mPOST[39m [37m/wd/hub/session/eb26c176-1a30-43d2-98bb-64ff97f5c556/elements[39m
[35m[HTTP][39m [90m{"using":"xpath","value":"//*[@class = 'android.widget.TextView' and (@text = 'Set Up\nAuto Billing' or . = 'Set Up\nAuto Billing')]"}[39m
[35m[HTTP][39m [37m<-- POST /wd/hub/session/eb26c176-1a30-43d2-98bb-64ff97f5c556/elements [39m[32m200[39m [90m105 ms - 12[39m
[35m[HTTP][39m [90m[39m
[35m[HTTP][39m [37m-->[39m [37mPOST[39m [37m/wd/hub/session/eb26c176-1a30-43d2-98bb-64ff97f5c556/elements[39m
[35m[HTTP][39m [90m{"using":"xpath","value":"//*[@class = 'android.widget.TextView' and (@text = 'Set Up\nAuto Billing' or . = 'Set Up\nAuto Billing')]"}[39m
[35m[HTTP][39m [37m<-- POST /wd/hub/session/eb26c176-1a30-43d2-98bb-64ff97f5c556/elements [39m[32m200[39m [90m113 ms - 12[39m
[35m[HTTP][39m [90m[39m
[35m[HTTP][39m [37m-->[39m [37mPOST[39m [37m/wd/hub/session/eb26c176-1a30-43d2-98bb-64ff97f5c556/elements[39m
[35m[HTTP][39m [90m{"using":"xpath","value":"//*[@class = 'android.widget.TextView' and (@text = 'Set Up\nAuto Billing' or . = 'Set Up\nAuto Billing')]"}[39m
[35m[HTTP][39m [37m<-- POST /wd/hub/session/eb26c176-1a30-43d2-98bb-64ff97f5c556/elements [39m[32m200[39m [90m97 ms - 12[39m
[35m[HTTP][39m [90m[39m
[35m[HTTP][39m [37m-->[39m [37mPOST[39m [37m/wd/hub/session/eb26c176-1a30-43d2-98bb-64ff97f5c556/elements[39m
[35m[HTTP][39m [90m{"using":"xpath","value":"//*[@class = 'android.widget.TextView' and (@text = 'Set Up\nAuto Billing' or . = 'Set Up\nAuto Billing')]"}[39m
[35m[HTTP][39m [37m<-- POST /wd/hub/session/eb26c176-1a30-43d2-98bb-64ff97f5c556/elements [39m[32m200[39m [90m94 ms - 12[39m
[35m[HTTP][39m [90m[39m
[35m[HTTP][39m [37m-->[39m [37mPOST[39m [37m/wd/hub/session/eb26c176-1a30-43d2-98bb-64ff97f5c556/elements[39m
[35m[HTTP][39m [90m{"using":"xpath","value":"//*[@class = 'android.widget.TextView' and (@text = 'Set Up\nAuto Billing' or . = 'Set Up\nAuto Billing')]"}[39m
[35m[HTTP][39m [37m<-- POST /wd/hub/session/eb26c176-1a30-43d2-98bb-64ff97f5c556/elements [39m[32m200[39m [90m106 ms - 12[39m
[35m[HTTP][39m [90m[39m
[35m[HTTP][39m [37m-->[39m [37mPOST[39m [37m/wd/hub/session/eb26c176-1a30-43d2-98bb-64ff97f5c556/elements[39m
[35m[HTTP][39m [90m{"using":"xpath","value":"//*[@class = 'android.widget.TextView' and (@text = 'Set Up\nAuto Billing' or . = 'Set Up\nAuto Billing')]"}[39m
[35m[HTTP][39m [37m<-- POST /wd/hub/session/eb26c176-1a30-43d2-98bb-64ff97f5c556/elements [39m[32m200[39m [90m84 ms - 12[39m
[35m[HTTP][39m [90m[39m
[35m[HTTP][39m [37m-->[39m [37mPOST[39m [37m/wd/hub/session/eb26c176-1a30-43d2-98bb-64ff97f5c556/elements[39m
[35m[HTTP][39m [90m{"using":"xpath","value":"//*[@class = 'android.widget.TextView' and (@text = 'Set Up\nAuto Billing' or . = 'Set Up\nAuto Billing')]"}[39m
[35m[HTTP][39m [37m<-- POST /wd/hub/session/eb26c176-1a30-43d2-98bb-64ff97f5c556/elements [39m[32m200[39m [90m97 ms - 12[39m
[35m[HTTP][39m [90m[39m
[35m[HTTP][39m [37m-->[39m [37mPOST[39m [37m/wd/hub/session/eb26c176-1a30-43d2-98bb-64ff97f5c556/elements[39m
[35m[HTTP][39m [90m{"using":"xpath","value":"//*[@class = 'android.widget.TextView' and (@text = 'Set Up\nAuto Billing' or . = 'Set Up\nAuto Billing')]"}[39m
[35m[HTTP][39m [37m<-- POST /wd/hub/session/eb26c176-1a30-43d2-98bb-64ff97f5c556/elements [39m[32m200[39m [90m86 ms - 12[39m
[35m[HTTP][39m [90m[39m
[35m[HTTP][39m [37m-->[39m [37mPOST[39m [37m/wd/hub/session/eb26c176-1a30-43d2-98bb-64ff97f5c556/elements[39m
[35m[HTTP][39m [90m{"using":"xpath","value":"//*[@class = 'android.widget.TextView' and (@text = 'Set Up\nAuto Billing' or . = 'Set Up\nAuto Billing')]"}[39m
[35m[HTTP][39m [37m<-- POST /wd/hub/session/eb26c176-1a30-43d2-98bb-64ff97f5c556/elements [39m[32m200[39m [90m96 ms - 12[39m
[35m[HTTP][39m [90m[39m
[35m[HTTP][39m [37m-->[39m [37mPOST[39m [37m/wd/hub/session/eb26c176-1a30-43d2-98bb-64ff97f5c556/elements[39m
[35m[HTTP][39m [90m{"using":"xpath","value":"//*[@class = 'android.widget.TextView' and (@text = 'Set Up\nAuto Billing' or . = 'Set Up\nAuto Billing')]"}[39m
[35m[HTTP][39m [37m<-- POST /wd/hub/session/eb26c176-1a30-43d2-98bb-64ff97f5c556/elements [39m[32m200[39m [90m82 ms - 12[39m
[35m[HTTP][39m [90m[39m
[35m[HTTP][39m [37m-->[39m [37mPOST[39m [37m/wd/hub/session/eb26c176-1a30-43d2-98bb-64ff97f5c556/elements[39m
[35m[HTTP][39m [90m{"using":"xpath","value":"//*[@class = 'android.widget.TextView' and (@text = 'Set Up\nAuto Billing' or . = 'Set Up\nAuto Billing')]"}[39m
[35m[HTTP][39m [37m<-- POST /wd/hub/session/eb26c176-1a30-43d2-98bb-64ff97f5c556/elements [39m[32m200[39m [90m95 ms - 12[39m
[35m[HTTP][39m [90m[39m
[35m[HTTP][39m [37m-->[39m [37mPOST[39m [37m/wd/hub/session/eb26c176-1a30-43d2-98bb-64ff97f5c556/elements[39m
[35m[HTTP][39m [90m{"using":"xpath","value":"//*[@class = 'android.widget.TextView' and (@text = 'Set Up\nAuto Billing' or . = 'Set Up\nAuto Billing')]"}[39m
[35m[HTTP][39m [37m<-- POST /wd/hub/session/eb26c176-1a30-43d2-98bb-64ff97f5c556/elements [39m[32m200[39m [90m95 ms - 12[39m
[35m[HTTP][39m [90m[39m
[35m[HTTP][39m [37m-->[39m [37mPOST[39m [37m/wd/hub/session/eb26c176-1a30-43d2-98bb-64ff97f5c556/elements[39m
[35m[HTTP][39m [90m{"using":"xpath","value":"//*[@class = 'android.widget.TextView' and (@text = 'Set Up\nAuto Billing' or . = 'Set Up\nAuto Billing')]"}[39m
[35m[HTTP][39m [37m<-- POST /wd/hub/session/eb26c176-1a30-43d2-98bb-64ff97f5c556/elements [39m[32m200[39m [90m82 ms - 12[39m
[35m[HTTP][39m [90m[39m
[35m[HTTP][39m [37m-->[39m [37mPOST[39m [37m/wd/hub/session/eb26c176-1a30-43d2-98bb-64ff97f5c556/elements[39m
[35m[HTTP][39m [90m{"using":"xpath","value":"//*[@class = 'android.widget.TextView' and (@text = 'Set Up\nAuto Billing' or . = 'Set Up\nAuto Billing')]"}[39m
[35m[HTTP][39m [37m<-- POST /wd/hub/session/eb26c176-1a30-43d2-98bb-64ff97f5c556/elements [39m[32m200[39m [90m89 ms - 12[39m
[35m[HTTP][39m [90m[39m
[35m[HTTP][39m [37m-->[39m [37mPOST[39m [37m/wd/hub/session/eb26c176-1a30-43d2-98bb-64ff97f5c556/elements[39m
[35m[HTTP][39m [90m{"using":"xpath","value":"//*[@class = 'android.widget.TextView' and (@text = 'Set Up\nAuto Billing' or . = 'Set Up\nAuto Billing')]"}[39m
[35m[HTTP][39m [37m<-- POST /wd/hub/session/eb26c176-1a30-43d2-98bb-64ff97f5c556/elements [39m[32m200[39m [90m98 ms - 12[39m
[35m[HTTP][39m [90m[39m
[35m[HTTP][39m [37m-->[39m [37mPOST[39m [37m/wd/hub/session/eb26c176-1a30-43d2-98bb-64ff97f5c556/elements[39m
[35m[HTTP][39m [90m{"using":"xpath","value":"//*[@class = 'android.widget.TextView' and (@text = 'Set Up\nAuto Billing' or . = 'Set Up\nAuto Billing')]"}[39m
[35m[HTTP][39m [37m<-- POST /wd/hub/session/eb26c176-1a30-43d2-98bb-64ff97f5c556/elements [39m[32m200[39m [90m80 ms - 12[39m
[35m[HTTP][39m [90m[39m
[35m[HTTP][39m [37m-->[39m [37mPOST[39m [37m/wd/hub/session/eb26c176-1a30-43d2-98bb-64ff97f5c556/elements[39m
[35m[HTTP][39m [90m{"using":"xpath","value":"//*[@class = 'android.widget.TextView' and (@text = 'Set Up\nAuto Billing' or . = 'Set Up\nAuto Billing')]"}[39m
[35m[HTTP][39m [37m<-- POST /wd/hub/session/eb26c176-1a30-43d2-98bb-64ff97f5c556/elements [39m[32m200[39m [90m95 ms - 12[39m
[35m[HTTP][39m [90m[39m
[35m[HTTP][39m [37m-->[39m [37mPOST[39m [37m/wd/hub/session/eb26c176-1a30-43d2-98bb-64ff97f5c556/elements[39m
[35m[HTTP][39m [90m{"using":"xpath","value":"//*[@class = 'android.widget.TextView' and (@text = 'Set Up\nAuto Billing' or . = 'Set Up\nAuto Billing')]"}[39m
[35m[HTTP][39m [37m<-- POST /wd/hub/session/eb26c176-1a30-43d2-98bb-64ff97f5c556/elements [39m[32m200[39m [90m79 ms - 12[39m
[35m[HTTP][39m [90m[39m
[35m[HTTP][39m [37m-->[39m [37mPOST[39m [37m/wd/hub/session/eb26c176-1a30-43d2-98bb-64ff97f5c556/elements[39m
[35m[HTTP][39m [90m{"using":"xpath","value":"//*[@class = 'android.widget.TextView' and (@text = 'Set Up\nAuto Billing' or . = 'Set Up\nAuto Billing')]"}[39m
[35m[HTTP][39m [37m<-- POST /wd/hub/session/eb26c176-1a30-43d2-98bb-64ff97f5c556/elements [39m[32m200[39m [90m87 ms - 12[39m
[35m[HTTP][39m [90m[39m
[35m[HTTP][39m [37m-->[39m [37mPOST[39m [37m/wd/hub/session/eb26c176-1a30-43d2-98bb-64ff97f5c556/elements[39m
[35m[HTTP][39m [90m{"using":"xpath","value":"//*[@class = 'android.widget.TextView' and (@text = 'Set Up\nAuto Billing' or . = 'Set Up\nAuto Billing')]"}[39m
[35m[HTTP][39m [37m<-- POST /wd/hub/session/eb26c176-1a30-43d2-98bb-64ff97f5c556/elements [39m[32m200[39m [90m82 ms - 12[39m
[35m[HTTP][39m [90m[39m
[35m[HTTP][39m [37m-->[39m [37mPOST[39m [37m/wd/hub/session/eb26c176-1a30-43d2-98bb-64ff97f5c556/elements[39m
[35m[HTTP][39m [90m{"using":"xpath","value":"//*[@class = 'android.widget.TextView' and (@text = 'Set Up\nAuto Billing' or . = 'Set Up\nAuto Billing')]"}[39m
[35m[HTTP][39m [37m<-- POST /wd/hub/session/eb26c176-1a30-43d2-98bb-64ff97f5c556/elements [39m[32m200[39m [90m100 ms - 12[39m
[35m[HTTP][39m [90m[39m
[35m[HTTP][39m [37m-->[39m [37mPOST[39m [37m/wd/hub/session/eb26c176-1a30-43d2-98bb-64ff97f5c556/elements[39m
[35m[HTTP][39m [90m{"using":"xpath","value":"//*[@class = 'android.widget.TextView' and (@text = 'Set Up\nAuto Billing' or . = 'Set Up\nAuto Billing')]"}[39m
[35m[HTTP][39m [37m<-- POST /wd/hub/session/eb26c176-1a30-43d2-98bb-64ff97f5c556/elements [39m[32m200[39m [90m97 ms - 12[39m
[35m[HTTP][39m [90m[39m
[35m[HTTP][39m [37m-->[39m [37mPOST[39m [37m/wd/hub/session/eb26c176-1a30-43d2-98bb-64ff97f5c556/elements[39m
[35m[HTTP][39m [90m{"using":"xpath","value":"//*[@class = 'android.widget.TextView' and (@text = 'Set Up\nAuto Billing' or . = 'Set Up\nAuto Billing')]"}[39m
[35m[HTTP][39m [37m<-- POST /wd/hub/session/eb26c176-1a30-43d2-98bb-64ff97f5c556/elements [39m[32m200[39m [90m90 ms - 12[39m
[35m[HTTP][39m [90m[39m
[35m[HTTP][39m [37m-->[39m [37mPOST[39m [37m/wd/hub/session/eb26c176-1a30-43d2-98bb-64ff97f5c556/elements[39m
[35m[HTTP][39m [90m{"using":"xpath","value":"//*[@class = 'android.widget.TextView' and (@text = 'Set Up\nAuto Billing' or . = 'Set Up\nAuto Billing')]"}[39m
[35m[HTTP][39m [37m<-- POST /wd/hub/session/eb26c176-1a30-43d2-98bb-64ff97f5c556/elements [39m[32m200[39m [90m94 ms - 12[39m
[35m[HTTP][39m [90m[39m
[35m[HTTP][39m [37m-->[39m [37mPOST[39m [37m/wd/hub/session/eb26c176-1a30-43d2-98bb-64ff97f5c556/elements[39m
[35m[HTTP][39m [90m{"using":"xpath","value":"//*[@class = 'android.widget.TextView' and (@text = 'Set Up\nAuto Billing' or . = 'Set Up\nAuto Billing')]"}[39m
[35m[HTTP][39m [37m<-- POST /wd/hub/session/eb26c176-1a30-43d2-98bb-64ff97f5c556/elements [39m[32m200[39m [90m84 ms - 12[39m
[35m[HTTP][39m [90m[39m
[35m[HTTP][39m [37m-->[39m [37mPOST[39m [37m/wd/hub/session/eb26c176-1a30-43d2-98bb-64ff97f5c556/elements[39m
[35m[HTTP][39m [90m{"using":"xpath","value":"//*[@class = 'android.widget.TextView' and (@text = 'Set Up\nAuto Billing' or . = 'Set Up\nAuto Billing')]"}[39m
[35m[HTTP][39m [37m<-- POST /wd/hub/session/eb26c176-1a30-43d2-98bb-64ff97f5c556/elements [39m[32m200[39m [90m80 ms - 12[39m
[35m[HTTP][39m [90m[39m
[35m[HTTP][39m [37m-->[39m [37mPOST[39m [37m/wd/hub/session/eb26c176-1a30-43d2-98bb-64ff97f5c556/elements[39m
[35m[HTTP][39m [90m{"using":"xpath","value":"//*[@class = 'android.widget.TextView' and (@text = 'Set Up\nAuto Billing' or . = 'Set Up\nAuto Billing')]"}[39m
[35m[HTTP][39m [37m<-- POST /wd/hub/session/eb26c176-1a30-43d2-98bb-64ff97f5c556/elements [39m[32m200[39m [90m81 ms - 12[39m
[35m[HTTP][39m [90m[39m
[35m[HTTP][39m [37m-->[39m [37mPOST[39m [37m/wd/hub/session/eb26c176-1a30-43d2-98bb-64ff97f5c556/elements[39m
[35m[HTTP][39m [90m{"using":"xpath","value":"//*[@class = 'android.widget.TextView' and (@text = 'Set Up\nAuto Billing' or . = 'Set Up\nAuto Billing')]"}[39m
[35m[HTTP][39m [37m<-- POST /wd/hub/session/eb26c176-1a30-43d2-98bb-64ff97f5c556/elements [39m[32m200[39m [90m88 ms - 12[39m
[35m[HTTP][39m [90m[39m
[35m[HTTP][39m [37m-->[39m [37mPOST[39m [37m/wd/hub/session/eb26c176-1a30-43d2-98bb-64ff97f5c556/elements[39m
[35m[HTTP][39m [90m{"using":"xpath","value":"//*[@class = 'android.widget.TextView' and (@text = 'Set Up\nAuto Billing' or . = 'Set Up\nAuto Billing')]"}[39m
[35m[HTTP][39m [37m<-- POST /wd/hub/session/eb26c176-1a30-43d2-98bb-64ff97f5c556/elements [39m[32m200[39m [90m78 ms - 12[39m
[35m[HTTP][39m [90m[39m
[35m[HTTP][39m [37m-->[39m [37mPOST[39m [37m/wd/hub/session/eb26c176-1a30-43d2-98bb-64ff97f5c556/elements[39m
[35m[HTTP][39m [90m{"using":"xpath","value":"//*[@class = 'android.widget.TextView' and (@text = 'Set Up\nAuto Billing' or . = 'Set Up\nAuto Billing')]"}[39m
[35m[HTTP][39m [37m<-- POST /wd/hub/session/eb26c176-1a30-43d2-98bb-64ff97f5c556/elements [39m[32m200[39m [90m85 ms - 12[39m
[35m[HTTP][39m [90m[39m
[35m[HTTP][39m [37m-->[39m [37mPOST[39m [37m/wd/hub/session/eb26c176-1a30-43d2-98bb-64ff97f5c556/elements[39m
[35m[HTTP][39m [90m{"using":"xpath","value":"//*[@class = 'android.widget.TextView' and (@text = 'Set Up\nAuto Billing' or . = 'Set Up\nAuto Billing')]"}[39m
[35m[HTTP][39m [37m<-- POST /wd/hub/session/eb26c176-1a30-43d2-98bb-64ff97f5c556/elements [39m[32m200[39m [90m92 ms - 12[39m
[35m[HTTP][39m [90m[39m
[35m[HTTP][39m [37m-->[39m [37mPOST[39m [37m/wd/hub/session/eb26c176-1a30-43d2-98bb-64ff97f5c556/elements[39m
[35m[HTTP][39m [90m{"using":"xpath","value":"//*[@class = 'android.widget.TextView' and (@text = 'Set Up\nAuto Billing' or . = 'Set Up\nAuto Billing')]"}[39m
[35m[HTTP][39m [37m<-- POST /wd/hub/session/eb26c176-1a30-43d2-98bb-64ff97f5c556/elements [39m[32m200[39m [90m84 ms - 12[39m
[35m[HTTP][39m [90m[39m
[35m[HTTP][39m [37m-->[39m [37mPOST[39m [37m/wd/hub/session/eb26c176-1a30-43d2-98bb-64ff97f5c556/elements[39m
[35m[HTTP][39m [90m{"using":"xpath","value":"//*[@class = 'android.widget.TextView' and (@text = 'Set Up\nAuto Billing' or . = 'Set Up\nAuto Billing')]"}[39m
[35m[HTTP][39m [37m<-- POST /wd/hub/session/eb26c176-1a30-43d2-98bb-64ff97f5c556/elements [39m[32m200[39m [90m96 ms - 12[39m
[35m[HTTP][39m [90m[39m
[35m[HTTP][39m [37m-->[39m [37mPOST[39m [37m/wd/hub/session/eb26c176-1a30-43d2-98bb-64ff97f5c556/elements[39m
[35m[HTTP][39m [90m{"using":"xpath","value":"//*[@class = 'android.widget.TextView' and (@text = 'Set Up\nAuto Billing' or . = 'Set Up\nAuto Billing')]"}[39m
[35m[HTTP][39m [37m<-- POST /wd/hub/session/eb26c176-1a30-43d2-98bb-64ff97f5c556/elements [39m[32m200[39m [90m80 ms - 12[39m
[35m[HTTP][39m [90m[39m
[35m[HTTP][39m [37m-->[39m [37mPOST[39m [37m/wd/hub/session/eb26c176-1a30-43d2-98bb-64ff97f5c556/elements[39m
[35m[HTTP][39m [90m{"using":"xpath","value":"//*[@class = 'android.widget.TextView' and (@text = 'Set Up\nAuto Billing' or . = 'Set Up\nAuto Billing')]"}[39m
[35m[HTTP][39m [37m<-- POST /wd/hub/session/eb26c176-1a30-43d2-98bb-64ff97f5c556/elements [39m[32m200[39m [90m89 ms - 12[39m
[35m[HTTP][39m [90m[39m
[35m[HTTP][39m [37m-->[39m [37mPOST[39m [37m/wd/hub/session/eb26c176-1a30-43d2-98bb-64ff97f5c556/elements[39m
[35m[HTTP][39m [90m{"using":"xpath","value":"//*[@class = 'android.widget.TextView' and (@text = 'Set Up\nAuto Billing' or . = 'Set Up\nAuto Billing')]"}[39m
[35m[HTTP][39m [37m<-- POST /wd/hub/session/eb26c176-1a30-43d2-98bb-64ff97f5c556/elements [39m[32m200[39m [90m81 ms - 12[39m
[35m[HTTP][39m [90m[39m
[35m[HTTP][39m [37m-->[39m [37mPOST[39m [37m/wd/hub/session/eb26c176-1a30-43d2-98bb-64ff97f5c556/elements[39m
[35m[HTTP][39m [90m{"using":"xpath","value":"//*[@class = 'android.widget.TextView' and (@text = 'Set Up\nAuto Billing' or . = 'Set Up\nAuto Billing')]"}[39m
[35m[HTTP][39m [37m<-- POST /wd/hub/session/eb26c176-1a30-43d2-98bb-64ff97f5c556/elements [39m[32m200[39m [90m84 ms - 12[39m
[35m[HTTP][39m [90m[39m
[35m[HTTP][39m [37m-->[39m [37mPOST[39m [37m/wd/hub/session/eb26c176-1a30-43d2-98bb-64ff97f5c556/elements[39m
[35m[HTTP][39m [90m{"using":"xpath","value":"//*[@class = 'android.widget.TextView' and (@text = 'Set Up\nAuto Billing' or . = 'Set Up\nAuto Billing')]"}[39m
[35m[HTTP][39m [37m<-- POST /wd/hub/session/eb26c176-1a30-43d2-98bb-64ff97f5c556/elements [39m[32m200[39m [90m78 ms - 12[39m
[35m[HTTP][39m [90m[39m
[35m[HTTP][39m [37m-->[39m [37mPOST[39m [37m/wd/hub/session/eb26c176-1a30-43d2-98bb-64ff97f5c556/elements[39m
[35m[HTTP][39m [90m{"using":"xpath","value":"//*[@class = 'android.widget.TextView' and (@text = 'Set Up\nAuto Billing' or . = 'Set Up\nAuto Billing')]"}[39m
[35m[HTTP][39m [37m<-- POST /wd/hub/session/eb26c176-1a30-43d2-98bb-64ff97f5c556/elements [39m[32m200[39m [90m81 ms - 12[39m
[35m[HTTP][39m [90m[39m
[35m[HTTP][39m [37m-->[39m [37mPOST[39m [37m/wd/hub/session/eb26c176-1a30-43d2-98bb-64ff97f5c556/elements[39m
[35m[HTTP][39m [90m{"using":"xpath","value":"//*[@class = 'android.widget.TextView' and (@text = 'Set Up\nAuto Billing' or . = 'Set Up\nAuto Billing')]"}[39m
[35m[HTTP][39m [37m<-- POST /wd/hub/session/eb26c176-1a30-43d2-98bb-64ff97f5c556/elements [39m[32m200[39m [90m89 ms - 12[39m
[35m[HTTP][39m [90m[39m
[35m[HTTP][39m [37m-->[39m [37mPOST[39m [37m/wd/hub/session/eb26c176-1a30-43d2-98bb-64ff97f5c556/elements[39m
[35m[HTTP][39m [90m{"using":"xpath","value":"//*[@class = 'android.widget.TextView' and (@text = 'Set Up\nAuto Billing' or . = 'Set Up\nAuto Billing')]"}[39m
[35m[HTTP][39m [37m<-- POST /wd/hub/session/eb26c176-1a30-43d2-98bb-64ff97f5c556/elements [39m[32m200[39m [90m69 ms - 12[39m
[35m[HTTP][39m [90m[39m
[35m[HTTP][39m [37m-->[39m [37mPOST[39m [37m/wd/hub/session/eb26c176-1a30-43d2-98bb-64ff97f5c556/elements[39m
[35m[HTTP][39m [90m{"using":"xpath","value":"//*[@class = 'android.widget.TextView' and (@text = 'Set Up\nAuto Billing' or . = 'Set Up\nAuto Billing')]"}[39m
[35m[HTTP][39m [37m<-- POST /wd/hub/session/eb26c176-1a30-43d2-98bb-64ff97f5c556/elements [39m[32m200[39m [90m81 ms - 12[39m
[35m[HTTP][39m [90m[39m
[35m[HTTP][39m [37m-->[39m [37mPOST[39m [37m/wd/hub/session/eb26c176-1a30-43d2-98bb-64ff97f5c556/elements[39m
[35m[HTTP][39m [90m{"using":"xpath","value":"//*[@class = 'android.widget.TextView' and (@text = 'Set Up\nAuto Billing' or . = 'Set Up\nAuto Billing')]"}[39m
[35m[HTTP][39m [37m<-- POST /wd/hub/session/eb26c176-1a30-43d2-98bb-64ff97f5c556/elements [39m[32m200[39m [90m88 ms - 12[39m
[35m[HTTP][39m [90m[39m
[35m[HTTP][39m [37m-->[39m [37mPOST[39m [37m/wd/hub/session/eb26c176-1a30-43d2-98bb-64ff97f5c556/elements[39m
[35m[HTTP][39m [90m{"using":"xpath","value":"//*[@class = 'android.widget.TextView' and (@text = 'Set Up\nAuto Billing' or . = 'Set Up\nAuto Billing')]"}[39m
[35m[HTTP][39m [37m<-- POST /wd/hub/session/eb26c176-1a30-43d2-98bb-64ff97f5c556/elements [39m[32m200[39m [90m73 ms - 12[39m
[35m[HTTP][39m [90m[39m
[35m[HTTP][39m [37m-->[39m [37mPOST[39m [37m/wd/hub/session/eb26c176-1a30-43d2-98bb-64ff97f5c556/elements[39m
[35m[HTTP][39m [90m{"using":"xpath","value":"//*[@class = 'android.widget.TextView' and (@text = 'Set Up\nAuto Billing' or . = 'Set Up\nAuto Billing')]"}[39m
[35m[HTTP][39m [37m<-- POST /wd/hub/session/eb26c176-1a30-43d2-98bb-64ff97f5c556/elements [39m[32m200[39m [90m80 ms - 12[39m
[35m[HTTP][39m [90m[39m
[35m[HTTP][39m [37m-->[39m [37mPOST[39m [37m/wd/hub/session/eb26c176-1a30-43d2-98bb-64ff97f5c556/elements[39m
[35m[HTTP][39m [90m{"using":"xpath","value":"//*[@class = 'android.widget.TextView' and (@text = 'Set Up\nAuto Billing' or . = 'Set Up\nAuto Billing')]"}[39m
[35m[HTTP][39m [37m<-- POST /wd/hub/session/eb26c176-1a30-43d2-98bb-64ff97f5c556/elements [39m[32m200[39m [90m87 ms - 12[39m
[35m[HTTP][39m [90m[39m
[35m[HTTP][39m [37m-->[39m [37mPOST[39m [37m/wd/hub/session/eb26c176-1a30-43d2-98bb-64ff97f5c556/elements[39m
[35m[HTTP][39m [90m{"using":"xpath","value":"//*[@class = 'android.widget.TextView' and (@text = 'Set Up\nAuto Billing' or . = 'Set Up\nAuto Billing')]"}[39m
[35m[HTTP][39m [37m<-- POST /wd/hub/session/eb26c176-1a30-43d2-98bb-64ff97f5c556/elements [39m[32m200[39m [90m74 ms - 12[39m
[35m[HTTP][39m [90m[39m
[35m[HTTP][39m [37m-->[39m [37mPOST[39m [37m/wd/hub/session/eb26c176-1a30-43d2-98bb-64ff97f5c556/elements[39m
[35m[HTTP][39m [90m{"using":"xpath","value":"//*[@class = 'android.widget.TextView' and (@text = 'Set Up\nAuto Billing' or . = 'Set Up\nAuto Billing')]"}[39m
[35m[HTTP][39m [37m<-- POST /wd/hub/session/eb26c176-1a30-43d2-98bb-64ff97f5c556/elements [39m[32m200[39m [90m81 ms - 12[39m
[35m[HTTP][39m [90m[39m
[35m[HTTP][39m [37m-->[39m [37mPOST[39m [37m/wd/hub/session/eb26c176-1a30-43d2-98bb-64ff97f5c556/elements[39m
[35m[HTTP][39m [90m{"using":"xpath","value":"//*[@class = 'android.widget.TextView' and (@text = 'Set Up\nAuto Billing' or . = 'Set Up\nAuto Billing')]"}[39m
[35m[HTTP][39m [37m<-- POST /wd/hub/session/eb26c176-1a30-43d2-98bb-64ff97f5c556/elements [39m[32m200[39m [90m92 ms - 12[39m
[35m[HTTP][39m [90m[39m
[35m[HTTP][39m [37m-->[39m [37mPOST[39m [37m/wd/hub/session/eb26c176-1a30-43d2-98bb-64ff97f5c556/elements[39m
[35m[HTTP][39m [90m{"using":"xpath","value":"//*[@class = 'android.widget.TextView' and (@text = 'Set Up\nAuto Billing' or . = 'Set Up\nAuto Billing')]"}[39m
[35m[HTTP][39m [37m<-- POST /wd/hub/session/eb26c176-1a30-43d2-98bb-64ff97f5c556/elements [39m[32m200[39m [90m81 ms - 12[39m
[35m[HTTP][39m [90m[39m
[35m[HTTP][39m [37m-->[39m [37mPOST[39m [37m/wd/hub/session/eb26c176-1a30-43d2-98bb-64ff97f5c556/elements[39m
[35m[HTTP][39m [90m{"using":"xpath","value":"//*[@class = 'android.widget.TextView' and (@text = 'Set Up\nAuto Billing' or . = 'Set Up\nAuto Billing')]"}[39m
[35m[HTTP][39m [37m<-- POST /wd/hub/session/eb26c176-1a30-43d2-98bb-64ff97f5c556/elements [39m[32m200[39m [90m92 ms - 12[39m
[35m[HTTP][39m [90m[39m
[35m[HTTP][39m [37m-->[39m [37mPOST[39m [37m/wd/hub/session/eb26c176-1a30-43d2-98bb-64ff97f5c556/timeouts[39m
[35m[HTTP][39m [90m{"implicit":10000}[39m
[35m[HTTP][39m [37m<-- POST /wd/hub/session/eb26c176-1a30-43d2-98bb-64ff97f5c556/timeouts [39m[32m200[39m [90m1 ms - 14[39m
[35m[HTTP][39m [90m[39m
[35m[HTTP][39m [37m-->[39m [37mDELETE[39m [37m/wd/hub/session/eb26c176-1a30-43d2-98bb-64ff97f5c556[39m
[35m[HTTP][39m [90m{}[39m
[35m[Appium][39m Removing session eb26c176-1a30-43d2-98bb-64ff97f5c556 from our master session list
[35m[UiAutomator2][39m Restoring hidden api policy to the device default configuration
[35m[HTTP][39m [37m<-- DELETE /wd/hub/session/eb26c176-1a30-43d2-98bb-64ff97f5c556 [39m[32m200[39m [90m515 ms - 14[39m
[35m[HTTP][39m [90m[39m
